<?xml version="1.0" encoding="UTF-8"?>
<testsuite name="com.sprint.naukri.CandidateServiceTest" tests="27" skipped="0" failures="0" errors="0" timestamp="2022-11-10T08:22:33" hostname="YASH" time="1.748">
  <properties/>
  <testcase name="findByIdTestFailed()" classname="com.sprint.naukri.CandidateServiceTest" time="0.757"/>
  <testcase name="checkIfAlreadySelectedByEmployerTestfailed()" classname="com.sprint.naukri.CandidateServiceTest" time="0.054"/>
  <testcase name="getAllCandidatesByQualificationfalied()" classname="com.sprint.naukri.CandidateServiceTest" time="0.092"/>
  <testcase name="getAllCandidatesByExperienceTest()" classname="com.sprint.naukri.CandidateServiceTest" time="0.046"/>
  <testcase name="deleteAllTest()" classname="com.sprint.naukri.CandidateServiceTest" time="0.037"/>
  <testcase name="deletebyidfailed()" classname="com.sprint.naukri.CandidateServiceTest" time="0.048"/>
  <testcase name="updateProfileTest()" classname="com.sprint.naukri.CandidateServiceTest" time="0.045"/>
  <testcase name="getAllCandidatesByQualification()" classname="com.sprint.naukri.CandidateServiceTest" time="0.034"/>
  <testcase name="getAllCandidatesBySkillSetTestFailed2()" classname="com.sprint.naukri.CandidateServiceTest" time="0.023"/>
  <testcase name="getAllCandidatesFailed()" classname="com.sprint.naukri.CandidateServiceTest" time="0.015"/>
  <testcase name="removeProjectByProjectIdTestFailed()" classname="com.sprint.naukri.CandidateServiceTest" time="0.048"/>
  <testcase name="getAllCandidatesBySkillSetTestFailed()" classname="com.sprint.naukri.CandidateServiceTest" time="0.023"/>
  <testcase name="checkIfAlreadySelectedByEmployerTestfailed2()" classname="com.sprint.naukri.CandidateServiceTest" time="0.032"/>
  <testcase name="getAllCandidatesByExperienceTestfailed()" classname="com.sprint.naukri.CandidateServiceTest" time="0.012"/>
  <testcase name="addProfileTestForCoverage()" classname="com.sprint.naukri.CandidateServiceTest" time="0.03"/>
  <testcase name="provideCandidateFeedbackTestfailed2()" classname="com.sprint.naukri.CandidateServiceTest" time="0.076"/>
  <testcase name="getallCandidates()" classname="com.sprint.naukri.CandidateServiceTest" time="0.03"/>
  <testcase name="addProfileTest()" classname="com.sprint.naukri.CandidateServiceTest" time="0.031"/>
  <testcase name="addProfileTestfailed()" classname="com.sprint.naukri.CandidateServiceTest" time="0.02"/>
  <testcase name="getAllCandidates()" classname="com.sprint.naukri.CandidateServiceTest" time="0.029"/>
  <testcase name="findByIdTest()" classname="com.sprint.naukri.CandidateServiceTest" time="0.031"/>
  <testcase name="checkIfAlreadySelectedByEmployerTest()" classname="com.sprint.naukri.CandidateServiceTest" time="0.029"/>
  <testcase name="removeProjectByProjectIdTest()" classname="com.sprint.naukri.CandidateServiceTest" time="0.054"/>
  <testcase name="updateProfileTestFailed2()" classname="com.sprint.naukri.CandidateServiceTest" time="0.037"/>
  <testcase name="updateProfileTestFailed()" classname="com.sprint.naukri.CandidateServiceTest" time="0.021"/>
  <testcase name="deletebyid()" classname="com.sprint.naukri.CandidateServiceTest" time="0.026"/>
  <testcase name="getAllCandidatesBySkillSetTest()" classname="com.sprint.naukri.CandidateServiceTest" time="0.019"/>
  <system-out><![CDATA[13:52:21.167 [Test worker] DEBUG org.springframework.test.context.BootstrapUtils - Instantiating CacheAwareContextLoaderDelegate from class [org.springframework.test.context.cache.DefaultCacheAwareContextLoaderDelegate]
13:52:21.200 [Test worker] DEBUG org.springframework.test.context.BootstrapUtils - Instantiating BootstrapContext using constructor [public org.springframework.test.context.support.DefaultBootstrapContext(java.lang.Class,org.springframework.test.context.CacheAwareContextLoaderDelegate)]
13:52:21.268 [Test worker] DEBUG org.springframework.test.context.BootstrapUtils - Instantiating TestContextBootstrapper for test class [com.sprint.naukri.CandidateServiceTest] from class [org.springframework.boot.test.context.SpringBootTestContextBootstrapper]
13:52:21.287 [Test worker] INFO org.springframework.boot.test.context.SpringBootTestContextBootstrapper - Neither @ContextConfiguration nor @ContextHierarchy found for test class [com.sprint.naukri.CandidateServiceTest], using SpringBootContextLoader
13:52:21.296 [Test worker] DEBUG org.springframework.test.context.support.AbstractContextLoader - Did not detect default resource location for test class [com.sprint.naukri.CandidateServiceTest]: class path resource [com/sprint/naukri/CandidateServiceTest-context.xml] does not exist
13:52:21.296 [Test worker] DEBUG org.springframework.test.context.support.AbstractContextLoader - Did not detect default resource location for test class [com.sprint.naukri.CandidateServiceTest]: class path resource [com/sprint/naukri/CandidateServiceTestContext.groovy] does not exist
13:52:21.296 [Test worker] INFO org.springframework.test.context.support.AbstractContextLoader - Could not detect default resource locations for test class [com.sprint.naukri.CandidateServiceTest]: no resource found for suffixes {-context.xml, Context.groovy}.
13:52:21.297 [Test worker] INFO org.springframework.test.context.support.AnnotationConfigContextLoaderUtils - Could not detect default configuration classes for test class [com.sprint.naukri.CandidateServiceTest]: CandidateServiceTest does not declare any static, non-private, non-final, nested classes annotated with @Configuration.
13:52:21.383 [Test worker] DEBUG org.springframework.test.context.support.ActiveProfilesUtils - Could not find an 'annotation declaring class' for annotation type [org.springframework.test.context.ActiveProfiles] and class [com.sprint.naukri.CandidateServiceTest]
13:52:21.532 [Test worker] DEBUG org.springframework.context.annotation.ClassPathScanningCandidateComponentProvider - Identified candidate component class: file [D:\Java practice\SpringBoot\final\naukri\build\classes\java\main\com\sprint\naukri\NaukriApplication.class]
13:52:21.534 [Test worker] INFO org.springframework.boot.test.context.SpringBootTestContextBootstrapper - Found @SpringBootConfiguration com.sprint.naukri.NaukriApplication for test class com.sprint.naukri.CandidateServiceTest
13:52:21.719 [Test worker] DEBUG org.springframework.boot.test.context.SpringBootTestContextBootstrapper - @TestExecutionListeners is not present for class [com.sprint.naukri.CandidateServiceTest]: using defaults.
13:52:21.720 [Test worker] INFO org.springframework.boot.test.context.SpringBootTestContextBootstrapper - Loaded default TestExecutionListener class names from location [META-INF/spring.factories]: [org.springframework.security.test.context.support.WithSecurityContextTestExecutionListener, org.springframework.security.test.context.support.ReactorContextTestExecutionListener, org.springframework.boot.test.autoconfigure.restdocs.RestDocsTestExecutionListener, org.springframework.boot.test.autoconfigure.web.client.MockRestServiceServerResetTestExecutionListener, org.springframework.boot.test.autoconfigure.web.servlet.MockMvcPrintOnlyOnFailureTestExecutionListener, org.springframework.boot.test.autoconfigure.web.servlet.WebDriverTestExecutionListener, org.springframework.boot.test.autoconfigure.webservices.client.MockWebServiceServerTestExecutionListener, org.springframework.boot.test.mock.mockito.MockitoTestExecutionListener, org.springframework.boot.test.mock.mockito.ResetMocksTestExecutionListener, org.springframework.test.context.web.ServletTestExecutionListener, org.springframework.test.context.support.DirtiesContextBeforeModesTestExecutionListener, org.springframework.test.context.event.ApplicationEventsTestExecutionListener, org.springframework.test.context.support.DependencyInjectionTestExecutionListener, org.springframework.test.context.support.DirtiesContextTestExecutionListener, org.springframework.test.context.transaction.TransactionalTestExecutionListener, org.springframework.test.context.jdbc.SqlScriptsTestExecutionListener, org.springframework.test.context.event.EventPublishingTestExecutionListener]
13:52:21.754 [Test worker] INFO org.springframework.boot.test.context.SpringBootTestContextBootstrapper - Using TestExecutionListeners: [org.springframework.test.context.web.ServletTestExecutionListener@1b7f06c7, org.springframework.test.context.support.DirtiesContextBeforeModesTestExecutionListener@151732fb, org.springframework.test.context.event.ApplicationEventsTestExecutionListener@729c8063, org.springframework.boot.test.mock.mockito.MockitoTestExecutionListener@40ed1802, org.springframework.boot.test.autoconfigure.SpringBootDependencyInjectionTestExecutionListener@23c767e6, org.springframework.test.context.support.DirtiesContextTestExecutionListener@feb098f, org.springframework.test.context.transaction.TransactionalTestExecutionListener@19e21f89, org.springframework.test.context.jdbc.SqlScriptsTestExecutionListener@31e739bf, org.springframework.security.test.context.support.WithSecurityContextTestExecutionListener@29079032, org.springframework.test.context.event.EventPublishingTestExecutionListener@7e7743ec, org.springframework.security.test.context.support.ReactorContextTestExecutionListener@776015fc, org.springframework.boot.test.autoconfigure.restdocs.RestDocsTestExecutionListener@7f42e06e, org.springframework.boot.test.autoconfigure.web.client.MockRestServiceServerResetTestExecutionListener@6ad179b4, org.springframework.boot.test.autoconfigure.web.servlet.MockMvcPrintOnlyOnFailureTestExecutionListener@2efd2f21, org.springframework.boot.test.autoconfigure.web.servlet.WebDriverTestExecutionListener@59c500f7, org.springframework.boot.test.autoconfigure.webservices.client.MockWebServiceServerTestExecutionListener@316cda31, org.springframework.boot.test.mock.mockito.ResetMocksTestExecutionListener@50110971]
13:52:21.760 [Test worker] DEBUG org.springframework.test.context.support.AbstractDirtiesContextTestExecutionListener - Before test class: context [DefaultTestContext@68b11545 testClass = CandidateServiceTest, testInstance = [null], testMethod = [null], testException = [null], mergedContextConfiguration = [WebMergedContextConfiguration@7d0100ea testClass = CandidateServiceTest, locations = '{}', classes = '{class com.sprint.naukri.NaukriApplication}', contextInitializerClasses = '[]', activeProfiles = '{}', propertySourceLocations = '{}', propertySourceProperties = '{org.springframework.boot.test.context.SpringBootTestContextBootstrapper=true}', contextCustomizers = set[org.springframework.boot.test.autoconfigure.actuate.metrics.MetricsExportContextCustomizerFactory$DisableMetricExportContextCustomizer@671d1157, org.springframework.boot.test.autoconfigure.properties.PropertyMappingContextCustomizer@0, org.springframework.boot.test.autoconfigure.web.servlet.WebDriverContextCustomizerFactory$Customizer@2370ac7a, org.springframework.boot.test.context.filter.ExcludeFilterContextCustomizer@31ddb930, org.springframework.boot.test.json.DuplicateJsonObjectContextCustomizerFactory$DuplicateJsonObjectContextCustomizer@4f9a6c2d, org.springframework.boot.test.mock.mockito.MockitoContextCustomizer@0, org.springframework.boot.test.web.client.TestRestTemplateContextCustomizer@363c4251, org.springframework.boot.test.context.SpringBootTestArgs@1, org.springframework.boot.test.context.SpringBootTestWebEnvironment@1761de10], resourceBasePath = 'src/main/webapp', contextLoader = 'org.springframework.boot.test.context.SpringBootContextLoader', parent = [null]], attributes = map['org.springframework.test.context.web.ServletTestExecutionListener.activateListener' -> true]], class annotated with @DirtiesContext [false] with mode [null].

  .   ____          _            __ _ _
 /\\ / ___'_ __ _ _(_)_ __  __ _ \ \ \ \
( ( )\___ | '_ | '_| | '_ \/ _` | \ \ \ \
 \\/  ___)| |_)| | | | | || (_| |  ) ) ) )
  '  |____| .__|_| |_|_| |_\__, | / / / /
 =========|_|==============|___/=/_/_/_/
 :: Spring Boot ::               (v2.6.12)

2022-11-10 13:52:22.229  INFO 9028 --- [    Test worker] com.sprint.naukri.CandidateServiceTest   : Starting CandidateServiceTest using Java 17.0.4.1 on Yash with PID 9028 (started by yashs in D:\Java practice\SpringBoot\final\naukri)
2022-11-10 13:52:22.233  INFO 9028 --- [    Test worker] com.sprint.naukri.CandidateServiceTest   : No active profile set, falling back to 1 default profile: "default"
2022-11-10 13:52:23.211  INFO 9028 --- [    Test worker] .s.d.r.c.RepositoryConfigurationDelegate : Bootstrapping Spring Data JPA repositories in DEFAULT mode.
2022-11-10 13:52:23.304  INFO 9028 --- [    Test worker] .s.d.r.c.RepositoryConfigurationDelegate : Finished Spring Data repository scanning in 79 ms. Found 6 JPA repository interfaces.
2022-11-10 13:52:24.753  INFO 9028 --- [    Test worker] o.hibernate.jpa.internal.util.LogHelper  : HHH000204: Processing PersistenceUnitInfo [name: default]
2022-11-10 13:52:24.831  INFO 9028 --- [    Test worker] org.hibernate.Version                    : HHH000412: Hibernate ORM core version 5.6.11.Final
2022-11-10 13:52:25.093  INFO 9028 --- [    Test worker] o.hibernate.annotations.common.Version   : HCANN000001: Hibernate Commons Annotations {5.1.2.Final}
2022-11-10 13:52:25.267  INFO 9028 --- [    Test worker] com.zaxxer.hikari.HikariDataSource       : HikariPool-1 - Starting...
2022-11-10 13:52:25.584  INFO 9028 --- [    Test worker] com.zaxxer.hikari.HikariDataSource       : HikariPool-1 - Start completed.
2022-11-10 13:52:25.625  INFO 9028 --- [    Test worker] org.hibernate.dialect.Dialect            : HHH000400: Using dialect: org.hibernate.dialect.PostgreSQLDialect
2022-11-10 13:52:27.078  INFO 9028 --- [    Test worker] o.h.e.t.j.p.i.JtaPlatformInitiator       : HHH000490: Using JtaPlatform implementation: [org.hibernate.engine.transaction.jta.platform.internal.NoJtaPlatform]
2022-11-10 13:52:27.088  INFO 9028 --- [    Test worker] j.LocalContainerEntityManagerFactoryBean : Initialized JPA EntityManagerFactory for persistence unit 'default'
2022-11-10 13:52:27.811  WARN 9028 --- [    Test worker] JpaBaseConfiguration$JpaWebConfiguration : spring.jpa.open-in-view is enabled by default. Therefore, database queries may be performed during view rendering. Explicitly configure spring.jpa.open-in-view to disable this warning
2022-11-10 13:52:29.767  INFO 9028 --- [    Test worker] o.s.s.web.DefaultSecurityFilterChain     : Will secure any request with [org.springframework.security.web.context.request.async.WebAsyncManagerIntegrationFilter@40fd532d, org.springframework.security.web.context.SecurityContextPersistenceFilter@3e4801c8, org.springframework.security.web.header.HeaderWriterFilter@1bd3701a, org.springframework.security.web.authentication.logout.LogoutFilter@286fcc09, com.helper.JwtFilter@4998e2fe, org.springframework.security.web.savedrequest.RequestCacheAwareFilter@69ec3204, org.springframework.security.web.servletapi.SecurityContextHolderAwareRequestFilter@ed5cad2, org.springframework.security.web.authentication.AnonymousAuthenticationFilter@2ae85f78, org.springframework.security.web.session.SessionManagementFilter@6ed7a56b, org.springframework.security.web.access.ExceptionTranslationFilter@4e8b84f, org.springframework.security.web.access.intercept.FilterSecurityInterceptor@3057effe]
2022-11-10 13:52:33.951  INFO 9028 --- [    Test worker] com.sprint.naukri.CandidateServiceTest   : Started CandidateServiceTest in 12.13 seconds (JVM running for 14.427)
2022-11-10 13:52:34.763  INFO 9028 --- [    Test worker] o.s.t.c.transaction.TransactionContext   : Began transaction (1) for test context [DefaultTestContext@68b11545 testClass = CandidateServiceTest, testInstance = com.sprint.naukri.CandidateServiceTest@271e60ca, testMethod = checkIfAlreadySelectedByEmployerTestfailed@CandidateServiceTest, testException = [null], mergedContextConfiguration = [WebMergedContextConfiguration@7d0100ea testClass = CandidateServiceTest, locations = '{}', classes = '{class com.sprint.naukri.NaukriApplication}', contextInitializerClasses = '[]', activeProfiles = '{}', propertySourceLocations = '{}', propertySourceProperties = '{org.springframework.boot.test.context.SpringBootTestContextBootstrapper=true}', contextCustomizers = set[org.springframework.boot.test.autoconfigure.actuate.metrics.MetricsExportContextCustomizerFactory$DisableMetricExportContextCustomizer@671d1157, org.springframework.boot.test.autoconfigure.properties.PropertyMappingContextCustomizer@0, org.springframework.boot.test.autoconfigure.web.servlet.WebDriverContextCustomizerFactory$Customizer@2370ac7a, org.springframework.boot.test.context.filter.ExcludeFilterContextCustomizer@31ddb930, org.springframework.boot.test.json.DuplicateJsonObjectContextCustomizerFactory$DuplicateJsonObjectContextCustomizer@4f9a6c2d, org.springframework.boot.test.mock.mockito.MockitoContextCustomizer@0, org.springframework.boot.test.web.client.TestRestTemplateContextCustomizer@363c4251, org.springframework.boot.test.context.SpringBootTestArgs@1, org.springframework.boot.test.context.SpringBootTestWebEnvironment@1761de10], resourceBasePath = 'src/main/webapp', contextLoader = 'org.springframework.boot.test.context.SpringBootContextLoader', parent = [null]], attributes = map['org.springframework.test.context.web.ServletTestExecutionListener.activateListener' -> true, 'org.springframework.test.context.web.ServletTestExecutionListener.populatedRequestContextHolder' -> true, 'org.springframework.test.context.web.ServletTestExecutionListener.resetRequestContextHolder' -> true, 'org.springframework.test.context.event.ApplicationEventsTestExecutionListener.recordApplicationEvents' -> false]]; transaction manager [org.springframework.orm.jpa.JpaTransactionManager@1e22c706]; rollback [true]
2022-11-10 13:52:34.808  INFO 9028 --- [    Test worker] o.s.t.c.transaction.TransactionContext   : Rolled back transaction for test: [DefaultTestContext@68b11545 testClass = CandidateServiceTest, testInstance = com.sprint.naukri.CandidateServiceTest@271e60ca, testMethod = checkIfAlreadySelectedByEmployerTestfailed@CandidateServiceTest, testException = [null], mergedContextConfiguration = [WebMergedContextConfiguration@7d0100ea testClass = CandidateServiceTest, locations = '{}', classes = '{class com.sprint.naukri.NaukriApplication}', contextInitializerClasses = '[]', activeProfiles = '{}', propertySourceLocations = '{}', propertySourceProperties = '{org.springframework.boot.test.context.SpringBootTestContextBootstrapper=true}', contextCustomizers = set[org.springframework.boot.test.autoconfigure.actuate.metrics.MetricsExportContextCustomizerFactory$DisableMetricExportContextCustomizer@671d1157, org.springframework.boot.test.autoconfigure.properties.PropertyMappingContextCustomizer@0, org.springframework.boot.test.autoconfigure.web.servlet.WebDriverContextCustomizerFactory$Customizer@2370ac7a, org.springframework.boot.test.context.filter.ExcludeFilterContextCustomizer@31ddb930, org.springframework.boot.test.json.DuplicateJsonObjectContextCustomizerFactory$DuplicateJsonObjectContextCustomizer@4f9a6c2d, org.springframework.boot.test.mock.mockito.MockitoContextCustomizer@0, org.springframework.boot.test.web.client.TestRestTemplateContextCustomizer@363c4251, org.springframework.boot.test.context.SpringBootTestArgs@1, org.springframework.boot.test.context.SpringBootTestWebEnvironment@1761de10], resourceBasePath = 'src/main/webapp', contextLoader = 'org.springframework.boot.test.context.SpringBootContextLoader', parent = [null]], attributes = map['org.springframework.test.context.web.ServletTestExecutionListener.activateListener' -> true, 'org.springframework.test.context.web.ServletTestExecutionListener.populatedRequestContextHolder' -> true, 'org.springframework.test.context.web.ServletTestExecutionListener.resetRequestContextHolder' -> true, 'org.springframework.test.context.event.ApplicationEventsTestExecutionListener.recordApplicationEvents' -> false]]
2022-11-10 13:52:35.044  INFO 9028 --- [    Test worker] o.s.t.c.transaction.TransactionContext   : Began transaction (1) for test context [DefaultTestContext@68b11545 testClass = CandidateServiceTest, testInstance = com.sprint.naukri.CandidateServiceTest@7f5d0d78, testMethod = updateProfileTest@CandidateServiceTest, testException = [null], mergedContextConfiguration = [WebMergedContextConfiguration@7d0100ea testClass = CandidateServiceTest, locations = '{}', classes = '{class com.sprint.naukri.NaukriApplication}', contextInitializerClasses = '[]', activeProfiles = '{}', propertySourceLocations = '{}', propertySourceProperties = '{org.springframework.boot.test.context.SpringBootTestContextBootstrapper=true}', contextCustomizers = set[org.springframework.boot.test.autoconfigure.actuate.metrics.MetricsExportContextCustomizerFactory$DisableMetricExportContextCustomizer@671d1157, org.springframework.boot.test.autoconfigure.properties.PropertyMappingContextCustomizer@0, org.springframework.boot.test.autoconfigure.web.servlet.WebDriverContextCustomizerFactory$Customizer@2370ac7a, org.springframework.boot.test.context.filter.ExcludeFilterContextCustomizer@31ddb930, org.springframework.boot.test.json.DuplicateJsonObjectContextCustomizerFactory$DuplicateJsonObjectContextCustomizer@4f9a6c2d, org.springframework.boot.test.mock.mockito.MockitoContextCustomizer@0, org.springframework.boot.test.web.client.TestRestTemplateContextCustomizer@363c4251, org.springframework.boot.test.context.SpringBootTestArgs@1, org.springframework.boot.test.context.SpringBootTestWebEnvironment@1761de10], resourceBasePath = 'src/main/webapp', contextLoader = 'org.springframework.boot.test.context.SpringBootContextLoader', parent = [null]], attributes = map['org.springframework.test.context.web.ServletTestExecutionListener.activateListener' -> true, 'org.springframework.test.context.web.ServletTestExecutionListener.populatedRequestContextHolder' -> true, 'org.springframework.test.context.web.ServletTestExecutionListener.resetRequestContextHolder' -> true, 'org.springframework.test.context.event.ApplicationEventsTestExecutionListener.recordApplicationEvents' -> false]]; transaction manager [org.springframework.orm.jpa.JpaTransactionManager@1e22c706]; rollback [true]
2022-11-10 13:52:35.087  INFO 9028 --- [    Test worker] o.s.t.c.transaction.TransactionContext   : Rolled back transaction for test: [DefaultTestContext@68b11545 testClass = CandidateServiceTest, testInstance = com.sprint.naukri.CandidateServiceTest@7f5d0d78, testMethod = updateProfileTest@CandidateServiceTest, testException = [null], mergedContextConfiguration = [WebMergedContextConfiguration@7d0100ea testClass = CandidateServiceTest, locations = '{}', classes = '{class com.sprint.naukri.NaukriApplication}', contextInitializerClasses = '[]', activeProfiles = '{}', propertySourceLocations = '{}', propertySourceProperties = '{org.springframework.boot.test.context.SpringBootTestContextBootstrapper=true}', contextCustomizers = set[org.springframework.boot.test.autoconfigure.actuate.metrics.MetricsExportContextCustomizerFactory$DisableMetricExportContextCustomizer@671d1157, org.springframework.boot.test.autoconfigure.properties.PropertyMappingContextCustomizer@0, org.springframework.boot.test.autoconfigure.web.servlet.WebDriverContextCustomizerFactory$Customizer@2370ac7a, org.springframework.boot.test.context.filter.ExcludeFilterContextCustomizer@31ddb930, org.springframework.boot.test.json.DuplicateJsonObjectContextCustomizerFactory$DuplicateJsonObjectContextCustomizer@4f9a6c2d, org.springframework.boot.test.mock.mockito.MockitoContextCustomizer@0, org.springframework.boot.test.web.client.TestRestTemplateContextCustomizer@363c4251, org.springframework.boot.test.context.SpringBootTestArgs@1, org.springframework.boot.test.context.SpringBootTestWebEnvironment@1761de10], resourceBasePath = 'src/main/webapp', contextLoader = 'org.springframework.boot.test.context.SpringBootContextLoader', parent = [null]], attributes = map['org.springframework.test.context.web.ServletTestExecutionListener.activateListener' -> true, 'org.springframework.test.context.web.ServletTestExecutionListener.populatedRequestContextHolder' -> true, 'org.springframework.test.context.web.ServletTestExecutionListener.resetRequestContextHolder' -> true, 'org.springframework.test.context.event.ApplicationEventsTestExecutionListener.recordApplicationEvents' -> false]]
2022-11-10 13:52:35.127  INFO 9028 --- [    Test worker] o.s.t.c.transaction.TransactionContext   : Began transaction (1) for test context [DefaultTestContext@68b11545 testClass = CandidateServiceTest, testInstance = com.sprint.naukri.CandidateServiceTest@2cb7e8fa, testMethod = getAllCandidatesBySkillSetTestFailed2@CandidateServiceTest, testException = [null], mergedContextConfiguration = [WebMergedContextConfiguration@7d0100ea testClass = CandidateServiceTest, locations = '{}', classes = '{class com.sprint.naukri.NaukriApplication}', contextInitializerClasses = '[]', activeProfiles = '{}', propertySourceLocations = '{}', propertySourceProperties = '{org.springframework.boot.test.context.SpringBootTestContextBootstrapper=true}', contextCustomizers = set[org.springframework.boot.test.autoconfigure.actuate.metrics.MetricsExportContextCustomizerFactory$DisableMetricExportContextCustomizer@671d1157, org.springframework.boot.test.autoconfigure.properties.PropertyMappingContextCustomizer@0, org.springframework.boot.test.autoconfigure.web.servlet.WebDriverContextCustomizerFactory$Customizer@2370ac7a, org.springframework.boot.test.context.filter.ExcludeFilterContextCustomizer@31ddb930, org.springframework.boot.test.json.DuplicateJsonObjectContextCustomizerFactory$DuplicateJsonObjectContextCustomizer@4f9a6c2d, org.springframework.boot.test.mock.mockito.MockitoContextCustomizer@0, org.springframework.boot.test.web.client.TestRestTemplateContextCustomizer@363c4251, org.springframework.boot.test.context.SpringBootTestArgs@1, org.springframework.boot.test.context.SpringBootTestWebEnvironment@1761de10], resourceBasePath = 'src/main/webapp', contextLoader = 'org.springframework.boot.test.context.SpringBootContextLoader', parent = [null]], attributes = map['org.springframework.test.context.web.ServletTestExecutionListener.activateListener' -> true, 'org.springframework.test.context.web.ServletTestExecutionListener.populatedRequestContextHolder' -> true, 'org.springframework.test.context.web.ServletTestExecutionListener.resetRequestContextHolder' -> true, 'org.springframework.test.context.event.ApplicationEventsTestExecutionListener.recordApplicationEvents' -> false]]; transaction manager [org.springframework.orm.jpa.JpaTransactionManager@1e22c706]; rollback [true]
2022-11-10 13:52:35.147  INFO 9028 --- [    Test worker] o.s.t.c.transaction.TransactionContext   : Rolled back transaction for test: [DefaultTestContext@68b11545 testClass = CandidateServiceTest, testInstance = com.sprint.naukri.CandidateServiceTest@2cb7e8fa, testMethod = getAllCandidatesBySkillSetTestFailed2@CandidateServiceTest, testException = [null], mergedContextConfiguration = [WebMergedContextConfiguration@7d0100ea testClass = CandidateServiceTest, locations = '{}', classes = '{class com.sprint.naukri.NaukriApplication}', contextInitializerClasses = '[]', activeProfiles = '{}', propertySourceLocations = '{}', propertySourceProperties = '{org.springframework.boot.test.context.SpringBootTestContextBootstrapper=true}', contextCustomizers = set[org.springframework.boot.test.autoconfigure.actuate.metrics.MetricsExportContextCustomizerFactory$DisableMetricExportContextCustomizer@671d1157, org.springframework.boot.test.autoconfigure.properties.PropertyMappingContextCustomizer@0, org.springframework.boot.test.autoconfigure.web.servlet.WebDriverContextCustomizerFactory$Customizer@2370ac7a, org.springframework.boot.test.context.filter.ExcludeFilterContextCustomizer@31ddb930, org.springframework.boot.test.json.DuplicateJsonObjectContextCustomizerFactory$DuplicateJsonObjectContextCustomizer@4f9a6c2d, org.springframework.boot.test.mock.mockito.MockitoContextCustomizer@0, org.springframework.boot.test.web.client.TestRestTemplateContextCustomizer@363c4251, org.springframework.boot.test.context.SpringBootTestArgs@1, org.springframework.boot.test.context.SpringBootTestWebEnvironment@1761de10], resourceBasePath = 'src/main/webapp', contextLoader = 'org.springframework.boot.test.context.SpringBootContextLoader', parent = [null]], attributes = map['org.springframework.test.context.web.ServletTestExecutionListener.activateListener' -> true, 'org.springframework.test.context.web.ServletTestExecutionListener.populatedRequestContextHolder' -> true, 'org.springframework.test.context.web.ServletTestExecutionListener.resetRequestContextHolder' -> true, 'org.springframework.test.context.event.ApplicationEventsTestExecutionListener.recordApplicationEvents' -> false]]
2022-11-10 13:52:35.217  INFO 9028 --- [    Test worker] o.s.t.c.transaction.TransactionContext   : Began transaction (1) for test context [DefaultTestContext@68b11545 testClass = CandidateServiceTest, testInstance = com.sprint.naukri.CandidateServiceTest@12d5fe14, testMethod = getAllCandidatesBySkillSetTestFailed@CandidateServiceTest, testException = [null], mergedContextConfiguration = [WebMergedContextConfiguration@7d0100ea testClass = CandidateServiceTest, locations = '{}', classes = '{class com.sprint.naukri.NaukriApplication}', contextInitializerClasses = '[]', activeProfiles = '{}', propertySourceLocations = '{}', propertySourceProperties = '{org.springframework.boot.test.context.SpringBootTestContextBootstrapper=true}', contextCustomizers = set[org.springframework.boot.test.autoconfigure.actuate.metrics.MetricsExportContextCustomizerFactory$DisableMetricExportContextCustomizer@671d1157, org.springframework.boot.test.autoconfigure.properties.PropertyMappingContextCustomizer@0, org.springframework.boot.test.autoconfigure.web.servlet.WebDriverContextCustomizerFactory$Customizer@2370ac7a, org.springframework.boot.test.context.filter.ExcludeFilterContextCustomizer@31ddb930, org.springframework.boot.test.json.DuplicateJsonObjectContextCustomizerFactory$DuplicateJsonObjectContextCustomizer@4f9a6c2d, org.springframework.boot.test.mock.mockito.MockitoContextCustomizer@0, org.springframework.boot.test.web.client.TestRestTemplateContextCustomizer@363c4251, org.springframework.boot.test.context.SpringBootTestArgs@1, org.springframework.boot.test.context.SpringBootTestWebEnvironment@1761de10], resourceBasePath = 'src/main/webapp', contextLoader = 'org.springframework.boot.test.context.SpringBootContextLoader', parent = [null]], attributes = map['org.springframework.test.context.web.ServletTestExecutionListener.activateListener' -> true, 'org.springframework.test.context.web.ServletTestExecutionListener.populatedRequestContextHolder' -> true, 'org.springframework.test.context.web.ServletTestExecutionListener.resetRequestContextHolder' -> true, 'org.springframework.test.context.event.ApplicationEventsTestExecutionListener.recordApplicationEvents' -> false]]; transaction manager [org.springframework.orm.jpa.JpaTransactionManager@1e22c706]; rollback [true]
2022-11-10 13:52:35.238  INFO 9028 --- [    Test worker] o.s.t.c.transaction.TransactionContext   : Rolled back transaction for test: [DefaultTestContext@68b11545 testClass = CandidateServiceTest, testInstance = com.sprint.naukri.CandidateServiceTest@12d5fe14, testMethod = getAllCandidatesBySkillSetTestFailed@CandidateServiceTest, testException = [null], mergedContextConfiguration = [WebMergedContextConfiguration@7d0100ea testClass = CandidateServiceTest, locations = '{}', classes = '{class com.sprint.naukri.NaukriApplication}', contextInitializerClasses = '[]', activeProfiles = '{}', propertySourceLocations = '{}', propertySourceProperties = '{org.springframework.boot.test.context.SpringBootTestContextBootstrapper=true}', contextCustomizers = set[org.springframework.boot.test.autoconfigure.actuate.metrics.MetricsExportContextCustomizerFactory$DisableMetricExportContextCustomizer@671d1157, org.springframework.boot.test.autoconfigure.properties.PropertyMappingContextCustomizer@0, org.springframework.boot.test.autoconfigure.web.servlet.WebDriverContextCustomizerFactory$Customizer@2370ac7a, org.springframework.boot.test.context.filter.ExcludeFilterContextCustomizer@31ddb930, org.springframework.boot.test.json.DuplicateJsonObjectContextCustomizerFactory$DuplicateJsonObjectContextCustomizer@4f9a6c2d, org.springframework.boot.test.mock.mockito.MockitoContextCustomizer@0, org.springframework.boot.test.web.client.TestRestTemplateContextCustomizer@363c4251, org.springframework.boot.test.context.SpringBootTestArgs@1, org.springframework.boot.test.context.SpringBootTestWebEnvironment@1761de10], resourceBasePath = 'src/main/webapp', contextLoader = 'org.springframework.boot.test.context.SpringBootContextLoader', parent = [null]], attributes = map['org.springframework.test.context.web.ServletTestExecutionListener.activateListener' -> true, 'org.springframework.test.context.web.ServletTestExecutionListener.populatedRequestContextHolder' -> true, 'org.springframework.test.context.web.ServletTestExecutionListener.resetRequestContextHolder' -> true, 'org.springframework.test.context.event.ApplicationEventsTestExecutionListener.recordApplicationEvents' -> false]]
2022-11-10 13:52:35.241  INFO 9028 --- [    Test worker] o.s.t.c.transaction.TransactionContext   : Began transaction (1) for test context [DefaultTestContext@68b11545 testClass = CandidateServiceTest, testInstance = com.sprint.naukri.CandidateServiceTest@5cbdc910, testMethod = checkIfAlreadySelectedByEmployerTestfailed2@CandidateServiceTest, testException = [null], mergedContextConfiguration = [WebMergedContextConfiguration@7d0100ea testClass = CandidateServiceTest, locations = '{}', classes = '{class com.sprint.naukri.NaukriApplication}', contextInitializerClasses = '[]', activeProfiles = '{}', propertySourceLocations = '{}', propertySourceProperties = '{org.springframework.boot.test.context.SpringBootTestContextBootstrapper=true}', contextCustomizers = set[org.springframework.boot.test.autoconfigure.actuate.metrics.MetricsExportContextCustomizerFactory$DisableMetricExportContextCustomizer@671d1157, org.springframework.boot.test.autoconfigure.properties.PropertyMappingContextCustomizer@0, org.springframework.boot.test.autoconfigure.web.servlet.WebDriverContextCustomizerFactory$Customizer@2370ac7a, org.springframework.boot.test.context.filter.ExcludeFilterContextCustomizer@31ddb930, org.springframework.boot.test.json.DuplicateJsonObjectContextCustomizerFactory$DuplicateJsonObjectContextCustomizer@4f9a6c2d, org.springframework.boot.test.mock.mockito.MockitoContextCustomizer@0, org.springframework.boot.test.web.client.TestRestTemplateContextCustomizer@363c4251, org.springframework.boot.test.context.SpringBootTestArgs@1, org.springframework.boot.test.context.SpringBootTestWebEnvironment@1761de10], resourceBasePath = 'src/main/webapp', contextLoader = 'org.springframework.boot.test.context.SpringBootContextLoader', parent = [null]], attributes = map['org.springframework.test.context.web.ServletTestExecutionListener.activateListener' -> true, 'org.springframework.test.context.web.ServletTestExecutionListener.populatedRequestContextHolder' -> true, 'org.springframework.test.context.web.ServletTestExecutionListener.resetRequestContextHolder' -> true, 'org.springframework.test.context.event.ApplicationEventsTestExecutionListener.recordApplicationEvents' -> false]]; transaction manager [org.springframework.orm.jpa.JpaTransactionManager@1e22c706]; rollback [true]
2022-11-10 13:52:35.273  INFO 9028 --- [    Test worker] o.s.t.c.transaction.TransactionContext   : Rolled back transaction for test: [DefaultTestContext@68b11545 testClass = CandidateServiceTest, testInstance = com.sprint.naukri.CandidateServiceTest@5cbdc910, testMethod = checkIfAlreadySelectedByEmployerTestfailed2@CandidateServiceTest, testException = [null], mergedContextConfiguration = [WebMergedContextConfiguration@7d0100ea testClass = CandidateServiceTest, locations = '{}', classes = '{class com.sprint.naukri.NaukriApplication}', contextInitializerClasses = '[]', activeProfiles = '{}', propertySourceLocations = '{}', propertySourceProperties = '{org.springframework.boot.test.context.SpringBootTestContextBootstrapper=true}', contextCustomizers = set[org.springframework.boot.test.autoconfigure.actuate.metrics.MetricsExportContextCustomizerFactory$DisableMetricExportContextCustomizer@671d1157, org.springframework.boot.test.autoconfigure.properties.PropertyMappingContextCustomizer@0, org.springframework.boot.test.autoconfigure.web.servlet.WebDriverContextCustomizerFactory$Customizer@2370ac7a, org.springframework.boot.test.context.filter.ExcludeFilterContextCustomizer@31ddb930, org.springframework.boot.test.json.DuplicateJsonObjectContextCustomizerFactory$DuplicateJsonObjectContextCustomizer@4f9a6c2d, org.springframework.boot.test.mock.mockito.MockitoContextCustomizer@0, org.springframework.boot.test.web.client.TestRestTemplateContextCustomizer@363c4251, org.springframework.boot.test.context.SpringBootTestArgs@1, org.springframework.boot.test.context.SpringBootTestWebEnvironment@1761de10], resourceBasePath = 'src/main/webapp', contextLoader = 'org.springframework.boot.test.context.SpringBootContextLoader', parent = [null]], attributes = map['org.springframework.test.context.web.ServletTestExecutionListener.activateListener' -> true, 'org.springframework.test.context.web.ServletTestExecutionListener.populatedRequestContextHolder' -> true, 'org.springframework.test.context.web.ServletTestExecutionListener.resetRequestContextHolder' -> true, 'org.springframework.test.context.event.ApplicationEventsTestExecutionListener.recordApplicationEvents' -> false]]
2022-11-10 13:52:35.551  INFO 9028 --- [    Test worker] o.s.t.c.transaction.TransactionContext   : Began transaction (1) for test context [DefaultTestContext@68b11545 testClass = CandidateServiceTest, testInstance = com.sprint.naukri.CandidateServiceTest@6d0dea6a, testMethod = checkIfAlreadySelectedByEmployerTest@CandidateServiceTest, testException = [null], mergedContextConfiguration = [WebMergedContextConfiguration@7d0100ea testClass = CandidateServiceTest, locations = '{}', classes = '{class com.sprint.naukri.NaukriApplication}', contextInitializerClasses = '[]', activeProfiles = '{}', propertySourceLocations = '{}', propertySourceProperties = '{org.springframework.boot.test.context.SpringBootTestContextBootstrapper=true}', contextCustomizers = set[org.springframework.boot.test.autoconfigure.actuate.metrics.MetricsExportContextCustomizerFactory$DisableMetricExportContextCustomizer@671d1157, org.springframework.boot.test.autoconfigure.properties.PropertyMappingContextCustomizer@0, org.springframework.boot.test.autoconfigure.web.servlet.WebDriverContextCustomizerFactory$Customizer@2370ac7a, org.springframework.boot.test.context.filter.ExcludeFilterContextCustomizer@31ddb930, org.springframework.boot.test.json.DuplicateJsonObjectContextCustomizerFactory$DuplicateJsonObjectContextCustomizer@4f9a6c2d, org.springframework.boot.test.mock.mockito.MockitoContextCustomizer@0, org.springframework.boot.test.web.client.TestRestTemplateContextCustomizer@363c4251, org.springframework.boot.test.context.SpringBootTestArgs@1, org.springframework.boot.test.context.SpringBootTestWebEnvironment@1761de10], resourceBasePath = 'src/main/webapp', contextLoader = 'org.springframework.boot.test.context.SpringBootContextLoader', parent = [null]], attributes = map['org.springframework.test.context.web.ServletTestExecutionListener.activateListener' -> true, 'org.springframework.test.context.web.ServletTestExecutionListener.populatedRequestContextHolder' -> true, 'org.springframework.test.context.web.ServletTestExecutionListener.resetRequestContextHolder' -> true, 'org.springframework.test.context.event.ApplicationEventsTestExecutionListener.recordApplicationEvents' -> false]]; transaction manager [org.springframework.orm.jpa.JpaTransactionManager@1e22c706]; rollback [true]
2022-11-10 13:52:35.579  INFO 9028 --- [    Test worker] o.s.t.c.transaction.TransactionContext   : Rolled back transaction for test: [DefaultTestContext@68b11545 testClass = CandidateServiceTest, testInstance = com.sprint.naukri.CandidateServiceTest@6d0dea6a, testMethod = checkIfAlreadySelectedByEmployerTest@CandidateServiceTest, testException = [null], mergedContextConfiguration = [WebMergedContextConfiguration@7d0100ea testClass = CandidateServiceTest, locations = '{}', classes = '{class com.sprint.naukri.NaukriApplication}', contextInitializerClasses = '[]', activeProfiles = '{}', propertySourceLocations = '{}', propertySourceProperties = '{org.springframework.boot.test.context.SpringBootTestContextBootstrapper=true}', contextCustomizers = set[org.springframework.boot.test.autoconfigure.actuate.metrics.MetricsExportContextCustomizerFactory$DisableMetricExportContextCustomizer@671d1157, org.springframework.boot.test.autoconfigure.properties.PropertyMappingContextCustomizer@0, org.springframework.boot.test.autoconfigure.web.servlet.WebDriverContextCustomizerFactory$Customizer@2370ac7a, org.springframework.boot.test.context.filter.ExcludeFilterContextCustomizer@31ddb930, org.springframework.boot.test.json.DuplicateJsonObjectContextCustomizerFactory$DuplicateJsonObjectContextCustomizer@4f9a6c2d, org.springframework.boot.test.mock.mockito.MockitoContextCustomizer@0, org.springframework.boot.test.web.client.TestRestTemplateContextCustomizer@363c4251, org.springframework.boot.test.context.SpringBootTestArgs@1, org.springframework.boot.test.context.SpringBootTestWebEnvironment@1761de10], resourceBasePath = 'src/main/webapp', contextLoader = 'org.springframework.boot.test.context.SpringBootContextLoader', parent = [null]], attributes = map['org.springframework.test.context.web.ServletTestExecutionListener.activateListener' -> true, 'org.springframework.test.context.web.ServletTestExecutionListener.populatedRequestContextHolder' -> true, 'org.springframework.test.context.web.ServletTestExecutionListener.resetRequestContextHolder' -> true, 'org.springframework.test.context.event.ApplicationEventsTestExecutionListener.recordApplicationEvents' -> false]]
2022-11-10 13:52:35.676  INFO 9028 --- [    Test worker] o.s.t.c.transaction.TransactionContext   : Began transaction (1) for test context [DefaultTestContext@68b11545 testClass = CandidateServiceTest, testInstance = com.sprint.naukri.CandidateServiceTest@aa77fd0, testMethod = updateProfileTestFailed@CandidateServiceTest, testException = [null], mergedContextConfiguration = [WebMergedContextConfiguration@7d0100ea testClass = CandidateServiceTest, locations = '{}', classes = '{class com.sprint.naukri.NaukriApplication}', contextInitializerClasses = '[]', activeProfiles = '{}', propertySourceLocations = '{}', propertySourceProperties = '{org.springframework.boot.test.context.SpringBootTestContextBootstrapper=true}', contextCustomizers = set[org.springframework.boot.test.autoconfigure.actuate.metrics.MetricsExportContextCustomizerFactory$DisableMetricExportContextCustomizer@671d1157, org.springframework.boot.test.autoconfigure.properties.PropertyMappingContextCustomizer@0, org.springframework.boot.test.autoconfigure.web.servlet.WebDriverContextCustomizerFactory$Customizer@2370ac7a, org.springframework.boot.test.context.filter.ExcludeFilterContextCustomizer@31ddb930, org.springframework.boot.test.json.DuplicateJsonObjectContextCustomizerFactory$DuplicateJsonObjectContextCustomizer@4f9a6c2d, org.springframework.boot.test.mock.mockito.MockitoContextCustomizer@0, org.springframework.boot.test.web.client.TestRestTemplateContextCustomizer@363c4251, org.springframework.boot.test.context.SpringBootTestArgs@1, org.springframework.boot.test.context.SpringBootTestWebEnvironment@1761de10], resourceBasePath = 'src/main/webapp', contextLoader = 'org.springframework.boot.test.context.SpringBootContextLoader', parent = [null]], attributes = map['org.springframework.test.context.web.ServletTestExecutionListener.activateListener' -> true, 'org.springframework.test.context.web.ServletTestExecutionListener.populatedRequestContextHolder' -> true, 'org.springframework.test.context.web.ServletTestExecutionListener.resetRequestContextHolder' -> true, 'org.springframework.test.context.event.ApplicationEventsTestExecutionListener.recordApplicationEvents' -> false]]; transaction manager [org.springframework.orm.jpa.JpaTransactionManager@1e22c706]; rollback [true]
2022-11-10 13:52:35.694  INFO 9028 --- [    Test worker] o.s.t.c.transaction.TransactionContext   : Rolled back transaction for test: [DefaultTestContext@68b11545 testClass = CandidateServiceTest, testInstance = com.sprint.naukri.CandidateServiceTest@aa77fd0, testMethod = updateProfileTestFailed@CandidateServiceTest, testException = [null], mergedContextConfiguration = [WebMergedContextConfiguration@7d0100ea testClass = CandidateServiceTest, locations = '{}', classes = '{class com.sprint.naukri.NaukriApplication}', contextInitializerClasses = '[]', activeProfiles = '{}', propertySourceLocations = '{}', propertySourceProperties = '{org.springframework.boot.test.context.SpringBootTestContextBootstrapper=true}', contextCustomizers = set[org.springframework.boot.test.autoconfigure.actuate.metrics.MetricsExportContextCustomizerFactory$DisableMetricExportContextCustomizer@671d1157, org.springframework.boot.test.autoconfigure.properties.PropertyMappingContextCustomizer@0, org.springframework.boot.test.autoconfigure.web.servlet.WebDriverContextCustomizerFactory$Customizer@2370ac7a, org.springframework.boot.test.context.filter.ExcludeFilterContextCustomizer@31ddb930, org.springframework.boot.test.json.DuplicateJsonObjectContextCustomizerFactory$DuplicateJsonObjectContextCustomizer@4f9a6c2d, org.springframework.boot.test.mock.mockito.MockitoContextCustomizer@0, org.springframework.boot.test.web.client.TestRestTemplateContextCustomizer@363c4251, org.springframework.boot.test.context.SpringBootTestArgs@1, org.springframework.boot.test.context.SpringBootTestWebEnvironment@1761de10], resourceBasePath = 'src/main/webapp', contextLoader = 'org.springframework.boot.test.context.SpringBootContextLoader', parent = [null]], attributes = map['org.springframework.test.context.web.ServletTestExecutionListener.activateListener' -> true, 'org.springframework.test.context.web.ServletTestExecutionListener.populatedRequestContextHolder' -> true, 'org.springframework.test.context.web.ServletTestExecutionListener.resetRequestContextHolder' -> true, 'org.springframework.test.context.event.ApplicationEventsTestExecutionListener.recordApplicationEvents' -> false]]
2022-11-10 13:52:35.727  INFO 9028 --- [    Test worker] o.s.t.c.transaction.TransactionContext   : Began transaction (1) for test context [DefaultTestContext@68b11545 testClass = CandidateServiceTest, testInstance = com.sprint.naukri.CandidateServiceTest@6bcd6009, testMethod = getAllCandidatesBySkillSetTest@CandidateServiceTest, testException = [null], mergedContextConfiguration = [WebMergedContextConfiguration@7d0100ea testClass = CandidateServiceTest, locations = '{}', classes = '{class com.sprint.naukri.NaukriApplication}', contextInitializerClasses = '[]', activeProfiles = '{}', propertySourceLocations = '{}', propertySourceProperties = '{org.springframework.boot.test.context.SpringBootTestContextBootstrapper=true}', contextCustomizers = set[org.springframework.boot.test.autoconfigure.actuate.metrics.MetricsExportContextCustomizerFactory$DisableMetricExportContextCustomizer@671d1157, org.springframework.boot.test.autoconfigure.properties.PropertyMappingContextCustomizer@0, org.springframework.boot.test.autoconfigure.web.servlet.WebDriverContextCustomizerFactory$Customizer@2370ac7a, org.springframework.boot.test.context.filter.ExcludeFilterContextCustomizer@31ddb930, org.springframework.boot.test.json.DuplicateJsonObjectContextCustomizerFactory$DuplicateJsonObjectContextCustomizer@4f9a6c2d, org.springframework.boot.test.mock.mockito.MockitoContextCustomizer@0, org.springframework.boot.test.web.client.TestRestTemplateContextCustomizer@363c4251, org.springframework.boot.test.context.SpringBootTestArgs@1, org.springframework.boot.test.context.SpringBootTestWebEnvironment@1761de10], resourceBasePath = 'src/main/webapp', contextLoader = 'org.springframework.boot.test.context.SpringBootContextLoader', parent = [null]], attributes = map['org.springframework.test.context.web.ServletTestExecutionListener.activateListener' -> true, 'org.springframework.test.context.web.ServletTestExecutionListener.populatedRequestContextHolder' -> true, 'org.springframework.test.context.web.ServletTestExecutionListener.resetRequestContextHolder' -> true, 'org.springframework.test.context.event.ApplicationEventsTestExecutionListener.recordApplicationEvents' -> false]]; transaction manager [org.springframework.orm.jpa.JpaTransactionManager@1e22c706]; rollback [true]
2022-11-10 13:52:35.743  INFO 9028 --- [    Test worker] o.s.t.c.transaction.TransactionContext   : Rolled back transaction for test: [DefaultTestContext@68b11545 testClass = CandidateServiceTest, testInstance = com.sprint.naukri.CandidateServiceTest@6bcd6009, testMethod = getAllCandidatesBySkillSetTest@CandidateServiceTest, testException = [null], mergedContextConfiguration = [WebMergedContextConfiguration@7d0100ea testClass = CandidateServiceTest, locations = '{}', classes = '{class com.sprint.naukri.NaukriApplication}', contextInitializerClasses = '[]', activeProfiles = '{}', propertySourceLocations = '{}', propertySourceProperties = '{org.springframework.boot.test.context.SpringBootTestContextBootstrapper=true}', contextCustomizers = set[org.springframework.boot.test.autoconfigure.actuate.metrics.MetricsExportContextCustomizerFactory$DisableMetricExportContextCustomizer@671d1157, org.springframework.boot.test.autoconfigure.properties.PropertyMappingContextCustomizer@0, org.springframework.boot.test.autoconfigure.web.servlet.WebDriverContextCustomizerFactory$Customizer@2370ac7a, org.springframework.boot.test.context.filter.ExcludeFilterContextCustomizer@31ddb930, org.springframework.boot.test.json.DuplicateJsonObjectContextCustomizerFactory$DuplicateJsonObjectContextCustomizer@4f9a6c2d, org.springframework.boot.test.mock.mockito.MockitoContextCustomizer@0, org.springframework.boot.test.web.client.TestRestTemplateContextCustomizer@363c4251, org.springframework.boot.test.context.SpringBootTestArgs@1, org.springframework.boot.test.context.SpringBootTestWebEnvironment@1761de10], resourceBasePath = 'src/main/webapp', contextLoader = 'org.springframework.boot.test.context.SpringBootContextLoader', parent = [null]], attributes = map['org.springframework.test.context.web.ServletTestExecutionListener.activateListener' -> true, 'org.springframework.test.context.web.ServletTestExecutionListener.populatedRequestContextHolder' -> true, 'org.springframework.test.context.web.ServletTestExecutionListener.resetRequestContextHolder' -> true, 'org.springframework.test.context.event.ApplicationEventsTestExecutionListener.recordApplicationEvents' -> false]]
]]></system-out>
  <system-err><![CDATA[]]></system-err>
</testsuite>
