<?xml version="1.0" encoding="UTF-8"?>
<testsuite name="com.sprint.naukri.JobControllerMethodTest" tests="7" skipped="0" failures="0" errors="0" timestamp="2022-11-10T08:23:58" hostname="YASH" time="0.862">
  <properties/>
  <testcase name="testGetJobsByLocation()" classname="com.sprint.naukri.JobControllerMethodTest" time="0.583"/>
  <testcase name="testGetAllJobs()" classname="com.sprint.naukri.JobControllerMethodTest" time="0.071"/>
  <testcase name="testGetAllJobBySkill()" classname="com.sprint.naukri.JobControllerMethodTest" time="0.04"/>
  <testcase name="testDeleteJob()" classname="com.sprint.naukri.JobControllerMethodTest" time="0.048"/>
  <testcase name="testUpdateJobDescription()" classname="com.sprint.naukri.JobControllerMethodTest" time="0.05"/>
  <testcase name="testAddJobManually()" classname="com.sprint.naukri.JobControllerMethodTest" time="0.027"/>
  <testcase name="testGetJobsByIndustry()" classname="com.sprint.naukri.JobControllerMethodTest" time="0.033"/>
  <system-out><![CDATA[13:53:45.086 [Test worker] DEBUG org.springframework.test.context.BootstrapUtils - Instantiating CacheAwareContextLoaderDelegate from class [org.springframework.test.context.cache.DefaultCacheAwareContextLoaderDelegate]
13:53:45.113 [Test worker] DEBUG org.springframework.test.context.BootstrapUtils - Instantiating BootstrapContext using constructor [public org.springframework.test.context.support.DefaultBootstrapContext(java.lang.Class,org.springframework.test.context.CacheAwareContextLoaderDelegate)]
13:53:45.187 [Test worker] DEBUG org.springframework.test.context.BootstrapUtils - Instantiating TestContextBootstrapper for test class [com.sprint.naukri.JobControllerMethodTest] from class [org.springframework.boot.test.context.SpringBootTestContextBootstrapper]
13:53:45.210 [Test worker] INFO org.springframework.boot.test.context.SpringBootTestContextBootstrapper - Neither @ContextConfiguration nor @ContextHierarchy found for test class [com.sprint.naukri.JobControllerMethodTest], using SpringBootContextLoader
13:53:45.216 [Test worker] DEBUG org.springframework.test.context.support.AbstractContextLoader - Did not detect default resource location for test class [com.sprint.naukri.JobControllerMethodTest]: class path resource [com/sprint/naukri/JobControllerMethodTest-context.xml] does not exist
13:53:45.217 [Test worker] DEBUG org.springframework.test.context.support.AbstractContextLoader - Did not detect default resource location for test class [com.sprint.naukri.JobControllerMethodTest]: class path resource [com/sprint/naukri/JobControllerMethodTestContext.groovy] does not exist
13:53:45.217 [Test worker] INFO org.springframework.test.context.support.AbstractContextLoader - Could not detect default resource locations for test class [com.sprint.naukri.JobControllerMethodTest]: no resource found for suffixes {-context.xml, Context.groovy}.
13:53:45.217 [Test worker] INFO org.springframework.test.context.support.AnnotationConfigContextLoaderUtils - Could not detect default configuration classes for test class [com.sprint.naukri.JobControllerMethodTest]: JobControllerMethodTest does not declare any static, non-private, non-final, nested classes annotated with @Configuration.
13:53:45.284 [Test worker] DEBUG org.springframework.test.context.support.ActiveProfilesUtils - Could not find an 'annotation declaring class' for annotation type [org.springframework.test.context.ActiveProfiles] and class [com.sprint.naukri.JobControllerMethodTest]
13:53:45.428 [Test worker] DEBUG org.springframework.context.annotation.ClassPathScanningCandidateComponentProvider - Identified candidate component class: file [D:\Java practice\SpringBoot\final\naukri\build\classes\java\main\com\sprint\naukri\NaukriApplication.class]
13:53:45.430 [Test worker] INFO org.springframework.boot.test.context.SpringBootTestContextBootstrapper - Found @SpringBootConfiguration com.sprint.naukri.NaukriApplication for test class com.sprint.naukri.JobControllerMethodTest
13:53:45.631 [Test worker] DEBUG org.springframework.boot.test.context.SpringBootTestContextBootstrapper - @TestExecutionListeners is not present for class [com.sprint.naukri.JobControllerMethodTest]: using defaults.
13:53:45.631 [Test worker] INFO org.springframework.boot.test.context.SpringBootTestContextBootstrapper - Loaded default TestExecutionListener class names from location [META-INF/spring.factories]: [org.springframework.security.test.context.support.WithSecurityContextTestExecutionListener, org.springframework.security.test.context.support.ReactorContextTestExecutionListener, org.springframework.boot.test.autoconfigure.restdocs.RestDocsTestExecutionListener, org.springframework.boot.test.autoconfigure.web.client.MockRestServiceServerResetTestExecutionListener, org.springframework.boot.test.autoconfigure.web.servlet.MockMvcPrintOnlyOnFailureTestExecutionListener, org.springframework.boot.test.autoconfigure.web.servlet.WebDriverTestExecutionListener, org.springframework.boot.test.autoconfigure.webservices.client.MockWebServiceServerTestExecutionListener, org.springframework.boot.test.mock.mockito.MockitoTestExecutionListener, org.springframework.boot.test.mock.mockito.ResetMocksTestExecutionListener, org.springframework.test.context.web.ServletTestExecutionListener, org.springframework.test.context.support.DirtiesContextBeforeModesTestExecutionListener, org.springframework.test.context.event.ApplicationEventsTestExecutionListener, org.springframework.test.context.support.DependencyInjectionTestExecutionListener, org.springframework.test.context.support.DirtiesContextTestExecutionListener, org.springframework.test.context.transaction.TransactionalTestExecutionListener, org.springframework.test.context.jdbc.SqlScriptsTestExecutionListener, org.springframework.test.context.event.EventPublishingTestExecutionListener]
13:53:45.668 [Test worker] INFO org.springframework.boot.test.context.SpringBootTestContextBootstrapper - Using TestExecutionListeners: [org.springframework.test.context.web.ServletTestExecutionListener@47b33e07, org.springframework.test.context.support.DirtiesContextBeforeModesTestExecutionListener@7126e26, org.springframework.test.context.event.ApplicationEventsTestExecutionListener@151ab2b9, org.springframework.boot.test.mock.mockito.MockitoTestExecutionListener@13ed066e, org.springframework.boot.test.autoconfigure.SpringBootDependencyInjectionTestExecutionListener@4d705112, org.springframework.test.context.support.DirtiesContextTestExecutionListener@590765c4, org.springframework.test.context.transaction.TransactionalTestExecutionListener@19489b27, org.springframework.test.context.jdbc.SqlScriptsTestExecutionListener@626d2016, org.springframework.security.test.context.support.WithSecurityContextTestExecutionListener@2d5a1588, org.springframework.test.context.event.EventPublishingTestExecutionListener@4f116ca2, org.springframework.security.test.context.support.ReactorContextTestExecutionListener@125d47c4, org.springframework.boot.test.autoconfigure.restdocs.RestDocsTestExecutionListener@193bb809, org.springframework.boot.test.autoconfigure.web.client.MockRestServiceServerResetTestExecutionListener@64b018f3, org.springframework.boot.test.autoconfigure.web.servlet.MockMvcPrintOnlyOnFailureTestExecutionListener@20801cbb, org.springframework.boot.test.autoconfigure.web.servlet.WebDriverTestExecutionListener@581b1c08, org.springframework.boot.test.autoconfigure.webservices.client.MockWebServiceServerTestExecutionListener@1c240cf2, org.springframework.boot.test.mock.mockito.ResetMocksTestExecutionListener@78b7f805]
13:53:45.673 [Test worker] DEBUG org.springframework.test.context.support.AbstractDirtiesContextTestExecutionListener - Before test class: context [DefaultTestContext@7b5cc918 testClass = JobControllerMethodTest, testInstance = [null], testMethod = [null], testException = [null], mergedContextConfiguration = [WebMergedContextConfiguration@62b3a2f6 testClass = JobControllerMethodTest, locations = '{}', classes = '{class com.sprint.naukri.NaukriApplication}', contextInitializerClasses = '[]', activeProfiles = '{}', propertySourceLocations = '{}', propertySourceProperties = '{org.springframework.boot.test.context.SpringBootTestContextBootstrapper=true}', contextCustomizers = set[org.springframework.boot.test.autoconfigure.actuate.metrics.MetricsExportContextCustomizerFactory$DisableMetricExportContextCustomizer@59cda16e, org.springframework.boot.test.autoconfigure.properties.PropertyMappingContextCustomizer@0, org.springframework.boot.test.autoconfigure.web.servlet.WebDriverContextCustomizerFactory$Customizer@4e1a46fb, org.springframework.boot.test.context.filter.ExcludeFilterContextCustomizer@102c577f, org.springframework.boot.test.json.DuplicateJsonObjectContextCustomizerFactory$DuplicateJsonObjectContextCustomizer@6573d2f7, org.springframework.boot.test.mock.mockito.MockitoContextCustomizer@0, org.springframework.boot.test.web.client.TestRestTemplateContextCustomizer@50fb33a, org.springframework.boot.test.context.SpringBootTestArgs@1, org.springframework.boot.test.context.SpringBootTestWebEnvironment@3163987e], resourceBasePath = 'src/main/webapp', contextLoader = 'org.springframework.boot.test.context.SpringBootContextLoader', parent = [null]], attributes = map['org.springframework.test.context.web.ServletTestExecutionListener.activateListener' -> true]], class annotated with @DirtiesContext [false] with mode [null].

  .   ____          _            __ _ _
 /\\ / ___'_ __ _ _(_)_ __  __ _ \ \ \ \
( ( )\___ | '_ | '_| | '_ \/ _` | \ \ \ \
 \\/  ___)| |_)| | | | | || (_| |  ) ) ) )
  '  |____| .__|_| |_|_| |_\__, | / / / /
 =========|_|==============|___/=/_/_/_/
 :: Spring Boot ::               (v2.6.12)

2022-11-10 13:53:46.186  INFO 18420 --- [    Test worker] c.sprint.naukri.JobControllerMethodTest  : Starting JobControllerMethodTest using Java 17.0.4.1 on Yash with PID 18420 (started by yashs in D:\Java practice\SpringBoot\final\naukri)
2022-11-10 13:53:46.188  INFO 18420 --- [    Test worker] c.sprint.naukri.JobControllerMethodTest  : No active profile set, falling back to 1 default profile: "default"
2022-11-10 13:53:47.134  INFO 18420 --- [    Test worker] .s.d.r.c.RepositoryConfigurationDelegate : Bootstrapping Spring Data JPA repositories in DEFAULT mode.
2022-11-10 13:53:47.222  INFO 18420 --- [    Test worker] .s.d.r.c.RepositoryConfigurationDelegate : Finished Spring Data repository scanning in 74 ms. Found 6 JPA repository interfaces.
2022-11-10 13:53:48.656  INFO 18420 --- [    Test worker] o.hibernate.jpa.internal.util.LogHelper  : HHH000204: Processing PersistenceUnitInfo [name: default]
2022-11-10 13:53:48.749  INFO 18420 --- [    Test worker] org.hibernate.Version                    : HHH000412: Hibernate ORM core version 5.6.11.Final
2022-11-10 13:53:49.036  INFO 18420 --- [    Test worker] o.hibernate.annotations.common.Version   : HCANN000001: Hibernate Commons Annotations {5.1.2.Final}
2022-11-10 13:53:49.216  INFO 18420 --- [    Test worker] com.zaxxer.hikari.HikariDataSource       : HikariPool-1 - Starting...
2022-11-10 13:53:49.517  INFO 18420 --- [    Test worker] com.zaxxer.hikari.HikariDataSource       : HikariPool-1 - Start completed.
2022-11-10 13:53:49.552  INFO 18420 --- [    Test worker] org.hibernate.dialect.Dialect            : HHH000400: Using dialect: org.hibernate.dialect.PostgreSQLDialect
2022-11-10 13:53:50.999  INFO 18420 --- [    Test worker] o.h.e.t.j.p.i.JtaPlatformInitiator       : HHH000490: Using JtaPlatform implementation: [org.hibernate.engine.transaction.jta.platform.internal.NoJtaPlatform]
2022-11-10 13:53:51.012  INFO 18420 --- [    Test worker] j.LocalContainerEntityManagerFactoryBean : Initialized JPA EntityManagerFactory for persistence unit 'default'
2022-11-10 13:53:51.936  WARN 18420 --- [    Test worker] JpaBaseConfiguration$JpaWebConfiguration : spring.jpa.open-in-view is enabled by default. Therefore, database queries may be performed during view rendering. Explicitly configure spring.jpa.open-in-view to disable this warning
2022-11-10 13:53:54.083  INFO 18420 --- [    Test worker] o.s.s.web.DefaultSecurityFilterChain     : Will secure any request with [org.springframework.security.web.context.request.async.WebAsyncManagerIntegrationFilter@4fe3872c, org.springframework.security.web.context.SecurityContextPersistenceFilter@242d4a16, org.springframework.security.web.header.HeaderWriterFilter@3cd2fd3d, org.springframework.security.web.authentication.logout.LogoutFilter@1bd3701a, com.helper.JwtFilter@490ecccb, org.springframework.security.web.savedrequest.RequestCacheAwareFilter@6c231fd9, org.springframework.security.web.servletapi.SecurityContextHolderAwareRequestFilter@7181f2ac, org.springframework.security.web.authentication.AnonymousAuthenticationFilter@16c689c3, org.springframework.security.web.session.SessionManagementFilter@734c0274, org.springframework.security.web.access.ExceptionTranslationFilter@5d3fd216, org.springframework.security.web.access.intercept.FilterSecurityInterceptor@34be1651]
2022-11-10 13:53:58.386  INFO 18420 --- [    Test worker] c.sprint.naukri.JobControllerMethodTest  : Started JobControllerMethodTest in 12.642 seconds (JVM running for 14.967)
]]></system-out>
  <system-err><![CDATA[]]></system-err>
</testsuite>
