<?xml version="1.0" encoding="UTF-8"?>
<testsuite name="com.sprint.naukri.SkillControllerTest" tests="1" skipped="0" failures="0" errors="0" timestamp="2022-11-10T08:24:29" hostname="YASH" time="0.557">
  <properties/>
  <testcase name="testAddSkill()" classname="com.sprint.naukri.SkillControllerTest" time="0.557"/>
  <system-out><![CDATA[13:54:18.246 [Test worker] DEBUG org.springframework.test.context.BootstrapUtils - Instantiating CacheAwareContextLoaderDelegate from class [org.springframework.test.context.cache.DefaultCacheAwareContextLoaderDelegate]
13:54:18.275 [Test worker] DEBUG org.springframework.test.context.BootstrapUtils - Instantiating BootstrapContext using constructor [public org.springframework.test.context.support.DefaultBootstrapContext(java.lang.Class,org.springframework.test.context.CacheAwareContextLoaderDelegate)]
13:54:18.355 [Test worker] DEBUG org.springframework.test.context.BootstrapUtils - Instantiating TestContextBootstrapper for test class [com.sprint.naukri.SkillControllerTest] from class [org.springframework.boot.test.context.SpringBootTestContextBootstrapper]
13:54:18.376 [Test worker] INFO org.springframework.boot.test.context.SpringBootTestContextBootstrapper - Neither @ContextConfiguration nor @ContextHierarchy found for test class [com.sprint.naukri.SkillControllerTest], using SpringBootContextLoader
13:54:18.384 [Test worker] DEBUG org.springframework.test.context.support.AbstractContextLoader - Did not detect default resource location for test class [com.sprint.naukri.SkillControllerTest]: class path resource [com/sprint/naukri/SkillControllerTest-context.xml] does not exist
13:54:18.384 [Test worker] DEBUG org.springframework.test.context.support.AbstractContextLoader - Did not detect default resource location for test class [com.sprint.naukri.SkillControllerTest]: class path resource [com/sprint/naukri/SkillControllerTestContext.groovy] does not exist
13:54:18.385 [Test worker] INFO org.springframework.test.context.support.AbstractContextLoader - Could not detect default resource locations for test class [com.sprint.naukri.SkillControllerTest]: no resource found for suffixes {-context.xml, Context.groovy}.
13:54:18.386 [Test worker] INFO org.springframework.test.context.support.AnnotationConfigContextLoaderUtils - Could not detect default configuration classes for test class [com.sprint.naukri.SkillControllerTest]: SkillControllerTest does not declare any static, non-private, non-final, nested classes annotated with @Configuration.
13:54:18.458 [Test worker] DEBUG org.springframework.test.context.support.ActiveProfilesUtils - Could not find an 'annotation declaring class' for annotation type [org.springframework.test.context.ActiveProfiles] and class [com.sprint.naukri.SkillControllerTest]
13:54:18.604 [Test worker] DEBUG org.springframework.context.annotation.ClassPathScanningCandidateComponentProvider - Identified candidate component class: file [D:\Java practice\SpringBoot\final\naukri\build\classes\java\main\com\sprint\naukri\NaukriApplication.class]
13:54:18.606 [Test worker] INFO org.springframework.boot.test.context.SpringBootTestContextBootstrapper - Found @SpringBootConfiguration com.sprint.naukri.NaukriApplication for test class com.sprint.naukri.SkillControllerTest
13:54:18.799 [Test worker] DEBUG org.springframework.boot.test.context.SpringBootTestContextBootstrapper - @TestExecutionListeners is not present for class [com.sprint.naukri.SkillControllerTest]: using defaults.
13:54:18.799 [Test worker] INFO org.springframework.boot.test.context.SpringBootTestContextBootstrapper - Loaded default TestExecutionListener class names from location [META-INF/spring.factories]: [org.springframework.security.test.context.support.WithSecurityContextTestExecutionListener, org.springframework.security.test.context.support.ReactorContextTestExecutionListener, org.springframework.boot.test.autoconfigure.restdocs.RestDocsTestExecutionListener, org.springframework.boot.test.autoconfigure.web.client.MockRestServiceServerResetTestExecutionListener, org.springframework.boot.test.autoconfigure.web.servlet.MockMvcPrintOnlyOnFailureTestExecutionListener, org.springframework.boot.test.autoconfigure.web.servlet.WebDriverTestExecutionListener, org.springframework.boot.test.autoconfigure.webservices.client.MockWebServiceServerTestExecutionListener, org.springframework.boot.test.mock.mockito.MockitoTestExecutionListener, org.springframework.boot.test.mock.mockito.ResetMocksTestExecutionListener, org.springframework.test.context.web.ServletTestExecutionListener, org.springframework.test.context.support.DirtiesContextBeforeModesTestExecutionListener, org.springframework.test.context.event.ApplicationEventsTestExecutionListener, org.springframework.test.context.support.DependencyInjectionTestExecutionListener, org.springframework.test.context.support.DirtiesContextTestExecutionListener, org.springframework.test.context.transaction.TransactionalTestExecutionListener, org.springframework.test.context.jdbc.SqlScriptsTestExecutionListener, org.springframework.test.context.event.EventPublishingTestExecutionListener]
13:54:18.831 [Test worker] INFO org.springframework.boot.test.context.SpringBootTestContextBootstrapper - Using TestExecutionListeners: [org.springframework.test.context.web.ServletTestExecutionListener@6be6931f, org.springframework.test.context.support.DirtiesContextBeforeModesTestExecutionListener@6b4125ed, org.springframework.test.context.event.ApplicationEventsTestExecutionListener@78da899f, org.springframework.boot.test.mock.mockito.MockitoTestExecutionListener@e7b265e, org.springframework.boot.test.autoconfigure.SpringBootDependencyInjectionTestExecutionListener@51da32e5, org.springframework.test.context.support.DirtiesContextTestExecutionListener@33d60b7e, org.springframework.test.context.transaction.TransactionalTestExecutionListener@1fecfaea, org.springframework.test.context.jdbc.SqlScriptsTestExecutionListener@4872669f, org.springframework.security.test.context.support.WithSecurityContextTestExecutionListener@483f286e, org.springframework.test.context.event.EventPublishingTestExecutionListener@4bb147ec, org.springframework.security.test.context.support.ReactorContextTestExecutionListener@33f2cfda, org.springframework.boot.test.autoconfigure.restdocs.RestDocsTestExecutionListener@68ef01a5, org.springframework.boot.test.autoconfigure.web.client.MockRestServiceServerResetTestExecutionListener@59a2388e, org.springframework.boot.test.autoconfigure.web.servlet.MockMvcPrintOnlyOnFailureTestExecutionListener@186d8a71, org.springframework.boot.test.autoconfigure.web.servlet.WebDriverTestExecutionListener@3dc40ab9, org.springframework.boot.test.autoconfigure.webservices.client.MockWebServiceServerTestExecutionListener@2db6d68d, org.springframework.boot.test.mock.mockito.ResetMocksTestExecutionListener@6518fdfd]
13:54:18.837 [Test worker] DEBUG org.springframework.test.context.support.AbstractDirtiesContextTestExecutionListener - Before test class: context [DefaultTestContext@577536e0 testClass = SkillControllerTest, testInstance = [null], testMethod = [null], testException = [null], mergedContextConfiguration = [WebMergedContextConfiguration@12219f6a testClass = SkillControllerTest, locations = '{}', classes = '{class com.sprint.naukri.NaukriApplication}', contextInitializerClasses = '[]', activeProfiles = '{}', propertySourceLocations = '{}', propertySourceProperties = '{org.springframework.boot.test.context.SpringBootTestContextBootstrapper=true}', contextCustomizers = set[org.springframework.boot.test.autoconfigure.actuate.metrics.MetricsExportContextCustomizerFactory$DisableMetricExportContextCustomizer@77b919a3, org.springframework.boot.test.autoconfigure.properties.PropertyMappingContextCustomizer@0, org.springframework.boot.test.autoconfigure.web.servlet.WebDriverContextCustomizerFactory$Customizer@4ce94d2f, org.springframework.boot.test.context.filter.ExcludeFilterContextCustomizer@517a2b0, org.springframework.boot.test.json.DuplicateJsonObjectContextCustomizerFactory$DuplicateJsonObjectContextCustomizer@1f6917fb, org.springframework.boot.test.mock.mockito.MockitoContextCustomizer@0, org.springframework.boot.test.web.client.TestRestTemplateContextCustomizer@18b8d173, org.springframework.boot.test.context.SpringBootTestArgs@1, org.springframework.boot.test.context.SpringBootTestWebEnvironment@6c000e0c], resourceBasePath = 'src/main/webapp', contextLoader = 'org.springframework.boot.test.context.SpringBootContextLoader', parent = [null]], attributes = map['org.springframework.test.context.web.ServletTestExecutionListener.activateListener' -> true]], class annotated with @DirtiesContext [false] with mode [null].

  .   ____          _            __ _ _
 /\\ / ___'_ __ _ _(_)_ __  __ _ \ \ \ \
( ( )\___ | '_ | '_| | '_ \/ _` | \ \ \ \
 \\/  ___)| |_)| | | | | || (_| |  ) ) ) )
  '  |____| .__|_| |_|_| |_\__, | / / / /
 =========|_|==============|___/=/_/_/_/
 :: Spring Boot ::               (v2.6.12)

2022-11-10 13:54:19.332  INFO 13164 --- [    Test worker] com.sprint.naukri.SkillControllerTest    : Starting SkillControllerTest using Java 17.0.4.1 on Yash with PID 13164 (started by yashs in D:\Java practice\SpringBoot\final\naukri)
2022-11-10 13:54:19.334  INFO 13164 --- [    Test worker] com.sprint.naukri.SkillControllerTest    : No active profile set, falling back to 1 default profile: "default"
2022-11-10 13:54:20.372  INFO 13164 --- [    Test worker] .s.d.r.c.RepositoryConfigurationDelegate : Bootstrapping Spring Data JPA repositories in DEFAULT mode.
2022-11-10 13:54:20.463  INFO 13164 --- [    Test worker] .s.d.r.c.RepositoryConfigurationDelegate : Finished Spring Data repository scanning in 78 ms. Found 6 JPA repository interfaces.
2022-11-10 13:54:22.055  INFO 13164 --- [    Test worker] o.hibernate.jpa.internal.util.LogHelper  : HHH000204: Processing PersistenceUnitInfo [name: default]
2022-11-10 13:54:22.156  INFO 13164 --- [    Test worker] org.hibernate.Version                    : HHH000412: Hibernate ORM core version 5.6.11.Final
2022-11-10 13:54:22.422  INFO 13164 --- [    Test worker] o.hibernate.annotations.common.Version   : HCANN000001: Hibernate Commons Annotations {5.1.2.Final}
2022-11-10 13:54:22.593  INFO 13164 --- [    Test worker] com.zaxxer.hikari.HikariDataSource       : HikariPool-1 - Starting...
2022-11-10 13:54:22.882  INFO 13164 --- [    Test worker] com.zaxxer.hikari.HikariDataSource       : HikariPool-1 - Start completed.
2022-11-10 13:54:22.914  INFO 13164 --- [    Test worker] org.hibernate.dialect.Dialect            : HHH000400: Using dialect: org.hibernate.dialect.PostgreSQLDialect
2022-11-10 13:54:24.407  INFO 13164 --- [    Test worker] o.h.e.t.j.p.i.JtaPlatformInitiator       : HHH000490: Using JtaPlatform implementation: [org.hibernate.engine.transaction.jta.platform.internal.NoJtaPlatform]
2022-11-10 13:54:24.419  INFO 13164 --- [    Test worker] j.LocalContainerEntityManagerFactoryBean : Initialized JPA EntityManagerFactory for persistence unit 'default'
2022-11-10 13:54:25.163  WARN 13164 --- [    Test worker] JpaBaseConfiguration$JpaWebConfiguration : spring.jpa.open-in-view is enabled by default. Therefore, database queries may be performed during view rendering. Explicitly configure spring.jpa.open-in-view to disable this warning
2022-11-10 13:54:26.607  INFO 13164 --- [    Test worker] o.s.s.web.DefaultSecurityFilterChain     : Will secure any request with [org.springframework.security.web.context.request.async.WebAsyncManagerIntegrationFilter@6b144bd8, org.springframework.security.web.context.SecurityContextPersistenceFilter@7181fe53, org.springframework.security.web.header.HeaderWriterFilter@4191edd, org.springframework.security.web.authentication.logout.LogoutFilter@7f98aaa8, com.helper.JwtFilter@490ecccb, org.springframework.security.web.savedrequest.RequestCacheAwareFilter@a278841, org.springframework.security.web.servletapi.SecurityContextHolderAwareRequestFilter@2eab6b8f, org.springframework.security.web.authentication.AnonymousAuthenticationFilter@3bfbc6e9, org.springframework.security.web.session.SessionManagementFilter@689f9dc8, org.springframework.security.web.access.ExceptionTranslationFilter@3388ea30, org.springframework.security.web.access.intercept.FilterSecurityInterceptor@28cb3e1e]
2022-11-10 13:54:29.659  INFO 13164 --- [    Test worker] com.sprint.naukri.SkillControllerTest    : Started SkillControllerTest in 10.76 seconds (JVM running for 13.046)
]]></system-out>
  <system-err><![CDATA[]]></system-err>
</testsuite>
