<?xml version="1.0" encoding="UTF-8"?>
<testsuite name="com.sprint.naukri.InterviewControllerMethodTest" tests="2" skipped="0" failures="0" errors="0" timestamp="2022-11-10T08:23:24" hostname="YASH" time="1.46">
  <properties/>
  <testcase name="testGetInterviewById()" classname="com.sprint.naukri.InterviewControllerMethodTest" time="1.24"/>
  <testcase name="testGetAllInterviews()" classname="com.sprint.naukri.InterviewControllerMethodTest" time="0.218"/>
  <system-out><![CDATA[13:53:10.858 [Test worker] DEBUG org.springframework.test.context.BootstrapUtils - Instantiating CacheAwareContextLoaderDelegate from class [org.springframework.test.context.cache.DefaultCacheAwareContextLoaderDelegate]
13:53:10.883 [Test worker] DEBUG org.springframework.test.context.BootstrapUtils - Instantiating BootstrapContext using constructor [public org.springframework.test.context.support.DefaultBootstrapContext(java.lang.Class,org.springframework.test.context.CacheAwareContextLoaderDelegate)]
13:53:10.952 [Test worker] DEBUG org.springframework.test.context.BootstrapUtils - Instantiating TestContextBootstrapper for test class [com.sprint.naukri.InterviewControllerMethodTest] from class [org.springframework.boot.test.context.SpringBootTestContextBootstrapper]
13:53:10.976 [Test worker] INFO org.springframework.boot.test.context.SpringBootTestContextBootstrapper - Neither @ContextConfiguration nor @ContextHierarchy found for test class [com.sprint.naukri.InterviewControllerMethodTest], using SpringBootContextLoader
13:53:10.982 [Test worker] DEBUG org.springframework.test.context.support.AbstractContextLoader - Did not detect default resource location for test class [com.sprint.naukri.InterviewControllerMethodTest]: class path resource [com/sprint/naukri/InterviewControllerMethodTest-context.xml] does not exist
13:53:10.983 [Test worker] DEBUG org.springframework.test.context.support.AbstractContextLoader - Did not detect default resource location for test class [com.sprint.naukri.InterviewControllerMethodTest]: class path resource [com/sprint/naukri/InterviewControllerMethodTestContext.groovy] does not exist
13:53:10.983 [Test worker] INFO org.springframework.test.context.support.AbstractContextLoader - Could not detect default resource locations for test class [com.sprint.naukri.InterviewControllerMethodTest]: no resource found for suffixes {-context.xml, Context.groovy}.
13:53:10.984 [Test worker] INFO org.springframework.test.context.support.AnnotationConfigContextLoaderUtils - Could not detect default configuration classes for test class [com.sprint.naukri.InterviewControllerMethodTest]: InterviewControllerMethodTest does not declare any static, non-private, non-final, nested classes annotated with @Configuration.
13:53:11.054 [Test worker] DEBUG org.springframework.test.context.support.ActiveProfilesUtils - Could not find an 'annotation declaring class' for annotation type [org.springframework.test.context.ActiveProfiles] and class [com.sprint.naukri.InterviewControllerMethodTest]
13:53:11.198 [Test worker] DEBUG org.springframework.context.annotation.ClassPathScanningCandidateComponentProvider - Identified candidate component class: file [D:\Java practice\SpringBoot\final\naukri\build\classes\java\main\com\sprint\naukri\NaukriApplication.class]
13:53:11.199 [Test worker] INFO org.springframework.boot.test.context.SpringBootTestContextBootstrapper - Found @SpringBootConfiguration com.sprint.naukri.NaukriApplication for test class com.sprint.naukri.InterviewControllerMethodTest
13:53:11.405 [Test worker] DEBUG org.springframework.boot.test.context.SpringBootTestContextBootstrapper - @TestExecutionListeners is not present for class [com.sprint.naukri.InterviewControllerMethodTest]: using defaults.
13:53:11.405 [Test worker] INFO org.springframework.boot.test.context.SpringBootTestContextBootstrapper - Loaded default TestExecutionListener class names from location [META-INF/spring.factories]: [org.springframework.security.test.context.support.WithSecurityContextTestExecutionListener, org.springframework.security.test.context.support.ReactorContextTestExecutionListener, org.springframework.boot.test.autoconfigure.restdocs.RestDocsTestExecutionListener, org.springframework.boot.test.autoconfigure.web.client.MockRestServiceServerResetTestExecutionListener, org.springframework.boot.test.autoconfigure.web.servlet.MockMvcPrintOnlyOnFailureTestExecutionListener, org.springframework.boot.test.autoconfigure.web.servlet.WebDriverTestExecutionListener, org.springframework.boot.test.autoconfigure.webservices.client.MockWebServiceServerTestExecutionListener, org.springframework.boot.test.mock.mockito.MockitoTestExecutionListener, org.springframework.boot.test.mock.mockito.ResetMocksTestExecutionListener, org.springframework.test.context.web.ServletTestExecutionListener, org.springframework.test.context.support.DirtiesContextBeforeModesTestExecutionListener, org.springframework.test.context.event.ApplicationEventsTestExecutionListener, org.springframework.test.context.support.DependencyInjectionTestExecutionListener, org.springframework.test.context.support.DirtiesContextTestExecutionListener, org.springframework.test.context.transaction.TransactionalTestExecutionListener, org.springframework.test.context.jdbc.SqlScriptsTestExecutionListener, org.springframework.test.context.event.EventPublishingTestExecutionListener]
13:53:11.439 [Test worker] INFO org.springframework.boot.test.context.SpringBootTestContextBootstrapper - Using TestExecutionListeners: [org.springframework.test.context.web.ServletTestExecutionListener@131a7516, org.springframework.test.context.support.DirtiesContextBeforeModesTestExecutionListener@5ae15, org.springframework.test.context.event.ApplicationEventsTestExecutionListener@577536e0, org.springframework.boot.test.mock.mockito.MockitoTestExecutionListener@12219f6a, org.springframework.boot.test.autoconfigure.SpringBootDependencyInjectionTestExecutionListener@52d3fafd, org.springframework.test.context.support.DirtiesContextTestExecutionListener@7f0b93b4, org.springframework.test.context.transaction.TransactionalTestExecutionListener@1376883, org.springframework.test.context.jdbc.SqlScriptsTestExecutionListener@1f736d00, org.springframework.security.test.context.support.WithSecurityContextTestExecutionListener@523a7801, org.springframework.test.context.event.EventPublishingTestExecutionListener@718fd7c1, org.springframework.security.test.context.support.ReactorContextTestExecutionListener@4bc6da03, org.springframework.boot.test.autoconfigure.restdocs.RestDocsTestExecutionListener@4f59a516, org.springframework.boot.test.autoconfigure.web.client.MockRestServiceServerResetTestExecutionListener@4e22368c, org.springframework.boot.test.autoconfigure.web.servlet.MockMvcPrintOnlyOnFailureTestExecutionListener@411cd156, org.springframework.boot.test.autoconfigure.web.servlet.WebDriverTestExecutionListener@3c770db4, org.springframework.boot.test.autoconfigure.webservices.client.MockWebServiceServerTestExecutionListener@3e046e39, org.springframework.boot.test.mock.mockito.ResetMocksTestExecutionListener@61cda923]
13:53:11.445 [Test worker] DEBUG org.springframework.test.context.support.AbstractDirtiesContextTestExecutionListener - Before test class: context [DefaultTestContext@1b7f06c7 testClass = InterviewControllerMethodTest, testInstance = [null], testMethod = [null], testException = [null], mergedContextConfiguration = [WebMergedContextConfiguration@151732fb testClass = InterviewControllerMethodTest, locations = '{}', classes = '{class com.sprint.naukri.NaukriApplication}', contextInitializerClasses = '[]', activeProfiles = '{}', propertySourceLocations = '{}', propertySourceProperties = '{org.springframework.boot.test.context.SpringBootTestContextBootstrapper=true}', contextCustomizers = set[org.springframework.boot.test.autoconfigure.actuate.metrics.MetricsExportContextCustomizerFactory$DisableMetricExportContextCustomizer@5634d0f4, org.springframework.boot.test.autoconfigure.properties.PropertyMappingContextCustomizer@0, org.springframework.boot.test.autoconfigure.web.servlet.WebDriverContextCustomizerFactory$Customizer@67e13bd0, org.springframework.boot.test.context.filter.ExcludeFilterContextCustomizer@4228bf58, org.springframework.boot.test.json.DuplicateJsonObjectContextCustomizerFactory$DuplicateJsonObjectContextCustomizer@60c8a093, org.springframework.boot.test.mock.mockito.MockitoContextCustomizer@0, org.springframework.boot.test.web.client.TestRestTemplateContextCustomizer@2f5b8250, org.springframework.boot.test.context.SpringBootTestArgs@1, org.springframework.boot.test.context.SpringBootTestWebEnvironment@e36bb2a], resourceBasePath = 'src/main/webapp', contextLoader = 'org.springframework.boot.test.context.SpringBootContextLoader', parent = [null]], attributes = map['org.springframework.test.context.web.ServletTestExecutionListener.activateListener' -> true]], class annotated with @DirtiesContext [false] with mode [null].

  .   ____          _            __ _ _
 /\\ / ___'_ __ _ _(_)_ __  __ _ \ \ \ \
( ( )\___ | '_ | '_| | '_ \/ _` | \ \ \ \
 \\/  ___)| |_)| | | | | || (_| |  ) ) ) )
  '  |____| .__|_| |_|_| |_\__, | / / / /
 =========|_|==============|___/=/_/_/_/
 :: Spring Boot ::               (v2.6.12)

2022-11-10 13:53:11.947  INFO 27444 --- [    Test worker] c.s.n.InterviewControllerMethodTest      : Starting InterviewControllerMethodTest using Java 17.0.4.1 on Yash with PID 27444 (started by yashs in D:\Java practice\SpringBoot\final\naukri)
2022-11-10 13:53:11.949  INFO 27444 --- [    Test worker] c.s.n.InterviewControllerMethodTest      : No active profile set, falling back to 1 default profile: "default"
2022-11-10 13:53:12.906  INFO 27444 --- [    Test worker] .s.d.r.c.RepositoryConfigurationDelegate : Bootstrapping Spring Data JPA repositories in DEFAULT mode.
2022-11-10 13:53:12.996  INFO 27444 --- [    Test worker] .s.d.r.c.RepositoryConfigurationDelegate : Finished Spring Data repository scanning in 78 ms. Found 6 JPA repository interfaces.
2022-11-10 13:53:14.456  INFO 27444 --- [    Test worker] o.hibernate.jpa.internal.util.LogHelper  : HHH000204: Processing PersistenceUnitInfo [name: default]
2022-11-10 13:53:14.537  INFO 27444 --- [    Test worker] org.hibernate.Version                    : HHH000412: Hibernate ORM core version 5.6.11.Final
2022-11-10 13:53:14.815  INFO 27444 --- [    Test worker] o.hibernate.annotations.common.Version   : HCANN000001: Hibernate Commons Annotations {5.1.2.Final}
2022-11-10 13:53:14.986  INFO 27444 --- [    Test worker] com.zaxxer.hikari.HikariDataSource       : HikariPool-1 - Starting...
2022-11-10 13:53:15.277  INFO 27444 --- [    Test worker] com.zaxxer.hikari.HikariDataSource       : HikariPool-1 - Start completed.
2022-11-10 13:53:15.311  INFO 27444 --- [    Test worker] org.hibernate.dialect.Dialect            : HHH000400: Using dialect: org.hibernate.dialect.PostgreSQLDialect
2022-11-10 13:53:16.790  INFO 27444 --- [    Test worker] o.h.e.t.j.p.i.JtaPlatformInitiator       : HHH000490: Using JtaPlatform implementation: [org.hibernate.engine.transaction.jta.platform.internal.NoJtaPlatform]
2022-11-10 13:53:16.798  INFO 27444 --- [    Test worker] j.LocalContainerEntityManagerFactoryBean : Initialized JPA EntityManagerFactory for persistence unit 'default'
2022-11-10 13:53:17.669  WARN 27444 --- [    Test worker] JpaBaseConfiguration$JpaWebConfiguration : spring.jpa.open-in-view is enabled by default. Therefore, database queries may be performed during view rendering. Explicitly configure spring.jpa.open-in-view to disable this warning
2022-11-10 13:53:19.757  INFO 27444 --- [    Test worker] o.s.s.web.DefaultSecurityFilterChain     : Will secure any request with [org.springframework.security.web.context.request.async.WebAsyncManagerIntegrationFilter@72274122, org.springframework.security.web.context.SecurityContextPersistenceFilter@1698b4f3, org.springframework.security.web.header.HeaderWriterFilter@6a5b9eb3, org.springframework.security.web.authentication.logout.LogoutFilter@36b1af58, com.helper.JwtFilter@61632f79, org.springframework.security.web.savedrequest.RequestCacheAwareFilter@1bd3701a, org.springframework.security.web.servletapi.SecurityContextHolderAwareRequestFilter@56122c1, org.springframework.security.web.authentication.AnonymousAuthenticationFilter@7dca9c94, org.springframework.security.web.session.SessionManagementFilter@7c12e6e3, org.springframework.security.web.access.ExceptionTranslationFilter@a40049b, org.springframework.security.web.access.intercept.FilterSecurityInterceptor@2bec100a]
2022-11-10 13:53:24.146  INFO 27444 --- [    Test worker] c.s.n.InterviewControllerMethodTest      : Started InterviewControllerMethodTest in 12.628 seconds (JVM running for 14.921)
2022-11-10 13:53:24.206  INFO 27444 --- [    Test worker] o.s.t.c.transaction.TransactionContext   : Began transaction (1) for test context [DefaultTestContext@1b7f06c7 testClass = InterviewControllerMethodTest, testInstance = com.sprint.naukri.InterviewControllerMethodTest@2f0564df, testMethod = testGetInterviewById@InterviewControllerMethodTest, testException = [null], mergedContextConfiguration = [WebMergedContextConfiguration@151732fb testClass = InterviewControllerMethodTest, locations = '{}', classes = '{class com.sprint.naukri.NaukriApplication}', contextInitializerClasses = '[]', activeProfiles = '{}', propertySourceLocations = '{}', propertySourceProperties = '{org.springframework.boot.test.context.SpringBootTestContextBootstrapper=true}', contextCustomizers = set[org.springframework.boot.test.autoconfigure.actuate.metrics.MetricsExportContextCustomizerFactory$DisableMetricExportContextCustomizer@5634d0f4, org.springframework.boot.test.autoconfigure.properties.PropertyMappingContextCustomizer@0, org.springframework.boot.test.autoconfigure.web.servlet.WebDriverContextCustomizerFactory$Customizer@67e13bd0, org.springframework.boot.test.context.filter.ExcludeFilterContextCustomizer@4228bf58, org.springframework.boot.test.json.DuplicateJsonObjectContextCustomizerFactory$DuplicateJsonObjectContextCustomizer@60c8a093, org.springframework.boot.test.mock.mockito.MockitoContextCustomizer@0, org.springframework.boot.test.web.client.TestRestTemplateContextCustomizer@2f5b8250, org.springframework.boot.test.context.SpringBootTestArgs@1, org.springframework.boot.test.context.SpringBootTestWebEnvironment@e36bb2a], resourceBasePath = 'src/main/webapp', contextLoader = 'org.springframework.boot.test.context.SpringBootContextLoader', parent = [null]], attributes = map['org.springframework.test.context.web.ServletTestExecutionListener.activateListener' -> true, 'org.springframework.test.context.web.ServletTestExecutionListener.populatedRequestContextHolder' -> true, 'org.springframework.test.context.web.ServletTestExecutionListener.resetRequestContextHolder' -> true, 'org.springframework.test.context.event.ApplicationEventsTestExecutionListener.recordApplicationEvents' -> false]]; transaction manager [org.springframework.orm.jpa.JpaTransactionManager@6fa9cf83]; rollback [true]
2022-11-10 13:53:25.412  INFO 27444 --- [    Test worker] o.s.t.c.transaction.TransactionContext   : Rolled back transaction for test: [DefaultTestContext@1b7f06c7 testClass = InterviewControllerMethodTest, testInstance = com.sprint.naukri.InterviewControllerMethodTest@2f0564df, testMethod = testGetInterviewById@InterviewControllerMethodTest, testException = [null], mergedContextConfiguration = [WebMergedContextConfiguration@151732fb testClass = InterviewControllerMethodTest, locations = '{}', classes = '{class com.sprint.naukri.NaukriApplication}', contextInitializerClasses = '[]', activeProfiles = '{}', propertySourceLocations = '{}', propertySourceProperties = '{org.springframework.boot.test.context.SpringBootTestContextBootstrapper=true}', contextCustomizers = set[org.springframework.boot.test.autoconfigure.actuate.metrics.MetricsExportContextCustomizerFactory$DisableMetricExportContextCustomizer@5634d0f4, org.springframework.boot.test.autoconfigure.properties.PropertyMappingContextCustomizer@0, org.springframework.boot.test.autoconfigure.web.servlet.WebDriverContextCustomizerFactory$Customizer@67e13bd0, org.springframework.boot.test.context.filter.ExcludeFilterContextCustomizer@4228bf58, org.springframework.boot.test.json.DuplicateJsonObjectContextCustomizerFactory$DuplicateJsonObjectContextCustomizer@60c8a093, org.springframework.boot.test.mock.mockito.MockitoContextCustomizer@0, org.springframework.boot.test.web.client.TestRestTemplateContextCustomizer@2f5b8250, org.springframework.boot.test.context.SpringBootTestArgs@1, org.springframework.boot.test.context.SpringBootTestWebEnvironment@e36bb2a], resourceBasePath = 'src/main/webapp', contextLoader = 'org.springframework.boot.test.context.SpringBootContextLoader', parent = [null]], attributes = map['org.springframework.test.context.web.ServletTestExecutionListener.activateListener' -> true, 'org.springframework.test.context.web.ServletTestExecutionListener.populatedRequestContextHolder' -> true, 'org.springframework.test.context.web.ServletTestExecutionListener.resetRequestContextHolder' -> true, 'org.springframework.test.context.event.ApplicationEventsTestExecutionListener.recordApplicationEvents' -> false]]
]]></system-out>
  <system-err><![CDATA[]]></system-err>
</testsuite>
