<?xml version="1.0" encoding="UTF-8"?>
<testsuite name="com.sprint.naukri.AllTransactionalCandidateServiceTest" tests="11" skipped="0" failures="0" errors="0" timestamp="2022-11-10T08:21:32" hostname="YASH" time="0.706">
  <properties/>
  <testcase name="provideCandidateFeedbackTest()" classname="com.sprint.naukri.AllTransactionalCandidateServiceTest" time="0.481"/>
  <testcase name="updateLocationByCandidateIdTest()" classname="com.sprint.naukri.AllTransactionalCandidateServiceTest" time="0.033"/>
  <testcase name="updateLocationByCandidateIdTestFailed()" classname="com.sprint.naukri.AllTransactionalCandidateServiceTest" time="0.02"/>
  <testcase name="removeSkillbyCanidateIdAndSkillName()" classname="com.sprint.naukri.AllTransactionalCandidateServiceTest" time="0.042"/>
  <testcase name="addSkillByCandidateIdTestFailed()" classname="com.sprint.naukri.AllTransactionalCandidateServiceTest" time="0.016"/>
  <testcase name="addProjectbyIdTestfalied()" classname="com.sprint.naukri.AllTransactionalCandidateServiceTest" time="0.011"/>
  <testcase name="addProjectbyIdTest()" classname="com.sprint.naukri.AllTransactionalCandidateServiceTest" time="0.017"/>
  <testcase name="removeSkillbyCanidateIdAndSkillNameFailed2()" classname="com.sprint.naukri.AllTransactionalCandidateServiceTest" time="0.016"/>
  <testcase name="removeSkillbyCanidateIdAndSkillNameFailed()" classname="com.sprint.naukri.AllTransactionalCandidateServiceTest" time="0.017"/>
  <testcase name="addSkillByCandidateIdTest()" classname="com.sprint.naukri.AllTransactionalCandidateServiceTest" time="0.022"/>
  <testcase name="provideCandidateFeedbackTestfailed()" classname="com.sprint.naukri.AllTransactionalCandidateServiceTest" time="0.018"/>
  <system-out><![CDATA[13:51:20.425 [Test worker] DEBUG org.springframework.test.context.BootstrapUtils - Instantiating CacheAwareContextLoaderDelegate from class [org.springframework.test.context.cache.DefaultCacheAwareContextLoaderDelegate]
13:51:20.447 [Test worker] DEBUG org.springframework.test.context.BootstrapUtils - Instantiating BootstrapContext using constructor [public org.springframework.test.context.support.DefaultBootstrapContext(java.lang.Class,org.springframework.test.context.CacheAwareContextLoaderDelegate)]
13:51:20.520 [Test worker] DEBUG org.springframework.test.context.BootstrapUtils - Instantiating TestContextBootstrapper for test class [com.sprint.naukri.AllTransactionalCandidateServiceTest] from class [org.springframework.boot.test.context.SpringBootTestContextBootstrapper]
13:51:20.536 [Test worker] INFO org.springframework.boot.test.context.SpringBootTestContextBootstrapper - Neither @ContextConfiguration nor @ContextHierarchy found for test class [com.sprint.naukri.AllTransactionalCandidateServiceTest], using SpringBootContextLoader
13:51:20.543 [Test worker] DEBUG org.springframework.test.context.support.AbstractContextLoader - Did not detect default resource location for test class [com.sprint.naukri.AllTransactionalCandidateServiceTest]: class path resource [com/sprint/naukri/AllTransactionalCandidateServiceTest-context.xml] does not exist
13:51:20.543 [Test worker] DEBUG org.springframework.test.context.support.AbstractContextLoader - Did not detect default resource location for test class [com.sprint.naukri.AllTransactionalCandidateServiceTest]: class path resource [com/sprint/naukri/AllTransactionalCandidateServiceTestContext.groovy] does not exist
13:51:20.543 [Test worker] INFO org.springframework.test.context.support.AbstractContextLoader - Could not detect default resource locations for test class [com.sprint.naukri.AllTransactionalCandidateServiceTest]: no resource found for suffixes {-context.xml, Context.groovy}.
13:51:20.544 [Test worker] INFO org.springframework.test.context.support.AnnotationConfigContextLoaderUtils - Could not detect default configuration classes for test class [com.sprint.naukri.AllTransactionalCandidateServiceTest]: AllTransactionalCandidateServiceTest does not declare any static, non-private, non-final, nested classes annotated with @Configuration.
13:51:20.604 [Test worker] DEBUG org.springframework.test.context.support.ActiveProfilesUtils - Could not find an 'annotation declaring class' for annotation type [org.springframework.test.context.ActiveProfiles] and class [com.sprint.naukri.AllTransactionalCandidateServiceTest]
13:51:20.837 [Test worker] DEBUG org.springframework.context.annotation.ClassPathScanningCandidateComponentProvider - Identified candidate component class: file [D:\Java practice\SpringBoot\final\naukri\build\classes\java\main\com\sprint\naukri\NaukriApplication.class]
13:51:20.839 [Test worker] INFO org.springframework.boot.test.context.SpringBootTestContextBootstrapper - Found @SpringBootConfiguration com.sprint.naukri.NaukriApplication for test class com.sprint.naukri.AllTransactionalCandidateServiceTest
13:51:20.995 [Test worker] DEBUG org.springframework.boot.test.context.SpringBootTestContextBootstrapper - @TestExecutionListeners is not present for class [com.sprint.naukri.AllTransactionalCandidateServiceTest]: using defaults.
13:51:20.996 [Test worker] INFO org.springframework.boot.test.context.SpringBootTestContextBootstrapper - Loaded default TestExecutionListener class names from location [META-INF/spring.factories]: [org.springframework.security.test.context.support.WithSecurityContextTestExecutionListener, org.springframework.security.test.context.support.ReactorContextTestExecutionListener, org.springframework.boot.test.autoconfigure.restdocs.RestDocsTestExecutionListener, org.springframework.boot.test.autoconfigure.web.client.MockRestServiceServerResetTestExecutionListener, org.springframework.boot.test.autoconfigure.web.servlet.MockMvcPrintOnlyOnFailureTestExecutionListener, org.springframework.boot.test.autoconfigure.web.servlet.WebDriverTestExecutionListener, org.springframework.boot.test.autoconfigure.webservices.client.MockWebServiceServerTestExecutionListener, org.springframework.boot.test.mock.mockito.MockitoTestExecutionListener, org.springframework.boot.test.mock.mockito.ResetMocksTestExecutionListener, org.springframework.test.context.web.ServletTestExecutionListener, org.springframework.test.context.support.DirtiesContextBeforeModesTestExecutionListener, org.springframework.test.context.event.ApplicationEventsTestExecutionListener, org.springframework.test.context.support.DependencyInjectionTestExecutionListener, org.springframework.test.context.support.DirtiesContextTestExecutionListener, org.springframework.test.context.transaction.TransactionalTestExecutionListener, org.springframework.test.context.jdbc.SqlScriptsTestExecutionListener, org.springframework.test.context.event.EventPublishingTestExecutionListener]
13:51:21.025 [Test worker] INFO org.springframework.boot.test.context.SpringBootTestContextBootstrapper - Using TestExecutionListeners: [org.springframework.test.context.web.ServletTestExecutionListener@4bc6da03, org.springframework.test.context.support.DirtiesContextBeforeModesTestExecutionListener@4f59a516, org.springframework.test.context.event.ApplicationEventsTestExecutionListener@4e22368c, org.springframework.boot.test.mock.mockito.MockitoTestExecutionListener@411cd156, org.springframework.boot.test.autoconfigure.SpringBootDependencyInjectionTestExecutionListener@3c770db4, org.springframework.test.context.support.DirtiesContextTestExecutionListener@3e046e39, org.springframework.test.context.transaction.TransactionalTestExecutionListener@61cda923, org.springframework.test.context.jdbc.SqlScriptsTestExecutionListener@46fc522d, org.springframework.security.test.context.support.WithSecurityContextTestExecutionListener@4262fdeb, org.springframework.test.context.event.EventPublishingTestExecutionListener@5f0a2638, org.springframework.security.test.context.support.ReactorContextTestExecutionListener@5382184b, org.springframework.boot.test.autoconfigure.restdocs.RestDocsTestExecutionListener@77cb452c, org.springframework.boot.test.autoconfigure.web.client.MockRestServiceServerResetTestExecutionListener@2213639b, org.springframework.boot.test.autoconfigure.web.servlet.MockMvcPrintOnlyOnFailureTestExecutionListener@2c26ba07, org.springframework.boot.test.autoconfigure.web.servlet.WebDriverTestExecutionListener@6f25bf88, org.springframework.boot.test.autoconfigure.webservices.client.MockWebServiceServerTestExecutionListener@42ea7565, org.springframework.boot.test.mock.mockito.ResetMocksTestExecutionListener@7b5cc918]
13:51:21.030 [Test worker] DEBUG org.springframework.test.context.support.AbstractDirtiesContextTestExecutionListener - Before test class: context [DefaultTestContext@776015fc testClass = AllTransactionalCandidateServiceTest, testInstance = [null], testMethod = [null], testException = [null], mergedContextConfiguration = [WebMergedContextConfiguration@7f42e06e testClass = AllTransactionalCandidateServiceTest, locations = '{}', classes = '{class com.sprint.naukri.NaukriApplication}', contextInitializerClasses = '[]', activeProfiles = '{}', propertySourceLocations = '{}', propertySourceProperties = '{org.springframework.boot.test.context.SpringBootTestContextBootstrapper=true}', contextCustomizers = set[org.springframework.boot.test.autoconfigure.actuate.metrics.MetricsExportContextCustomizerFactory$DisableMetricExportContextCustomizer@6573d2f7, org.springframework.boot.test.autoconfigure.properties.PropertyMappingContextCustomizer@0, org.springframework.boot.test.autoconfigure.web.servlet.WebDriverContextCustomizerFactory$Customizer@250a500b, org.springframework.boot.test.context.filter.ExcludeFilterContextCustomizer@291373d3, org.springframework.boot.test.json.DuplicateJsonObjectContextCustomizerFactory$DuplicateJsonObjectContextCustomizer@a5272be, org.springframework.boot.test.mock.mockito.MockitoContextCustomizer@0, org.springframework.boot.test.web.client.TestRestTemplateContextCustomizer@6cf0a747, org.springframework.boot.test.context.SpringBootTestArgs@1, org.springframework.boot.test.context.SpringBootTestWebEnvironment@538cd0f2], resourceBasePath = 'src/main/webapp', contextLoader = 'org.springframework.boot.test.context.SpringBootContextLoader', parent = [null]], attributes = map['org.springframework.test.context.web.ServletTestExecutionListener.activateListener' -> true]], class annotated with @DirtiesContext [false] with mode [null].

  .   ____          _            __ _ _
 /\\ / ___'_ __ _ _(_)_ __  __ _ \ \ \ \
( ( )\___ | '_ | '_| | '_ \/ _` | \ \ \ \
 \\/  ___)| |_)| | | | | || (_| |  ) ) ) )
  '  |____| .__|_| |_|_| |_\__, | / / / /
 =========|_|==============|___/=/_/_/_/
 :: Spring Boot ::               (v2.6.12)

2022-11-10 13:51:21.458  INFO 316 --- [    Test worker] s.n.AllTransactionalCandidateServiceTest : Starting AllTransactionalCandidateServiceTest using Java 17.0.4.1 on Yash with PID 316 (started by yashs in D:\Java practice\SpringBoot\final\naukri)
2022-11-10 13:51:21.459  INFO 316 --- [    Test worker] s.n.AllTransactionalCandidateServiceTest : No active profile set, falling back to 1 default profile: "default"
2022-11-10 13:51:22.273  INFO 316 --- [    Test worker] .s.d.r.c.RepositoryConfigurationDelegate : Bootstrapping Spring Data JPA repositories in DEFAULT mode.
2022-11-10 13:51:22.350  INFO 316 --- [    Test worker] .s.d.r.c.RepositoryConfigurationDelegate : Finished Spring Data repository scanning in 66 ms. Found 6 JPA repository interfaces.
2022-11-10 13:51:23.623  INFO 316 --- [    Test worker] o.hibernate.jpa.internal.util.LogHelper  : HHH000204: Processing PersistenceUnitInfo [name: default]
2022-11-10 13:51:23.715  INFO 316 --- [    Test worker] org.hibernate.Version                    : HHH000412: Hibernate ORM core version 5.6.11.Final
2022-11-10 13:51:23.949  INFO 316 --- [    Test worker] o.hibernate.annotations.common.Version   : HCANN000001: Hibernate Commons Annotations {5.1.2.Final}
2022-11-10 13:51:24.123  INFO 316 --- [    Test worker] com.zaxxer.hikari.HikariDataSource       : HikariPool-1 - Starting...
2022-11-10 13:51:24.501  INFO 316 --- [    Test worker] com.zaxxer.hikari.HikariDataSource       : HikariPool-1 - Start completed.
2022-11-10 13:51:24.580  INFO 316 --- [    Test worker] org.hibernate.dialect.Dialect            : HHH000400: Using dialect: org.hibernate.dialect.PostgreSQLDialect
2022-11-10 13:51:26.357  INFO 316 --- [    Test worker] o.h.e.t.j.p.i.JtaPlatformInitiator       : HHH000490: Using JtaPlatform implementation: [org.hibernate.engine.transaction.jta.platform.internal.NoJtaPlatform]
2022-11-10 13:51:26.379  INFO 316 --- [    Test worker] j.LocalContainerEntityManagerFactoryBean : Initialized JPA EntityManagerFactory for persistence unit 'default'
2022-11-10 13:51:27.100  WARN 316 --- [    Test worker] JpaBaseConfiguration$JpaWebConfiguration : spring.jpa.open-in-view is enabled by default. Therefore, database queries may be performed during view rendering. Explicitly configure spring.jpa.open-in-view to disable this warning
2022-11-10 13:51:28.526  INFO 316 --- [    Test worker] o.s.s.web.DefaultSecurityFilterChain     : Will secure any request with [org.springframework.security.web.context.request.async.WebAsyncManagerIntegrationFilter@4c45248d, org.springframework.security.web.context.SecurityContextPersistenceFilter@64f9809e, org.springframework.security.web.header.HeaderWriterFilter@2aee5242, org.springframework.security.web.authentication.logout.LogoutFilter@77e0ea9f, com.helper.JwtFilter@1691e18d, org.springframework.security.web.savedrequest.RequestCacheAwareFilter@7b7e07f, org.springframework.security.web.servletapi.SecurityContextHolderAwareRequestFilter@2cdc2927, org.springframework.security.web.authentication.AnonymousAuthenticationFilter@3462ae9f, org.springframework.security.web.session.SessionManagementFilter@f029f0a, org.springframework.security.web.access.ExceptionTranslationFilter@11d24455, org.springframework.security.web.access.intercept.FilterSecurityInterceptor@3d6665d4]
2022-11-10 13:51:32.123  INFO 316 --- [    Test worker] s.n.AllTransactionalCandidateServiceTest : Started AllTransactionalCandidateServiceTest in 11.03 seconds (JVM running for 13.635)
2022-11-10 13:51:32.163  INFO 316 --- [    Test worker] o.s.t.c.transaction.TransactionContext   : Began transaction (1) for test context [DefaultTestContext@776015fc testClass = AllTransactionalCandidateServiceTest, testInstance = com.sprint.naukri.AllTransactionalCandidateServiceTest@410dcb8b, testMethod = provideCandidateFeedbackTest@AllTransactionalCandidateServiceTest, testException = [null], mergedContextConfiguration = [WebMergedContextConfiguration@7f42e06e testClass = AllTransactionalCandidateServiceTest, locations = '{}', classes = '{class com.sprint.naukri.NaukriApplication}', contextInitializerClasses = '[]', activeProfiles = '{}', propertySourceLocations = '{}', propertySourceProperties = '{org.springframework.boot.test.context.SpringBootTestContextBootstrapper=true}', contextCustomizers = set[org.springframework.boot.test.autoconfigure.actuate.metrics.MetricsExportContextCustomizerFactory$DisableMetricExportContextCustomizer@6573d2f7, org.springframework.boot.test.autoconfigure.properties.PropertyMappingContextCustomizer@0, org.springframework.boot.test.autoconfigure.web.servlet.WebDriverContextCustomizerFactory$Customizer@250a500b, org.springframework.boot.test.context.filter.ExcludeFilterContextCustomizer@291373d3, org.springframework.boot.test.json.DuplicateJsonObjectContextCustomizerFactory$DuplicateJsonObjectContextCustomizer@a5272be, org.springframework.boot.test.mock.mockito.MockitoContextCustomizer@0, org.springframework.boot.test.web.client.TestRestTemplateContextCustomizer@6cf0a747, org.springframework.boot.test.context.SpringBootTestArgs@1, org.springframework.boot.test.context.SpringBootTestWebEnvironment@538cd0f2], resourceBasePath = 'src/main/webapp', contextLoader = 'org.springframework.boot.test.context.SpringBootContextLoader', parent = [null]], attributes = map['org.springframework.test.context.web.ServletTestExecutionListener.activateListener' -> true, 'org.springframework.test.context.web.ServletTestExecutionListener.populatedRequestContextHolder' -> true, 'org.springframework.test.context.web.ServletTestExecutionListener.resetRequestContextHolder' -> true, 'org.springframework.test.context.event.ApplicationEventsTestExecutionListener.recordApplicationEvents' -> false]]; transaction manager [org.springframework.orm.jpa.JpaTransactionManager@17e1125]; rollback [true]
2022-11-10 13:51:32.627  INFO 316 --- [    Test worker] o.s.t.c.transaction.TransactionContext   : Rolled back transaction for test: [DefaultTestContext@776015fc testClass = AllTransactionalCandidateServiceTest, testInstance = com.sprint.naukri.AllTransactionalCandidateServiceTest@410dcb8b, testMethod = provideCandidateFeedbackTest@AllTransactionalCandidateServiceTest, testException = [null], mergedContextConfiguration = [WebMergedContextConfiguration@7f42e06e testClass = AllTransactionalCandidateServiceTest, locations = '{}', classes = '{class com.sprint.naukri.NaukriApplication}', contextInitializerClasses = '[]', activeProfiles = '{}', propertySourceLocations = '{}', propertySourceProperties = '{org.springframework.boot.test.context.SpringBootTestContextBootstrapper=true}', contextCustomizers = set[org.springframework.boot.test.autoconfigure.actuate.metrics.MetricsExportContextCustomizerFactory$DisableMetricExportContextCustomizer@6573d2f7, org.springframework.boot.test.autoconfigure.properties.PropertyMappingContextCustomizer@0, org.springframework.boot.test.autoconfigure.web.servlet.WebDriverContextCustomizerFactory$Customizer@250a500b, org.springframework.boot.test.context.filter.ExcludeFilterContextCustomizer@291373d3, org.springframework.boot.test.json.DuplicateJsonObjectContextCustomizerFactory$DuplicateJsonObjectContextCustomizer@a5272be, org.springframework.boot.test.mock.mockito.MockitoContextCustomizer@0, org.springframework.boot.test.web.client.TestRestTemplateContextCustomizer@6cf0a747, org.springframework.boot.test.context.SpringBootTestArgs@1, org.springframework.boot.test.context.SpringBootTestWebEnvironment@538cd0f2], resourceBasePath = 'src/main/webapp', contextLoader = 'org.springframework.boot.test.context.SpringBootContextLoader', parent = [null]], attributes = map['org.springframework.test.context.web.ServletTestExecutionListener.activateListener' -> true, 'org.springframework.test.context.web.ServletTestExecutionListener.populatedRequestContextHolder' -> true, 'org.springframework.test.context.web.ServletTestExecutionListener.resetRequestContextHolder' -> true, 'org.springframework.test.context.event.ApplicationEventsTestExecutionListener.recordApplicationEvents' -> false]]
2022-11-10 13:51:32.636  INFO 316 --- [    Test worker] o.s.t.c.transaction.TransactionContext   : Began transaction (1) for test context [DefaultTestContext@776015fc testClass = AllTransactionalCandidateServiceTest, testInstance = com.sprint.naukri.AllTransactionalCandidateServiceTest@171301f, testMethod = updateLocationByCandidateIdTest@AllTransactionalCandidateServiceTest, testException = [null], mergedContextConfiguration = [WebMergedContextConfiguration@7f42e06e testClass = AllTransactionalCandidateServiceTest, locations = '{}', classes = '{class com.sprint.naukri.NaukriApplication}', contextInitializerClasses = '[]', activeProfiles = '{}', propertySourceLocations = '{}', propertySourceProperties = '{org.springframework.boot.test.context.SpringBootTestContextBootstrapper=true}', contextCustomizers = set[org.springframework.boot.test.autoconfigure.actuate.metrics.MetricsExportContextCustomizerFactory$DisableMetricExportContextCustomizer@6573d2f7, org.springframework.boot.test.autoconfigure.properties.PropertyMappingContextCustomizer@0, org.springframework.boot.test.autoconfigure.web.servlet.WebDriverContextCustomizerFactory$Customizer@250a500b, org.springframework.boot.test.context.filter.ExcludeFilterContextCustomizer@291373d3, org.springframework.boot.test.json.DuplicateJsonObjectContextCustomizerFactory$DuplicateJsonObjectContextCustomizer@a5272be, org.springframework.boot.test.mock.mockito.MockitoContextCustomizer@0, org.springframework.boot.test.web.client.TestRestTemplateContextCustomizer@6cf0a747, org.springframework.boot.test.context.SpringBootTestArgs@1, org.springframework.boot.test.context.SpringBootTestWebEnvironment@538cd0f2], resourceBasePath = 'src/main/webapp', contextLoader = 'org.springframework.boot.test.context.SpringBootContextLoader', parent = [null]], attributes = map['org.springframework.test.context.web.ServletTestExecutionListener.activateListener' -> true, 'org.springframework.test.context.web.ServletTestExecutionListener.populatedRequestContextHolder' -> true, 'org.springframework.test.context.web.ServletTestExecutionListener.resetRequestContextHolder' -> true, 'org.springframework.test.context.event.ApplicationEventsTestExecutionListener.recordApplicationEvents' -> false]]; transaction manager [org.springframework.orm.jpa.JpaTransactionManager@17e1125]; rollback [true]
2022-11-10 13:51:32.667  INFO 316 --- [    Test worker] o.s.t.c.transaction.TransactionContext   : Rolled back transaction for test: [DefaultTestContext@776015fc testClass = AllTransactionalCandidateServiceTest, testInstance = com.sprint.naukri.AllTransactionalCandidateServiceTest@171301f, testMethod = updateLocationByCandidateIdTest@AllTransactionalCandidateServiceTest, testException = [null], mergedContextConfiguration = [WebMergedContextConfiguration@7f42e06e testClass = AllTransactionalCandidateServiceTest, locations = '{}', classes = '{class com.sprint.naukri.NaukriApplication}', contextInitializerClasses = '[]', activeProfiles = '{}', propertySourceLocations = '{}', propertySourceProperties = '{org.springframework.boot.test.context.SpringBootTestContextBootstrapper=true}', contextCustomizers = set[org.springframework.boot.test.autoconfigure.actuate.metrics.MetricsExportContextCustomizerFactory$DisableMetricExportContextCustomizer@6573d2f7, org.springframework.boot.test.autoconfigure.properties.PropertyMappingContextCustomizer@0, org.springframework.boot.test.autoconfigure.web.servlet.WebDriverContextCustomizerFactory$Customizer@250a500b, org.springframework.boot.test.context.filter.ExcludeFilterContextCustomizer@291373d3, org.springframework.boot.test.json.DuplicateJsonObjectContextCustomizerFactory$DuplicateJsonObjectContextCustomizer@a5272be, org.springframework.boot.test.mock.mockito.MockitoContextCustomizer@0, org.springframework.boot.test.web.client.TestRestTemplateContextCustomizer@6cf0a747, org.springframework.boot.test.context.SpringBootTestArgs@1, org.springframework.boot.test.context.SpringBootTestWebEnvironment@538cd0f2], resourceBasePath = 'src/main/webapp', contextLoader = 'org.springframework.boot.test.context.SpringBootContextLoader', parent = [null]], attributes = map['org.springframework.test.context.web.ServletTestExecutionListener.activateListener' -> true, 'org.springframework.test.context.web.ServletTestExecutionListener.populatedRequestContextHolder' -> true, 'org.springframework.test.context.web.ServletTestExecutionListener.resetRequestContextHolder' -> true, 'org.springframework.test.context.event.ApplicationEventsTestExecutionListener.recordApplicationEvents' -> false]]
2022-11-10 13:51:32.670  INFO 316 --- [    Test worker] o.s.t.c.transaction.TransactionContext   : Began transaction (1) for test context [DefaultTestContext@776015fc testClass = AllTransactionalCandidateServiceTest, testInstance = com.sprint.naukri.AllTransactionalCandidateServiceTest@235e73b0, testMethod = updateLocationByCandidateIdTestFailed@AllTransactionalCandidateServiceTest, testException = [null], mergedContextConfiguration = [WebMergedContextConfiguration@7f42e06e testClass = AllTransactionalCandidateServiceTest, locations = '{}', classes = '{class com.sprint.naukri.NaukriApplication}', contextInitializerClasses = '[]', activeProfiles = '{}', propertySourceLocations = '{}', propertySourceProperties = '{org.springframework.boot.test.context.SpringBootTestContextBootstrapper=true}', contextCustomizers = set[org.springframework.boot.test.autoconfigure.actuate.metrics.MetricsExportContextCustomizerFactory$DisableMetricExportContextCustomizer@6573d2f7, org.springframework.boot.test.autoconfigure.properties.PropertyMappingContextCustomizer@0, org.springframework.boot.test.autoconfigure.web.servlet.WebDriverContextCustomizerFactory$Customizer@250a500b, org.springframework.boot.test.context.filter.ExcludeFilterContextCustomizer@291373d3, org.springframework.boot.test.json.DuplicateJsonObjectContextCustomizerFactory$DuplicateJsonObjectContextCustomizer@a5272be, org.springframework.boot.test.mock.mockito.MockitoContextCustomizer@0, org.springframework.boot.test.web.client.TestRestTemplateContextCustomizer@6cf0a747, org.springframework.boot.test.context.SpringBootTestArgs@1, org.springframework.boot.test.context.SpringBootTestWebEnvironment@538cd0f2], resourceBasePath = 'src/main/webapp', contextLoader = 'org.springframework.boot.test.context.SpringBootContextLoader', parent = [null]], attributes = map['org.springframework.test.context.web.ServletTestExecutionListener.activateListener' -> true, 'org.springframework.test.context.web.ServletTestExecutionListener.populatedRequestContextHolder' -> true, 'org.springframework.test.context.web.ServletTestExecutionListener.resetRequestContextHolder' -> true, 'org.springframework.test.context.event.ApplicationEventsTestExecutionListener.recordApplicationEvents' -> false]]; transaction manager [org.springframework.orm.jpa.JpaTransactionManager@17e1125]; rollback [true]
2022-11-10 13:51:32.689  INFO 316 --- [    Test worker] o.s.t.c.transaction.TransactionContext   : Rolled back transaction for test: [DefaultTestContext@776015fc testClass = AllTransactionalCandidateServiceTest, testInstance = com.sprint.naukri.AllTransactionalCandidateServiceTest@235e73b0, testMethod = updateLocationByCandidateIdTestFailed@AllTransactionalCandidateServiceTest, testException = [null], mergedContextConfiguration = [WebMergedContextConfiguration@7f42e06e testClass = AllTransactionalCandidateServiceTest, locations = '{}', classes = '{class com.sprint.naukri.NaukriApplication}', contextInitializerClasses = '[]', activeProfiles = '{}', propertySourceLocations = '{}', propertySourceProperties = '{org.springframework.boot.test.context.SpringBootTestContextBootstrapper=true}', contextCustomizers = set[org.springframework.boot.test.autoconfigure.actuate.metrics.MetricsExportContextCustomizerFactory$DisableMetricExportContextCustomizer@6573d2f7, org.springframework.boot.test.autoconfigure.properties.PropertyMappingContextCustomizer@0, org.springframework.boot.test.autoconfigure.web.servlet.WebDriverContextCustomizerFactory$Customizer@250a500b, org.springframework.boot.test.context.filter.ExcludeFilterContextCustomizer@291373d3, org.springframework.boot.test.json.DuplicateJsonObjectContextCustomizerFactory$DuplicateJsonObjectContextCustomizer@a5272be, org.springframework.boot.test.mock.mockito.MockitoContextCustomizer@0, org.springframework.boot.test.web.client.TestRestTemplateContextCustomizer@6cf0a747, org.springframework.boot.test.context.SpringBootTestArgs@1, org.springframework.boot.test.context.SpringBootTestWebEnvironment@538cd0f2], resourceBasePath = 'src/main/webapp', contextLoader = 'org.springframework.boot.test.context.SpringBootContextLoader', parent = [null]], attributes = map['org.springframework.test.context.web.ServletTestExecutionListener.activateListener' -> true, 'org.springframework.test.context.web.ServletTestExecutionListener.populatedRequestContextHolder' -> true, 'org.springframework.test.context.web.ServletTestExecutionListener.resetRequestContextHolder' -> true, 'org.springframework.test.context.event.ApplicationEventsTestExecutionListener.recordApplicationEvents' -> false]]
2022-11-10 13:51:32.692  INFO 316 --- [    Test worker] o.s.t.c.transaction.TransactionContext   : Began transaction (1) for test context [DefaultTestContext@776015fc testClass = AllTransactionalCandidateServiceTest, testInstance = com.sprint.naukri.AllTransactionalCandidateServiceTest@64edc74c, testMethod = removeSkillbyCanidateIdAndSkillName@AllTransactionalCandidateServiceTest, testException = [null], mergedContextConfiguration = [WebMergedContextConfiguration@7f42e06e testClass = AllTransactionalCandidateServiceTest, locations = '{}', classes = '{class com.sprint.naukri.NaukriApplication}', contextInitializerClasses = '[]', activeProfiles = '{}', propertySourceLocations = '{}', propertySourceProperties = '{org.springframework.boot.test.context.SpringBootTestContextBootstrapper=true}', contextCustomizers = set[org.springframework.boot.test.autoconfigure.actuate.metrics.MetricsExportContextCustomizerFactory$DisableMetricExportContextCustomizer@6573d2f7, org.springframework.boot.test.autoconfigure.properties.PropertyMappingContextCustomizer@0, org.springframework.boot.test.autoconfigure.web.servlet.WebDriverContextCustomizerFactory$Customizer@250a500b, org.springframework.boot.test.context.filter.ExcludeFilterContextCustomizer@291373d3, org.springframework.boot.test.json.DuplicateJsonObjectContextCustomizerFactory$DuplicateJsonObjectContextCustomizer@a5272be, org.springframework.boot.test.mock.mockito.MockitoContextCustomizer@0, org.springframework.boot.test.web.client.TestRestTemplateContextCustomizer@6cf0a747, org.springframework.boot.test.context.SpringBootTestArgs@1, org.springframework.boot.test.context.SpringBootTestWebEnvironment@538cd0f2], resourceBasePath = 'src/main/webapp', contextLoader = 'org.springframework.boot.test.context.SpringBootContextLoader', parent = [null]], attributes = map['org.springframework.test.context.web.ServletTestExecutionListener.activateListener' -> true, 'org.springframework.test.context.web.ServletTestExecutionListener.populatedRequestContextHolder' -> true, 'org.springframework.test.context.web.ServletTestExecutionListener.resetRequestContextHolder' -> true, 'org.springframework.test.context.event.ApplicationEventsTestExecutionListener.recordApplicationEvents' -> false]]; transaction manager [org.springframework.orm.jpa.JpaTransactionManager@17e1125]; rollback [true]
2022-11-10 13:51:32.732  INFO 316 --- [    Test worker] o.s.t.c.transaction.TransactionContext   : Rolled back transaction for test: [DefaultTestContext@776015fc testClass = AllTransactionalCandidateServiceTest, testInstance = com.sprint.naukri.AllTransactionalCandidateServiceTest@64edc74c, testMethod = removeSkillbyCanidateIdAndSkillName@AllTransactionalCandidateServiceTest, testException = [null], mergedContextConfiguration = [WebMergedContextConfiguration@7f42e06e testClass = AllTransactionalCandidateServiceTest, locations = '{}', classes = '{class com.sprint.naukri.NaukriApplication}', contextInitializerClasses = '[]', activeProfiles = '{}', propertySourceLocations = '{}', propertySourceProperties = '{org.springframework.boot.test.context.SpringBootTestContextBootstrapper=true}', contextCustomizers = set[org.springframework.boot.test.autoconfigure.actuate.metrics.MetricsExportContextCustomizerFactory$DisableMetricExportContextCustomizer@6573d2f7, org.springframework.boot.test.autoconfigure.properties.PropertyMappingContextCustomizer@0, org.springframework.boot.test.autoconfigure.web.servlet.WebDriverContextCustomizerFactory$Customizer@250a500b, org.springframework.boot.test.context.filter.ExcludeFilterContextCustomizer@291373d3, org.springframework.boot.test.json.DuplicateJsonObjectContextCustomizerFactory$DuplicateJsonObjectContextCustomizer@a5272be, org.springframework.boot.test.mock.mockito.MockitoContextCustomizer@0, org.springframework.boot.test.web.client.TestRestTemplateContextCustomizer@6cf0a747, org.springframework.boot.test.context.SpringBootTestArgs@1, org.springframework.boot.test.context.SpringBootTestWebEnvironment@538cd0f2], resourceBasePath = 'src/main/webapp', contextLoader = 'org.springframework.boot.test.context.SpringBootContextLoader', parent = [null]], attributes = map['org.springframework.test.context.web.ServletTestExecutionListener.activateListener' -> true, 'org.springframework.test.context.web.ServletTestExecutionListener.populatedRequestContextHolder' -> true, 'org.springframework.test.context.web.ServletTestExecutionListener.resetRequestContextHolder' -> true, 'org.springframework.test.context.event.ApplicationEventsTestExecutionListener.recordApplicationEvents' -> false]]
2022-11-10 13:51:32.734  INFO 316 --- [    Test worker] o.s.t.c.transaction.TransactionContext   : Began transaction (1) for test context [DefaultTestContext@776015fc testClass = AllTransactionalCandidateServiceTest, testInstance = com.sprint.naukri.AllTransactionalCandidateServiceTest@5cb061e7, testMethod = addSkillByCandidateIdTestFailed@AllTransactionalCandidateServiceTest, testException = [null], mergedContextConfiguration = [WebMergedContextConfiguration@7f42e06e testClass = AllTransactionalCandidateServiceTest, locations = '{}', classes = '{class com.sprint.naukri.NaukriApplication}', contextInitializerClasses = '[]', activeProfiles = '{}', propertySourceLocations = '{}', propertySourceProperties = '{org.springframework.boot.test.context.SpringBootTestContextBootstrapper=true}', contextCustomizers = set[org.springframework.boot.test.autoconfigure.actuate.metrics.MetricsExportContextCustomizerFactory$DisableMetricExportContextCustomizer@6573d2f7, org.springframework.boot.test.autoconfigure.properties.PropertyMappingContextCustomizer@0, org.springframework.boot.test.autoconfigure.web.servlet.WebDriverContextCustomizerFactory$Customizer@250a500b, org.springframework.boot.test.context.filter.ExcludeFilterContextCustomizer@291373d3, org.springframework.boot.test.json.DuplicateJsonObjectContextCustomizerFactory$DuplicateJsonObjectContextCustomizer@a5272be, org.springframework.boot.test.mock.mockito.MockitoContextCustomizer@0, org.springframework.boot.test.web.client.TestRestTemplateContextCustomizer@6cf0a747, org.springframework.boot.test.context.SpringBootTestArgs@1, org.springframework.boot.test.context.SpringBootTestWebEnvironment@538cd0f2], resourceBasePath = 'src/main/webapp', contextLoader = 'org.springframework.boot.test.context.SpringBootContextLoader', parent = [null]], attributes = map['org.springframework.test.context.web.ServletTestExecutionListener.activateListener' -> true, 'org.springframework.test.context.web.ServletTestExecutionListener.populatedRequestContextHolder' -> true, 'org.springframework.test.context.web.ServletTestExecutionListener.resetRequestContextHolder' -> true, 'org.springframework.test.context.event.ApplicationEventsTestExecutionListener.recordApplicationEvents' -> false]]; transaction manager [org.springframework.orm.jpa.JpaTransactionManager@17e1125]; rollback [true]
2022-11-10 13:51:32.749  INFO 316 --- [    Test worker] o.s.t.c.transaction.TransactionContext   : Rolled back transaction for test: [DefaultTestContext@776015fc testClass = AllTransactionalCandidateServiceTest, testInstance = com.sprint.naukri.AllTransactionalCandidateServiceTest@5cb061e7, testMethod = addSkillByCandidateIdTestFailed@AllTransactionalCandidateServiceTest, testException = [null], mergedContextConfiguration = [WebMergedContextConfiguration@7f42e06e testClass = AllTransactionalCandidateServiceTest, locations = '{}', classes = '{class com.sprint.naukri.NaukriApplication}', contextInitializerClasses = '[]', activeProfiles = '{}', propertySourceLocations = '{}', propertySourceProperties = '{org.springframework.boot.test.context.SpringBootTestContextBootstrapper=true}', contextCustomizers = set[org.springframework.boot.test.autoconfigure.actuate.metrics.MetricsExportContextCustomizerFactory$DisableMetricExportContextCustomizer@6573d2f7, org.springframework.boot.test.autoconfigure.properties.PropertyMappingContextCustomizer@0, org.springframework.boot.test.autoconfigure.web.servlet.WebDriverContextCustomizerFactory$Customizer@250a500b, org.springframework.boot.test.context.filter.ExcludeFilterContextCustomizer@291373d3, org.springframework.boot.test.json.DuplicateJsonObjectContextCustomizerFactory$DuplicateJsonObjectContextCustomizer@a5272be, org.springframework.boot.test.mock.mockito.MockitoContextCustomizer@0, org.springframework.boot.test.web.client.TestRestTemplateContextCustomizer@6cf0a747, org.springframework.boot.test.context.SpringBootTestArgs@1, org.springframework.boot.test.context.SpringBootTestWebEnvironment@538cd0f2], resourceBasePath = 'src/main/webapp', contextLoader = 'org.springframework.boot.test.context.SpringBootContextLoader', parent = [null]], attributes = map['org.springframework.test.context.web.ServletTestExecutionListener.activateListener' -> true, 'org.springframework.test.context.web.ServletTestExecutionListener.populatedRequestContextHolder' -> true, 'org.springframework.test.context.web.ServletTestExecutionListener.resetRequestContextHolder' -> true, 'org.springframework.test.context.event.ApplicationEventsTestExecutionListener.recordApplicationEvents' -> false]]
2022-11-10 13:51:32.752  INFO 316 --- [    Test worker] o.s.t.c.transaction.TransactionContext   : Began transaction (1) for test context [DefaultTestContext@776015fc testClass = AllTransactionalCandidateServiceTest, testInstance = com.sprint.naukri.AllTransactionalCandidateServiceTest@20a101bb, testMethod = addProjectbyIdTestfalied@AllTransactionalCandidateServiceTest, testException = [null], mergedContextConfiguration = [WebMergedContextConfiguration@7f42e06e testClass = AllTransactionalCandidateServiceTest, locations = '{}', classes = '{class com.sprint.naukri.NaukriApplication}', contextInitializerClasses = '[]', activeProfiles = '{}', propertySourceLocations = '{}', propertySourceProperties = '{org.springframework.boot.test.context.SpringBootTestContextBootstrapper=true}', contextCustomizers = set[org.springframework.boot.test.autoconfigure.actuate.metrics.MetricsExportContextCustomizerFactory$DisableMetricExportContextCustomizer@6573d2f7, org.springframework.boot.test.autoconfigure.properties.PropertyMappingContextCustomizer@0, org.springframework.boot.test.autoconfigure.web.servlet.WebDriverContextCustomizerFactory$Customizer@250a500b, org.springframework.boot.test.context.filter.ExcludeFilterContextCustomizer@291373d3, org.springframework.boot.test.json.DuplicateJsonObjectContextCustomizerFactory$DuplicateJsonObjectContextCustomizer@a5272be, org.springframework.boot.test.mock.mockito.MockitoContextCustomizer@0, org.springframework.boot.test.web.client.TestRestTemplateContextCustomizer@6cf0a747, org.springframework.boot.test.context.SpringBootTestArgs@1, org.springframework.boot.test.context.SpringBootTestWebEnvironment@538cd0f2], resourceBasePath = 'src/main/webapp', contextLoader = 'org.springframework.boot.test.context.SpringBootContextLoader', parent = [null]], attributes = map['org.springframework.test.context.web.ServletTestExecutionListener.activateListener' -> true, 'org.springframework.test.context.web.ServletTestExecutionListener.populatedRequestContextHolder' -> true, 'org.springframework.test.context.web.ServletTestExecutionListener.resetRequestContextHolder' -> true, 'org.springframework.test.context.event.ApplicationEventsTestExecutionListener.recordApplicationEvents' -> false]]; transaction manager [org.springframework.orm.jpa.JpaTransactionManager@17e1125]; rollback [true]
2022-11-10 13:51:32.762  INFO 316 --- [    Test worker] o.s.t.c.transaction.TransactionContext   : Rolled back transaction for test: [DefaultTestContext@776015fc testClass = AllTransactionalCandidateServiceTest, testInstance = com.sprint.naukri.AllTransactionalCandidateServiceTest@20a101bb, testMethod = addProjectbyIdTestfalied@AllTransactionalCandidateServiceTest, testException = [null], mergedContextConfiguration = [WebMergedContextConfiguration@7f42e06e testClass = AllTransactionalCandidateServiceTest, locations = '{}', classes = '{class com.sprint.naukri.NaukriApplication}', contextInitializerClasses = '[]', activeProfiles = '{}', propertySourceLocations = '{}', propertySourceProperties = '{org.springframework.boot.test.context.SpringBootTestContextBootstrapper=true}', contextCustomizers = set[org.springframework.boot.test.autoconfigure.actuate.metrics.MetricsExportContextCustomizerFactory$DisableMetricExportContextCustomizer@6573d2f7, org.springframework.boot.test.autoconfigure.properties.PropertyMappingContextCustomizer@0, org.springframework.boot.test.autoconfigure.web.servlet.WebDriverContextCustomizerFactory$Customizer@250a500b, org.springframework.boot.test.context.filter.ExcludeFilterContextCustomizer@291373d3, org.springframework.boot.test.json.DuplicateJsonObjectContextCustomizerFactory$DuplicateJsonObjectContextCustomizer@a5272be, org.springframework.boot.test.mock.mockito.MockitoContextCustomizer@0, org.springframework.boot.test.web.client.TestRestTemplateContextCustomizer@6cf0a747, org.springframework.boot.test.context.SpringBootTestArgs@1, org.springframework.boot.test.context.SpringBootTestWebEnvironment@538cd0f2], resourceBasePath = 'src/main/webapp', contextLoader = 'org.springframework.boot.test.context.SpringBootContextLoader', parent = [null]], attributes = map['org.springframework.test.context.web.ServletTestExecutionListener.activateListener' -> true, 'org.springframework.test.context.web.ServletTestExecutionListener.populatedRequestContextHolder' -> true, 'org.springframework.test.context.web.ServletTestExecutionListener.resetRequestContextHolder' -> true, 'org.springframework.test.context.event.ApplicationEventsTestExecutionListener.recordApplicationEvents' -> false]]
2022-11-10 13:51:32.764  INFO 316 --- [    Test worker] o.s.t.c.transaction.TransactionContext   : Began transaction (1) for test context [DefaultTestContext@776015fc testClass = AllTransactionalCandidateServiceTest, testInstance = com.sprint.naukri.AllTransactionalCandidateServiceTest@23697616, testMethod = addProjectbyIdTest@AllTransactionalCandidateServiceTest, testException = [null], mergedContextConfiguration = [WebMergedContextConfiguration@7f42e06e testClass = AllTransactionalCandidateServiceTest, locations = '{}', classes = '{class com.sprint.naukri.NaukriApplication}', contextInitializerClasses = '[]', activeProfiles = '{}', propertySourceLocations = '{}', propertySourceProperties = '{org.springframework.boot.test.context.SpringBootTestContextBootstrapper=true}', contextCustomizers = set[org.springframework.boot.test.autoconfigure.actuate.metrics.MetricsExportContextCustomizerFactory$DisableMetricExportContextCustomizer@6573d2f7, org.springframework.boot.test.autoconfigure.properties.PropertyMappingContextCustomizer@0, org.springframework.boot.test.autoconfigure.web.servlet.WebDriverContextCustomizerFactory$Customizer@250a500b, org.springframework.boot.test.context.filter.ExcludeFilterContextCustomizer@291373d3, org.springframework.boot.test.json.DuplicateJsonObjectContextCustomizerFactory$DuplicateJsonObjectContextCustomizer@a5272be, org.springframework.boot.test.mock.mockito.MockitoContextCustomizer@0, org.springframework.boot.test.web.client.TestRestTemplateContextCustomizer@6cf0a747, org.springframework.boot.test.context.SpringBootTestArgs@1, org.springframework.boot.test.context.SpringBootTestWebEnvironment@538cd0f2], resourceBasePath = 'src/main/webapp', contextLoader = 'org.springframework.boot.test.context.SpringBootContextLoader', parent = [null]], attributes = map['org.springframework.test.context.web.ServletTestExecutionListener.activateListener' -> true, 'org.springframework.test.context.web.ServletTestExecutionListener.populatedRequestContextHolder' -> true, 'org.springframework.test.context.web.ServletTestExecutionListener.resetRequestContextHolder' -> true, 'org.springframework.test.context.event.ApplicationEventsTestExecutionListener.recordApplicationEvents' -> false]]; transaction manager [org.springframework.orm.jpa.JpaTransactionManager@17e1125]; rollback [true]
2022-11-10 13:51:32.780  INFO 316 --- [    Test worker] o.s.t.c.transaction.TransactionContext   : Rolled back transaction for test: [DefaultTestContext@776015fc testClass = AllTransactionalCandidateServiceTest, testInstance = com.sprint.naukri.AllTransactionalCandidateServiceTest@23697616, testMethod = addProjectbyIdTest@AllTransactionalCandidateServiceTest, testException = [null], mergedContextConfiguration = [WebMergedContextConfiguration@7f42e06e testClass = AllTransactionalCandidateServiceTest, locations = '{}', classes = '{class com.sprint.naukri.NaukriApplication}', contextInitializerClasses = '[]', activeProfiles = '{}', propertySourceLocations = '{}', propertySourceProperties = '{org.springframework.boot.test.context.SpringBootTestContextBootstrapper=true}', contextCustomizers = set[org.springframework.boot.test.autoconfigure.actuate.metrics.MetricsExportContextCustomizerFactory$DisableMetricExportContextCustomizer@6573d2f7, org.springframework.boot.test.autoconfigure.properties.PropertyMappingContextCustomizer@0, org.springframework.boot.test.autoconfigure.web.servlet.WebDriverContextCustomizerFactory$Customizer@250a500b, org.springframework.boot.test.context.filter.ExcludeFilterContextCustomizer@291373d3, org.springframework.boot.test.json.DuplicateJsonObjectContextCustomizerFactory$DuplicateJsonObjectContextCustomizer@a5272be, org.springframework.boot.test.mock.mockito.MockitoContextCustomizer@0, org.springframework.boot.test.web.client.TestRestTemplateContextCustomizer@6cf0a747, org.springframework.boot.test.context.SpringBootTestArgs@1, org.springframework.boot.test.context.SpringBootTestWebEnvironment@538cd0f2], resourceBasePath = 'src/main/webapp', contextLoader = 'org.springframework.boot.test.context.SpringBootContextLoader', parent = [null]], attributes = map['org.springframework.test.context.web.ServletTestExecutionListener.activateListener' -> true, 'org.springframework.test.context.web.ServletTestExecutionListener.populatedRequestContextHolder' -> true, 'org.springframework.test.context.web.ServletTestExecutionListener.resetRequestContextHolder' -> true, 'org.springframework.test.context.event.ApplicationEventsTestExecutionListener.recordApplicationEvents' -> false]]
2022-11-10 13:51:32.783  INFO 316 --- [    Test worker] o.s.t.c.transaction.TransactionContext   : Began transaction (1) for test context [DefaultTestContext@776015fc testClass = AllTransactionalCandidateServiceTest, testInstance = com.sprint.naukri.AllTransactionalCandidateServiceTest@2a82f6b, testMethod = removeSkillbyCanidateIdAndSkillNameFailed2@AllTransactionalCandidateServiceTest, testException = [null], mergedContextConfiguration = [WebMergedContextConfiguration@7f42e06e testClass = AllTransactionalCandidateServiceTest, locations = '{}', classes = '{class com.sprint.naukri.NaukriApplication}', contextInitializerClasses = '[]', activeProfiles = '{}', propertySourceLocations = '{}', propertySourceProperties = '{org.springframework.boot.test.context.SpringBootTestContextBootstrapper=true}', contextCustomizers = set[org.springframework.boot.test.autoconfigure.actuate.metrics.MetricsExportContextCustomizerFactory$DisableMetricExportContextCustomizer@6573d2f7, org.springframework.boot.test.autoconfigure.properties.PropertyMappingContextCustomizer@0, org.springframework.boot.test.autoconfigure.web.servlet.WebDriverContextCustomizerFactory$Customizer@250a500b, org.springframework.boot.test.context.filter.ExcludeFilterContextCustomizer@291373d3, org.springframework.boot.test.json.DuplicateJsonObjectContextCustomizerFactory$DuplicateJsonObjectContextCustomizer@a5272be, org.springframework.boot.test.mock.mockito.MockitoContextCustomizer@0, org.springframework.boot.test.web.client.TestRestTemplateContextCustomizer@6cf0a747, org.springframework.boot.test.context.SpringBootTestArgs@1, org.springframework.boot.test.context.SpringBootTestWebEnvironment@538cd0f2], resourceBasePath = 'src/main/webapp', contextLoader = 'org.springframework.boot.test.context.SpringBootContextLoader', parent = [null]], attributes = map['org.springframework.test.context.web.ServletTestExecutionListener.activateListener' -> true, 'org.springframework.test.context.web.ServletTestExecutionListener.populatedRequestContextHolder' -> true, 'org.springframework.test.context.web.ServletTestExecutionListener.resetRequestContextHolder' -> true, 'org.springframework.test.context.event.ApplicationEventsTestExecutionListener.recordApplicationEvents' -> false]]; transaction manager [org.springframework.orm.jpa.JpaTransactionManager@17e1125]; rollback [true]
2022-11-10 13:51:32.797  INFO 316 --- [    Test worker] o.s.t.c.transaction.TransactionContext   : Rolled back transaction for test: [DefaultTestContext@776015fc testClass = AllTransactionalCandidateServiceTest, testInstance = com.sprint.naukri.AllTransactionalCandidateServiceTest@2a82f6b, testMethod = removeSkillbyCanidateIdAndSkillNameFailed2@AllTransactionalCandidateServiceTest, testException = [null], mergedContextConfiguration = [WebMergedContextConfiguration@7f42e06e testClass = AllTransactionalCandidateServiceTest, locations = '{}', classes = '{class com.sprint.naukri.NaukriApplication}', contextInitializerClasses = '[]', activeProfiles = '{}', propertySourceLocations = '{}', propertySourceProperties = '{org.springframework.boot.test.context.SpringBootTestContextBootstrapper=true}', contextCustomizers = set[org.springframework.boot.test.autoconfigure.actuate.metrics.MetricsExportContextCustomizerFactory$DisableMetricExportContextCustomizer@6573d2f7, org.springframework.boot.test.autoconfigure.properties.PropertyMappingContextCustomizer@0, org.springframework.boot.test.autoconfigure.web.servlet.WebDriverContextCustomizerFactory$Customizer@250a500b, org.springframework.boot.test.context.filter.ExcludeFilterContextCustomizer@291373d3, org.springframework.boot.test.json.DuplicateJsonObjectContextCustomizerFactory$DuplicateJsonObjectContextCustomizer@a5272be, org.springframework.boot.test.mock.mockito.MockitoContextCustomizer@0, org.springframework.boot.test.web.client.TestRestTemplateContextCustomizer@6cf0a747, org.springframework.boot.test.context.SpringBootTestArgs@1, org.springframework.boot.test.context.SpringBootTestWebEnvironment@538cd0f2], resourceBasePath = 'src/main/webapp', contextLoader = 'org.springframework.boot.test.context.SpringBootContextLoader', parent = [null]], attributes = map['org.springframework.test.context.web.ServletTestExecutionListener.activateListener' -> true, 'org.springframework.test.context.web.ServletTestExecutionListener.populatedRequestContextHolder' -> true, 'org.springframework.test.context.web.ServletTestExecutionListener.resetRequestContextHolder' -> true, 'org.springframework.test.context.event.ApplicationEventsTestExecutionListener.recordApplicationEvents' -> false]]
2022-11-10 13:51:32.800  INFO 316 --- [    Test worker] o.s.t.c.transaction.TransactionContext   : Began transaction (1) for test context [DefaultTestContext@776015fc testClass = AllTransactionalCandidateServiceTest, testInstance = com.sprint.naukri.AllTransactionalCandidateServiceTest@6d877f9b, testMethod = removeSkillbyCanidateIdAndSkillNameFailed@AllTransactionalCandidateServiceTest, testException = [null], mergedContextConfiguration = [WebMergedContextConfiguration@7f42e06e testClass = AllTransactionalCandidateServiceTest, locations = '{}', classes = '{class com.sprint.naukri.NaukriApplication}', contextInitializerClasses = '[]', activeProfiles = '{}', propertySourceLocations = '{}', propertySourceProperties = '{org.springframework.boot.test.context.SpringBootTestContextBootstrapper=true}', contextCustomizers = set[org.springframework.boot.test.autoconfigure.actuate.metrics.MetricsExportContextCustomizerFactory$DisableMetricExportContextCustomizer@6573d2f7, org.springframework.boot.test.autoconfigure.properties.PropertyMappingContextCustomizer@0, org.springframework.boot.test.autoconfigure.web.servlet.WebDriverContextCustomizerFactory$Customizer@250a500b, org.springframework.boot.test.context.filter.ExcludeFilterContextCustomizer@291373d3, org.springframework.boot.test.json.DuplicateJsonObjectContextCustomizerFactory$DuplicateJsonObjectContextCustomizer@a5272be, org.springframework.boot.test.mock.mockito.MockitoContextCustomizer@0, org.springframework.boot.test.web.client.TestRestTemplateContextCustomizer@6cf0a747, org.springframework.boot.test.context.SpringBootTestArgs@1, org.springframework.boot.test.context.SpringBootTestWebEnvironment@538cd0f2], resourceBasePath = 'src/main/webapp', contextLoader = 'org.springframework.boot.test.context.SpringBootContextLoader', parent = [null]], attributes = map['org.springframework.test.context.web.ServletTestExecutionListener.activateListener' -> true, 'org.springframework.test.context.web.ServletTestExecutionListener.populatedRequestContextHolder' -> true, 'org.springframework.test.context.web.ServletTestExecutionListener.resetRequestContextHolder' -> true, 'org.springframework.test.context.event.ApplicationEventsTestExecutionListener.recordApplicationEvents' -> false]]; transaction manager [org.springframework.orm.jpa.JpaTransactionManager@17e1125]; rollback [true]
2022-11-10 13:51:32.816  INFO 316 --- [    Test worker] o.s.t.c.transaction.TransactionContext   : Rolled back transaction for test: [DefaultTestContext@776015fc testClass = AllTransactionalCandidateServiceTest, testInstance = com.sprint.naukri.AllTransactionalCandidateServiceTest@6d877f9b, testMethod = removeSkillbyCanidateIdAndSkillNameFailed@AllTransactionalCandidateServiceTest, testException = [null], mergedContextConfiguration = [WebMergedContextConfiguration@7f42e06e testClass = AllTransactionalCandidateServiceTest, locations = '{}', classes = '{class com.sprint.naukri.NaukriApplication}', contextInitializerClasses = '[]', activeProfiles = '{}', propertySourceLocations = '{}', propertySourceProperties = '{org.springframework.boot.test.context.SpringBootTestContextBootstrapper=true}', contextCustomizers = set[org.springframework.boot.test.autoconfigure.actuate.metrics.MetricsExportContextCustomizerFactory$DisableMetricExportContextCustomizer@6573d2f7, org.springframework.boot.test.autoconfigure.properties.PropertyMappingContextCustomizer@0, org.springframework.boot.test.autoconfigure.web.servlet.WebDriverContextCustomizerFactory$Customizer@250a500b, org.springframework.boot.test.context.filter.ExcludeFilterContextCustomizer@291373d3, org.springframework.boot.test.json.DuplicateJsonObjectContextCustomizerFactory$DuplicateJsonObjectContextCustomizer@a5272be, org.springframework.boot.test.mock.mockito.MockitoContextCustomizer@0, org.springframework.boot.test.web.client.TestRestTemplateContextCustomizer@6cf0a747, org.springframework.boot.test.context.SpringBootTestArgs@1, org.springframework.boot.test.context.SpringBootTestWebEnvironment@538cd0f2], resourceBasePath = 'src/main/webapp', contextLoader = 'org.springframework.boot.test.context.SpringBootContextLoader', parent = [null]], attributes = map['org.springframework.test.context.web.ServletTestExecutionListener.activateListener' -> true, 'org.springframework.test.context.web.ServletTestExecutionListener.populatedRequestContextHolder' -> true, 'org.springframework.test.context.web.ServletTestExecutionListener.resetRequestContextHolder' -> true, 'org.springframework.test.context.event.ApplicationEventsTestExecutionListener.recordApplicationEvents' -> false]]
2022-11-10 13:51:32.819  INFO 316 --- [    Test worker] o.s.t.c.transaction.TransactionContext   : Began transaction (1) for test context [DefaultTestContext@776015fc testClass = AllTransactionalCandidateServiceTest, testInstance = com.sprint.naukri.AllTransactionalCandidateServiceTest@635d24b7, testMethod = addSkillByCandidateIdTest@AllTransactionalCandidateServiceTest, testException = [null], mergedContextConfiguration = [WebMergedContextConfiguration@7f42e06e testClass = AllTransactionalCandidateServiceTest, locations = '{}', classes = '{class com.sprint.naukri.NaukriApplication}', contextInitializerClasses = '[]', activeProfiles = '{}', propertySourceLocations = '{}', propertySourceProperties = '{org.springframework.boot.test.context.SpringBootTestContextBootstrapper=true}', contextCustomizers = set[org.springframework.boot.test.autoconfigure.actuate.metrics.MetricsExportContextCustomizerFactory$DisableMetricExportContextCustomizer@6573d2f7, org.springframework.boot.test.autoconfigure.properties.PropertyMappingContextCustomizer@0, org.springframework.boot.test.autoconfigure.web.servlet.WebDriverContextCustomizerFactory$Customizer@250a500b, org.springframework.boot.test.context.filter.ExcludeFilterContextCustomizer@291373d3, org.springframework.boot.test.json.DuplicateJsonObjectContextCustomizerFactory$DuplicateJsonObjectContextCustomizer@a5272be, org.springframework.boot.test.mock.mockito.MockitoContextCustomizer@0, org.springframework.boot.test.web.client.TestRestTemplateContextCustomizer@6cf0a747, org.springframework.boot.test.context.SpringBootTestArgs@1, org.springframework.boot.test.context.SpringBootTestWebEnvironment@538cd0f2], resourceBasePath = 'src/main/webapp', contextLoader = 'org.springframework.boot.test.context.SpringBootContextLoader', parent = [null]], attributes = map['org.springframework.test.context.web.ServletTestExecutionListener.activateListener' -> true, 'org.springframework.test.context.web.ServletTestExecutionListener.populatedRequestContextHolder' -> true, 'org.springframework.test.context.web.ServletTestExecutionListener.resetRequestContextHolder' -> true, 'org.springframework.test.context.event.ApplicationEventsTestExecutionListener.recordApplicationEvents' -> false]]; transaction manager [org.springframework.orm.jpa.JpaTransactionManager@17e1125]; rollback [true]
2022-11-10 13:51:32.838  INFO 316 --- [    Test worker] o.s.t.c.transaction.TransactionContext   : Rolled back transaction for test: [DefaultTestContext@776015fc testClass = AllTransactionalCandidateServiceTest, testInstance = com.sprint.naukri.AllTransactionalCandidateServiceTest@635d24b7, testMethod = addSkillByCandidateIdTest@AllTransactionalCandidateServiceTest, testException = [null], mergedContextConfiguration = [WebMergedContextConfiguration@7f42e06e testClass = AllTransactionalCandidateServiceTest, locations = '{}', classes = '{class com.sprint.naukri.NaukriApplication}', contextInitializerClasses = '[]', activeProfiles = '{}', propertySourceLocations = '{}', propertySourceProperties = '{org.springframework.boot.test.context.SpringBootTestContextBootstrapper=true}', contextCustomizers = set[org.springframework.boot.test.autoconfigure.actuate.metrics.MetricsExportContextCustomizerFactory$DisableMetricExportContextCustomizer@6573d2f7, org.springframework.boot.test.autoconfigure.properties.PropertyMappingContextCustomizer@0, org.springframework.boot.test.autoconfigure.web.servlet.WebDriverContextCustomizerFactory$Customizer@250a500b, org.springframework.boot.test.context.filter.ExcludeFilterContextCustomizer@291373d3, org.springframework.boot.test.json.DuplicateJsonObjectContextCustomizerFactory$DuplicateJsonObjectContextCustomizer@a5272be, org.springframework.boot.test.mock.mockito.MockitoContextCustomizer@0, org.springframework.boot.test.web.client.TestRestTemplateContextCustomizer@6cf0a747, org.springframework.boot.test.context.SpringBootTestArgs@1, org.springframework.boot.test.context.SpringBootTestWebEnvironment@538cd0f2], resourceBasePath = 'src/main/webapp', contextLoader = 'org.springframework.boot.test.context.SpringBootContextLoader', parent = [null]], attributes = map['org.springframework.test.context.web.ServletTestExecutionListener.activateListener' -> true, 'org.springframework.test.context.web.ServletTestExecutionListener.populatedRequestContextHolder' -> true, 'org.springframework.test.context.web.ServletTestExecutionListener.resetRequestContextHolder' -> true, 'org.springframework.test.context.event.ApplicationEventsTestExecutionListener.recordApplicationEvents' -> false]]
2022-11-10 13:51:32.841  INFO 316 --- [    Test worker] o.s.t.c.transaction.TransactionContext   : Began transaction (1) for test context [DefaultTestContext@776015fc testClass = AllTransactionalCandidateServiceTest, testInstance = com.sprint.naukri.AllTransactionalCandidateServiceTest@7af649e9, testMethod = provideCandidateFeedbackTestfailed@AllTransactionalCandidateServiceTest, testException = [null], mergedContextConfiguration = [WebMergedContextConfiguration@7f42e06e testClass = AllTransactionalCandidateServiceTest, locations = '{}', classes = '{class com.sprint.naukri.NaukriApplication}', contextInitializerClasses = '[]', activeProfiles = '{}', propertySourceLocations = '{}', propertySourceProperties = '{org.springframework.boot.test.context.SpringBootTestContextBootstrapper=true}', contextCustomizers = set[org.springframework.boot.test.autoconfigure.actuate.metrics.MetricsExportContextCustomizerFactory$DisableMetricExportContextCustomizer@6573d2f7, org.springframework.boot.test.autoconfigure.properties.PropertyMappingContextCustomizer@0, org.springframework.boot.test.autoconfigure.web.servlet.WebDriverContextCustomizerFactory$Customizer@250a500b, org.springframework.boot.test.context.filter.ExcludeFilterContextCustomizer@291373d3, org.springframework.boot.test.json.DuplicateJsonObjectContextCustomizerFactory$DuplicateJsonObjectContextCustomizer@a5272be, org.springframework.boot.test.mock.mockito.MockitoContextCustomizer@0, org.springframework.boot.test.web.client.TestRestTemplateContextCustomizer@6cf0a747, org.springframework.boot.test.context.SpringBootTestArgs@1, org.springframework.boot.test.context.SpringBootTestWebEnvironment@538cd0f2], resourceBasePath = 'src/main/webapp', contextLoader = 'org.springframework.boot.test.context.SpringBootContextLoader', parent = [null]], attributes = map['org.springframework.test.context.web.ServletTestExecutionListener.activateListener' -> true, 'org.springframework.test.context.web.ServletTestExecutionListener.populatedRequestContextHolder' -> true, 'org.springframework.test.context.web.ServletTestExecutionListener.resetRequestContextHolder' -> true, 'org.springframework.test.context.event.ApplicationEventsTestExecutionListener.recordApplicationEvents' -> false]]; transaction manager [org.springframework.orm.jpa.JpaTransactionManager@17e1125]; rollback [true]
2022-11-10 13:51:32.857  INFO 316 --- [    Test worker] o.s.t.c.transaction.TransactionContext   : Rolled back transaction for test: [DefaultTestContext@776015fc testClass = AllTransactionalCandidateServiceTest, testInstance = com.sprint.naukri.AllTransactionalCandidateServiceTest@7af649e9, testMethod = provideCandidateFeedbackTestfailed@AllTransactionalCandidateServiceTest, testException = [null], mergedContextConfiguration = [WebMergedContextConfiguration@7f42e06e testClass = AllTransactionalCandidateServiceTest, locations = '{}', classes = '{class com.sprint.naukri.NaukriApplication}', contextInitializerClasses = '[]', activeProfiles = '{}', propertySourceLocations = '{}', propertySourceProperties = '{org.springframework.boot.test.context.SpringBootTestContextBootstrapper=true}', contextCustomizers = set[org.springframework.boot.test.autoconfigure.actuate.metrics.MetricsExportContextCustomizerFactory$DisableMetricExportContextCustomizer@6573d2f7, org.springframework.boot.test.autoconfigure.properties.PropertyMappingContextCustomizer@0, org.springframework.boot.test.autoconfigure.web.servlet.WebDriverContextCustomizerFactory$Customizer@250a500b, org.springframework.boot.test.context.filter.ExcludeFilterContextCustomizer@291373d3, org.springframework.boot.test.json.DuplicateJsonObjectContextCustomizerFactory$DuplicateJsonObjectContextCustomizer@a5272be, org.springframework.boot.test.mock.mockito.MockitoContextCustomizer@0, org.springframework.boot.test.web.client.TestRestTemplateContextCustomizer@6cf0a747, org.springframework.boot.test.context.SpringBootTestArgs@1, org.springframework.boot.test.context.SpringBootTestWebEnvironment@538cd0f2], resourceBasePath = 'src/main/webapp', contextLoader = 'org.springframework.boot.test.context.SpringBootContextLoader', parent = [null]], attributes = map['org.springframework.test.context.web.ServletTestExecutionListener.activateListener' -> true, 'org.springframework.test.context.web.ServletTestExecutionListener.populatedRequestContextHolder' -> true, 'org.springframework.test.context.web.ServletTestExecutionListener.resetRequestContextHolder' -> true, 'org.springframework.test.context.event.ApplicationEventsTestExecutionListener.recordApplicationEvents' -> false]]
]]></system-out>
  <system-err><![CDATA[]]></system-err>
</testsuite>
