<?xml version="1.0" encoding="UTF-8"?>
<testsuite name="com.sprint.naukri.AuthenticationTest" tests="1" skipped="0" failures="0" errors="0" timestamp="2022-11-10T08:21:45" hostname="YASH" time="0.591">
  <properties/>
  <testcase name="testAuthenticateCandidate()" classname="com.sprint.naukri.AuthenticationTest" time="0.591"/>
  <system-out><![CDATA[13:51:34.781 [Test worker] DEBUG org.springframework.test.context.BootstrapUtils - Instantiating CacheAwareContextLoaderDelegate from class [org.springframework.test.context.cache.DefaultCacheAwareContextLoaderDelegate]
13:51:34.807 [Test worker] DEBUG org.springframework.test.context.BootstrapUtils - Instantiating BootstrapContext using constructor [public org.springframework.test.context.support.DefaultBootstrapContext(java.lang.Class,org.springframework.test.context.CacheAwareContextLoaderDelegate)]
13:51:34.885 [Test worker] DEBUG org.springframework.test.context.BootstrapUtils - Instantiating TestContextBootstrapper for test class [com.sprint.naukri.AuthenticationTest] from class [org.springframework.boot.test.context.SpringBootTestContextBootstrapper]
13:51:34.906 [Test worker] INFO org.springframework.boot.test.context.SpringBootTestContextBootstrapper - Neither @ContextConfiguration nor @ContextHierarchy found for test class [com.sprint.naukri.AuthenticationTest], using SpringBootContextLoader
13:51:34.916 [Test worker] DEBUG org.springframework.test.context.support.AbstractContextLoader - Did not detect default resource location for test class [com.sprint.naukri.AuthenticationTest]: class path resource [com/sprint/naukri/AuthenticationTest-context.xml] does not exist
13:51:34.916 [Test worker] DEBUG org.springframework.test.context.support.AbstractContextLoader - Did not detect default resource location for test class [com.sprint.naukri.AuthenticationTest]: class path resource [com/sprint/naukri/AuthenticationTestContext.groovy] does not exist
13:51:34.916 [Test worker] INFO org.springframework.test.context.support.AbstractContextLoader - Could not detect default resource locations for test class [com.sprint.naukri.AuthenticationTest]: no resource found for suffixes {-context.xml, Context.groovy}.
13:51:34.917 [Test worker] INFO org.springframework.test.context.support.AnnotationConfigContextLoaderUtils - Could not detect default configuration classes for test class [com.sprint.naukri.AuthenticationTest]: AuthenticationTest does not declare any static, non-private, non-final, nested classes annotated with @Configuration.
13:51:35.028 [Test worker] DEBUG org.springframework.test.context.support.ActiveProfilesUtils - Could not find an 'annotation declaring class' for annotation type [org.springframework.test.context.ActiveProfiles] and class [com.sprint.naukri.AuthenticationTest]
13:51:35.166 [Test worker] DEBUG org.springframework.context.annotation.ClassPathScanningCandidateComponentProvider - Identified candidate component class: file [D:\Java practice\SpringBoot\final\naukri\build\classes\java\main\com\sprint\naukri\NaukriApplication.class]
13:51:35.167 [Test worker] INFO org.springframework.boot.test.context.SpringBootTestContextBootstrapper - Found @SpringBootConfiguration com.sprint.naukri.NaukriApplication for test class com.sprint.naukri.AuthenticationTest
13:51:35.359 [Test worker] DEBUG org.springframework.boot.test.context.SpringBootTestContextBootstrapper - @TestExecutionListeners is not present for class [com.sprint.naukri.AuthenticationTest]: using defaults.
13:51:35.359 [Test worker] INFO org.springframework.boot.test.context.SpringBootTestContextBootstrapper - Loaded default TestExecutionListener class names from location [META-INF/spring.factories]: [org.springframework.security.test.context.support.WithSecurityContextTestExecutionListener, org.springframework.security.test.context.support.ReactorContextTestExecutionListener, org.springframework.boot.test.autoconfigure.restdocs.RestDocsTestExecutionListener, org.springframework.boot.test.autoconfigure.web.client.MockRestServiceServerResetTestExecutionListener, org.springframework.boot.test.autoconfigure.web.servlet.MockMvcPrintOnlyOnFailureTestExecutionListener, org.springframework.boot.test.autoconfigure.web.servlet.WebDriverTestExecutionListener, org.springframework.boot.test.autoconfigure.webservices.client.MockWebServiceServerTestExecutionListener, org.springframework.boot.test.mock.mockito.MockitoTestExecutionListener, org.springframework.boot.test.mock.mockito.ResetMocksTestExecutionListener, org.springframework.test.context.web.ServletTestExecutionListener, org.springframework.test.context.support.DirtiesContextBeforeModesTestExecutionListener, org.springframework.test.context.event.ApplicationEventsTestExecutionListener, org.springframework.test.context.support.DependencyInjectionTestExecutionListener, org.springframework.test.context.support.DirtiesContextTestExecutionListener, org.springframework.test.context.transaction.TransactionalTestExecutionListener, org.springframework.test.context.jdbc.SqlScriptsTestExecutionListener, org.springframework.test.context.event.EventPublishingTestExecutionListener]
13:51:35.390 [Test worker] INFO org.springframework.boot.test.context.SpringBootTestContextBootstrapper - Using TestExecutionListeners: [org.springframework.test.context.web.ServletTestExecutionListener@e7b265e, org.springframework.test.context.support.DirtiesContextBeforeModesTestExecutionListener@51da32e5, org.springframework.test.context.event.ApplicationEventsTestExecutionListener@33d60b7e, org.springframework.boot.test.mock.mockito.MockitoTestExecutionListener@1fecfaea, org.springframework.boot.test.autoconfigure.SpringBootDependencyInjectionTestExecutionListener@4872669f, org.springframework.test.context.support.DirtiesContextTestExecutionListener@483f286e, org.springframework.test.context.transaction.TransactionalTestExecutionListener@4bb147ec, org.springframework.test.context.jdbc.SqlScriptsTestExecutionListener@33f2cfda, org.springframework.security.test.context.support.WithSecurityContextTestExecutionListener@68ef01a5, org.springframework.test.context.event.EventPublishingTestExecutionListener@59a2388e, org.springframework.security.test.context.support.ReactorContextTestExecutionListener@186d8a71, org.springframework.boot.test.autoconfigure.restdocs.RestDocsTestExecutionListener@3dc40ab9, org.springframework.boot.test.autoconfigure.web.client.MockRestServiceServerResetTestExecutionListener@2db6d68d, org.springframework.boot.test.autoconfigure.web.servlet.MockMvcPrintOnlyOnFailureTestExecutionListener@6518fdfd, org.springframework.boot.test.autoconfigure.web.servlet.WebDriverTestExecutionListener@11d2dd2d, org.springframework.boot.test.autoconfigure.webservices.client.MockWebServiceServerTestExecutionListener@cde8c6c, org.springframework.boot.test.mock.mockito.ResetMocksTestExecutionListener@174721c4]
13:51:35.397 [Test worker] DEBUG org.springframework.test.context.support.AbstractDirtiesContextTestExecutionListener - Before test class: context [DefaultTestContext@7f0b93b4 testClass = AuthenticationTest, testInstance = [null], testMethod = [null], testException = [null], mergedContextConfiguration = [WebMergedContextConfiguration@1376883 testClass = AuthenticationTest, locations = '{}', classes = '{class com.sprint.naukri.NaukriApplication}', contextInitializerClasses = '[]', activeProfiles = '{}', propertySourceLocations = '{}', propertySourceProperties = '{org.springframework.boot.test.context.SpringBootTestContextBootstrapper=true}', contextCustomizers = set[org.springframework.boot.test.autoconfigure.actuate.metrics.MetricsExportContextCustomizerFactory$DisableMetricExportContextCustomizer@4d21c56e, org.springframework.boot.test.autoconfigure.properties.PropertyMappingContextCustomizer@0, org.springframework.boot.test.autoconfigure.web.servlet.WebDriverContextCustomizerFactory$Customizer@42b84286, org.springframework.boot.test.context.filter.ExcludeFilterContextCustomizer@27d33393, org.springframework.boot.test.json.DuplicateJsonObjectContextCustomizerFactory$DuplicateJsonObjectContextCustomizer@97d0c06, org.springframework.boot.test.mock.mockito.MockitoContextCustomizer@0, org.springframework.boot.test.web.client.TestRestTemplateContextCustomizer@1859e2a4, org.springframework.boot.test.context.SpringBootTestArgs@1, org.springframework.boot.test.context.SpringBootTestWebEnvironment@5e8a459], resourceBasePath = 'src/main/webapp', contextLoader = 'org.springframework.boot.test.context.SpringBootContextLoader', parent = [null]], attributes = map['org.springframework.test.context.web.ServletTestExecutionListener.activateListener' -> true]], class annotated with @DirtiesContext [false] with mode [null].

  .   ____          _            __ _ _
 /\\ / ___'_ __ _ _(_)_ __  __ _ \ \ \ \
( ( )\___ | '_ | '_| | '_ \/ _` | \ \ \ \
 \\/  ___)| |_)| | | | | || (_| |  ) ) ) )
  '  |____| .__|_| |_|_| |_\__, | / / / /
 =========|_|==============|___/=/_/_/_/
 :: Spring Boot ::               (v2.6.12)

2022-11-10 13:51:35.839  INFO 27184 --- [    Test worker] com.sprint.naukri.AuthenticationTest     : Starting AuthenticationTest using Java 17.0.4.1 on Yash with PID 27184 (started by yashs in D:\Java practice\SpringBoot\final\naukri)
2022-11-10 13:51:35.841  INFO 27184 --- [    Test worker] com.sprint.naukri.AuthenticationTest     : No active profile set, falling back to 1 default profile: "default"
2022-11-10 13:51:36.757  INFO 27184 --- [    Test worker] .s.d.r.c.RepositoryConfigurationDelegate : Bootstrapping Spring Data JPA repositories in DEFAULT mode.
2022-11-10 13:51:36.845  INFO 27184 --- [    Test worker] .s.d.r.c.RepositoryConfigurationDelegate : Finished Spring Data repository scanning in 73 ms. Found 6 JPA repository interfaces.
2022-11-10 13:51:38.426  INFO 27184 --- [    Test worker] o.hibernate.jpa.internal.util.LogHelper  : HHH000204: Processing PersistenceUnitInfo [name: default]
2022-11-10 13:51:38.525  INFO 27184 --- [    Test worker] org.hibernate.Version                    : HHH000412: Hibernate ORM core version 5.6.11.Final
2022-11-10 13:51:38.804  INFO 27184 --- [    Test worker] o.hibernate.annotations.common.Version   : HCANN000001: Hibernate Commons Annotations {5.1.2.Final}
2022-11-10 13:51:38.990  INFO 27184 --- [    Test worker] com.zaxxer.hikari.HikariDataSource       : HikariPool-1 - Starting...
2022-11-10 13:51:39.320  INFO 27184 --- [    Test worker] com.zaxxer.hikari.HikariDataSource       : HikariPool-1 - Start completed.
2022-11-10 13:51:39.352  INFO 27184 --- [    Test worker] org.hibernate.dialect.Dialect            : HHH000400: Using dialect: org.hibernate.dialect.PostgreSQLDialect
2022-11-10 13:51:40.774  INFO 27184 --- [    Test worker] o.h.e.t.j.p.i.JtaPlatformInitiator       : HHH000490: Using JtaPlatform implementation: [org.hibernate.engine.transaction.jta.platform.internal.NoJtaPlatform]
2022-11-10 13:51:40.786  INFO 27184 --- [    Test worker] j.LocalContainerEntityManagerFactoryBean : Initialized JPA EntityManagerFactory for persistence unit 'default'
2022-11-10 13:51:41.505  WARN 27184 --- [    Test worker] JpaBaseConfiguration$JpaWebConfiguration : spring.jpa.open-in-view is enabled by default. Therefore, database queries may be performed during view rendering. Explicitly configure spring.jpa.open-in-view to disable this warning
2022-11-10 13:51:42.954  INFO 27184 --- [    Test worker] o.s.s.web.DefaultSecurityFilterChain     : Will secure any request with [org.springframework.security.web.context.request.async.WebAsyncManagerIntegrationFilter@16c689c3, org.springframework.security.web.context.SecurityContextPersistenceFilter@180a59f2, org.springframework.security.web.header.HeaderWriterFilter@75319fd4, org.springframework.security.web.authentication.logout.LogoutFilter@483f70bf, com.helper.JwtFilter@1dcc501f, org.springframework.security.web.savedrequest.RequestCacheAwareFilter@221095b1, org.springframework.security.web.servletapi.SecurityContextHolderAwareRequestFilter@4df30c1b, org.springframework.security.web.authentication.AnonymousAuthenticationFilter@51f81027, org.springframework.security.web.session.SessionManagementFilter@7f38646d, org.springframework.security.web.access.ExceptionTranslationFilter@35aaa5df, org.springframework.security.web.access.intercept.FilterSecurityInterceptor@6293efd1]
2022-11-10 13:51:45.883  INFO 27184 --- [    Test worker] com.sprint.naukri.AuthenticationTest     : Started AuthenticationTest in 10.428 seconds (JVM running for 12.711)
]]></system-out>
  <system-err><![CDATA[]]></system-err>
</testsuite>
