<?xml version="1.0" encoding="UTF-8"?>
<testsuite name="com.sprint.naukri.InterviewControllerTest" tests="2" skipped="0" failures="0" errors="0" timestamp="2022-11-10T08:23:41" hostname="YASH" time="1.551">
  <properties/>
  <testcase name="testGetInterviewById()" classname="com.sprint.naukri.InterviewControllerTest" time="1.285"/>
  <testcase name="testGetAllInterviews()" classname="com.sprint.naukri.InterviewControllerTest" time="0.264"/>
  <system-out><![CDATA[13:53:27.796 [Test worker] DEBUG org.springframework.test.context.BootstrapUtils - Instantiating CacheAwareContextLoaderDelegate from class [org.springframework.test.context.cache.DefaultCacheAwareContextLoaderDelegate]
13:53:27.828 [Test worker] DEBUG org.springframework.test.context.BootstrapUtils - Instantiating BootstrapContext using constructor [public org.springframework.test.context.support.DefaultBootstrapContext(java.lang.Class,org.springframework.test.context.CacheAwareContextLoaderDelegate)]
13:53:27.904 [Test worker] DEBUG org.springframework.test.context.BootstrapUtils - Instantiating TestContextBootstrapper for test class [com.sprint.naukri.InterviewControllerTest] from class [org.springframework.boot.test.context.SpringBootTestContextBootstrapper]
13:53:27.923 [Test worker] INFO org.springframework.boot.test.context.SpringBootTestContextBootstrapper - Neither @ContextConfiguration nor @ContextHierarchy found for test class [com.sprint.naukri.InterviewControllerTest], using SpringBootContextLoader
13:53:27.931 [Test worker] DEBUG org.springframework.test.context.support.AbstractContextLoader - Did not detect default resource location for test class [com.sprint.naukri.InterviewControllerTest]: class path resource [com/sprint/naukri/InterviewControllerTest-context.xml] does not exist
13:53:27.931 [Test worker] DEBUG org.springframework.test.context.support.AbstractContextLoader - Did not detect default resource location for test class [com.sprint.naukri.InterviewControllerTest]: class path resource [com/sprint/naukri/InterviewControllerTestContext.groovy] does not exist
13:53:27.931 [Test worker] INFO org.springframework.test.context.support.AbstractContextLoader - Could not detect default resource locations for test class [com.sprint.naukri.InterviewControllerTest]: no resource found for suffixes {-context.xml, Context.groovy}.
13:53:27.933 [Test worker] INFO org.springframework.test.context.support.AnnotationConfigContextLoaderUtils - Could not detect default configuration classes for test class [com.sprint.naukri.InterviewControllerTest]: InterviewControllerTest does not declare any static, non-private, non-final, nested classes annotated with @Configuration.
13:53:28.009 [Test worker] DEBUG org.springframework.test.context.support.ActiveProfilesUtils - Could not find an 'annotation declaring class' for annotation type [org.springframework.test.context.ActiveProfiles] and class [com.sprint.naukri.InterviewControllerTest]
13:53:28.172 [Test worker] DEBUG org.springframework.context.annotation.ClassPathScanningCandidateComponentProvider - Identified candidate component class: file [D:\Java practice\SpringBoot\final\naukri\build\classes\java\main\com\sprint\naukri\NaukriApplication.class]
13:53:28.174 [Test worker] INFO org.springframework.boot.test.context.SpringBootTestContextBootstrapper - Found @SpringBootConfiguration com.sprint.naukri.NaukriApplication for test class com.sprint.naukri.InterviewControllerTest
13:53:28.371 [Test worker] DEBUG org.springframework.boot.test.context.SpringBootTestContextBootstrapper - @TestExecutionListeners is not present for class [com.sprint.naukri.InterviewControllerTest]: using defaults.
13:53:28.372 [Test worker] INFO org.springframework.boot.test.context.SpringBootTestContextBootstrapper - Loaded default TestExecutionListener class names from location [META-INF/spring.factories]: [org.springframework.security.test.context.support.WithSecurityContextTestExecutionListener, org.springframework.security.test.context.support.ReactorContextTestExecutionListener, org.springframework.boot.test.autoconfigure.restdocs.RestDocsTestExecutionListener, org.springframework.boot.test.autoconfigure.web.client.MockRestServiceServerResetTestExecutionListener, org.springframework.boot.test.autoconfigure.web.servlet.MockMvcPrintOnlyOnFailureTestExecutionListener, org.springframework.boot.test.autoconfigure.web.servlet.WebDriverTestExecutionListener, org.springframework.boot.test.autoconfigure.webservices.client.MockWebServiceServerTestExecutionListener, org.springframework.boot.test.mock.mockito.MockitoTestExecutionListener, org.springframework.boot.test.mock.mockito.ResetMocksTestExecutionListener, org.springframework.test.context.web.ServletTestExecutionListener, org.springframework.test.context.support.DirtiesContextBeforeModesTestExecutionListener, org.springframework.test.context.event.ApplicationEventsTestExecutionListener, org.springframework.test.context.support.DependencyInjectionTestExecutionListener, org.springframework.test.context.support.DirtiesContextTestExecutionListener, org.springframework.test.context.transaction.TransactionalTestExecutionListener, org.springframework.test.context.jdbc.SqlScriptsTestExecutionListener, org.springframework.test.context.event.EventPublishingTestExecutionListener]
13:53:28.407 [Test worker] INFO org.springframework.boot.test.context.SpringBootTestContextBootstrapper - Using TestExecutionListeners: [org.springframework.test.context.web.ServletTestExecutionListener@309dcdf3, org.springframework.test.context.support.DirtiesContextBeforeModesTestExecutionListener@7573b9ee, org.springframework.test.context.event.ApplicationEventsTestExecutionListener@9a20cbd, org.springframework.boot.test.mock.mockito.MockitoTestExecutionListener@1af4955e, org.springframework.boot.test.autoconfigure.SpringBootDependencyInjectionTestExecutionListener@445821a6, org.springframework.test.context.support.DirtiesContextTestExecutionListener@2c0c4c0a, org.springframework.test.context.transaction.TransactionalTestExecutionListener@35d26ad2, org.springframework.test.context.jdbc.SqlScriptsTestExecutionListener@bb25753, org.springframework.security.test.context.support.WithSecurityContextTestExecutionListener@ee21292, org.springframework.test.context.event.EventPublishingTestExecutionListener@40c06358, org.springframework.security.test.context.support.ReactorContextTestExecutionListener@66e21568, org.springframework.boot.test.autoconfigure.restdocs.RestDocsTestExecutionListener@7f73ce28, org.springframework.boot.test.autoconfigure.web.client.MockRestServiceServerResetTestExecutionListener@611b35d6, org.springframework.boot.test.autoconfigure.web.servlet.MockMvcPrintOnlyOnFailureTestExecutionListener@2282400e, org.springframework.boot.test.autoconfigure.web.servlet.WebDriverTestExecutionListener@543d5863, org.springframework.boot.test.autoconfigure.webservices.client.MockWebServiceServerTestExecutionListener@35dece42, org.springframework.boot.test.mock.mockito.ResetMocksTestExecutionListener@dd3f8aa]
13:53:28.412 [Test worker] DEBUG org.springframework.test.context.support.AbstractDirtiesContextTestExecutionListener - Before test class: context [DefaultTestContext@55acec99 testClass = InterviewControllerTest, testInstance = [null], testMethod = [null], testException = [null], mergedContextConfiguration = [WebMergedContextConfiguration@61191222 testClass = InterviewControllerTest, locations = '{}', classes = '{class com.sprint.naukri.NaukriApplication}', contextInitializerClasses = '[]', activeProfiles = '{}', propertySourceLocations = '{}', propertySourceProperties = '{org.springframework.boot.test.context.SpringBootTestContextBootstrapper=true}', contextCustomizers = set[org.springframework.boot.test.autoconfigure.actuate.metrics.MetricsExportContextCustomizerFactory$DisableMetricExportContextCustomizer@21505815, org.springframework.boot.test.autoconfigure.properties.PropertyMappingContextCustomizer@0, org.springframework.boot.test.autoconfigure.web.servlet.WebDriverContextCustomizerFactory$Customizer@29149030, org.springframework.boot.test.context.filter.ExcludeFilterContextCustomizer@3b920bdc, org.springframework.boot.test.json.DuplicateJsonObjectContextCustomizerFactory$DuplicateJsonObjectContextCustomizer@34780cd9, org.springframework.boot.test.mock.mockito.MockitoContextCustomizer@0, org.springframework.boot.test.web.client.TestRestTemplateContextCustomizer@43f1bb92, org.springframework.boot.test.context.SpringBootTestArgs@1, org.springframework.boot.test.context.SpringBootTestWebEnvironment@29d37757], resourceBasePath = 'src/main/webapp', contextLoader = 'org.springframework.boot.test.context.SpringBootContextLoader', parent = [null]], attributes = map['org.springframework.test.context.web.ServletTestExecutionListener.activateListener' -> true]], class annotated with @DirtiesContext [false] with mode [null].

  .   ____          _            __ _ _
 /\\ / ___'_ __ _ _(_)_ __  __ _ \ \ \ \
( ( )\___ | '_ | '_| | '_ \/ _` | \ \ \ \
 \\/  ___)| |_)| | | | | || (_| |  ) ) ) )
  '  |____| .__|_| |_|_| |_\__, | / / / /
 =========|_|==============|___/=/_/_/_/
 :: Spring Boot ::               (v2.6.12)

2022-11-10 13:53:28.912  INFO 14596 --- [    Test worker] c.sprint.naukri.InterviewControllerTest  : Starting InterviewControllerTest using Java 17.0.4.1 on Yash with PID 14596 (started by yashs in D:\Java practice\SpringBoot\final\naukri)
2022-11-10 13:53:28.915  INFO 14596 --- [    Test worker] c.sprint.naukri.InterviewControllerTest  : No active profile set, falling back to 1 default profile: "default"
2022-11-10 13:53:29.953  INFO 14596 --- [    Test worker] .s.d.r.c.RepositoryConfigurationDelegate : Bootstrapping Spring Data JPA repositories in DEFAULT mode.
2022-11-10 13:53:30.051  INFO 14596 --- [    Test worker] .s.d.r.c.RepositoryConfigurationDelegate : Finished Spring Data repository scanning in 79 ms. Found 6 JPA repository interfaces.
2022-11-10 13:53:31.566  INFO 14596 --- [    Test worker] o.hibernate.jpa.internal.util.LogHelper  : HHH000204: Processing PersistenceUnitInfo [name: default]
2022-11-10 13:53:31.659  INFO 14596 --- [    Test worker] org.hibernate.Version                    : HHH000412: Hibernate ORM core version 5.6.11.Final
2022-11-10 13:53:31.921  INFO 14596 --- [    Test worker] o.hibernate.annotations.common.Version   : HCANN000001: Hibernate Commons Annotations {5.1.2.Final}
2022-11-10 13:53:32.099  INFO 14596 --- [    Test worker] com.zaxxer.hikari.HikariDataSource       : HikariPool-1 - Starting...
2022-11-10 13:53:32.401  INFO 14596 --- [    Test worker] com.zaxxer.hikari.HikariDataSource       : HikariPool-1 - Start completed.
2022-11-10 13:53:32.437  INFO 14596 --- [    Test worker] org.hibernate.dialect.Dialect            : HHH000400: Using dialect: org.hibernate.dialect.PostgreSQLDialect
2022-11-10 13:53:33.894  INFO 14596 --- [    Test worker] o.h.e.t.j.p.i.JtaPlatformInitiator       : HHH000490: Using JtaPlatform implementation: [org.hibernate.engine.transaction.jta.platform.internal.NoJtaPlatform]
2022-11-10 13:53:33.903  INFO 14596 --- [    Test worker] j.LocalContainerEntityManagerFactoryBean : Initialized JPA EntityManagerFactory for persistence unit 'default'
2022-11-10 13:53:34.813  WARN 14596 --- [    Test worker] JpaBaseConfiguration$JpaWebConfiguration : spring.jpa.open-in-view is enabled by default. Therefore, database queries may be performed during view rendering. Explicitly configure spring.jpa.open-in-view to disable this warning
2022-11-10 13:53:37.000  INFO 14596 --- [    Test worker] o.s.s.web.DefaultSecurityFilterChain     : Will secure any request with [org.springframework.security.web.context.request.async.WebAsyncManagerIntegrationFilter@3511a82, org.springframework.security.web.context.SecurityContextPersistenceFilter@483f70bf, org.springframework.security.web.header.HeaderWriterFilter@56db9f2d, org.springframework.security.web.authentication.logout.LogoutFilter@327fa66a, com.helper.JwtFilter@1992ce66, org.springframework.security.web.savedrequest.RequestCacheAwareFilter@1b11d5bc, org.springframework.security.web.servletapi.SecurityContextHolderAwareRequestFilter@6882d1ea, org.springframework.security.web.authentication.AnonymousAuthenticationFilter@2a561840, org.springframework.security.web.session.SessionManagementFilter@1698b4f3, org.springframework.security.web.access.ExceptionTranslationFilter@4350d74b, org.springframework.security.web.access.intercept.FilterSecurityInterceptor@46a72c1e]
2022-11-10 13:53:41.388  INFO 14596 --- [    Test worker] c.sprint.naukri.InterviewControllerTest  : Started InterviewControllerTest in 12.904 seconds (JVM running for 15.319)
2022-11-10 13:53:41.467  INFO 14596 --- [    Test worker] o.s.t.c.transaction.TransactionContext   : Began transaction (1) for test context [DefaultTestContext@55acec99 testClass = InterviewControllerTest, testInstance = com.sprint.naukri.InterviewControllerTest@54132c2f, testMethod = testGetInterviewById@InterviewControllerTest, testException = [null], mergedContextConfiguration = [WebMergedContextConfiguration@61191222 testClass = InterviewControllerTest, locations = '{}', classes = '{class com.sprint.naukri.NaukriApplication}', contextInitializerClasses = '[]', activeProfiles = '{}', propertySourceLocations = '{}', propertySourceProperties = '{org.springframework.boot.test.context.SpringBootTestContextBootstrapper=true}', contextCustomizers = set[org.springframework.boot.test.autoconfigure.actuate.metrics.MetricsExportContextCustomizerFactory$DisableMetricExportContextCustomizer@21505815, org.springframework.boot.test.autoconfigure.properties.PropertyMappingContextCustomizer@0, org.springframework.boot.test.autoconfigure.web.servlet.WebDriverContextCustomizerFactory$Customizer@29149030, org.springframework.boot.test.context.filter.ExcludeFilterContextCustomizer@3b920bdc, org.springframework.boot.test.json.DuplicateJsonObjectContextCustomizerFactory$DuplicateJsonObjectContextCustomizer@34780cd9, org.springframework.boot.test.mock.mockito.MockitoContextCustomizer@0, org.springframework.boot.test.web.client.TestRestTemplateContextCustomizer@43f1bb92, org.springframework.boot.test.context.SpringBootTestArgs@1, org.springframework.boot.test.context.SpringBootTestWebEnvironment@29d37757], resourceBasePath = 'src/main/webapp', contextLoader = 'org.springframework.boot.test.context.SpringBootContextLoader', parent = [null]], attributes = map['org.springframework.test.context.web.ServletTestExecutionListener.activateListener' -> true, 'org.springframework.test.context.web.ServletTestExecutionListener.populatedRequestContextHolder' -> true, 'org.springframework.test.context.web.ServletTestExecutionListener.resetRequestContextHolder' -> true, 'org.springframework.test.context.event.ApplicationEventsTestExecutionListener.recordApplicationEvents' -> false]]; transaction manager [org.springframework.orm.jpa.JpaTransactionManager@32ae2303]; rollback [true]
Job Added Successfully
2022-11-10 13:53:42.717  INFO 14596 --- [    Test worker] o.s.t.c.transaction.TransactionContext   : Rolled back transaction for test: [DefaultTestContext@55acec99 testClass = InterviewControllerTest, testInstance = com.sprint.naukri.InterviewControllerTest@54132c2f, testMethod = testGetInterviewById@InterviewControllerTest, testException = [null], mergedContextConfiguration = [WebMergedContextConfiguration@61191222 testClass = InterviewControllerTest, locations = '{}', classes = '{class com.sprint.naukri.NaukriApplication}', contextInitializerClasses = '[]', activeProfiles = '{}', propertySourceLocations = '{}', propertySourceProperties = '{org.springframework.boot.test.context.SpringBootTestContextBootstrapper=true}', contextCustomizers = set[org.springframework.boot.test.autoconfigure.actuate.metrics.MetricsExportContextCustomizerFactory$DisableMetricExportContextCustomizer@21505815, org.springframework.boot.test.autoconfigure.properties.PropertyMappingContextCustomizer@0, org.springframework.boot.test.autoconfigure.web.servlet.WebDriverContextCustomizerFactory$Customizer@29149030, org.springframework.boot.test.context.filter.ExcludeFilterContextCustomizer@3b920bdc, org.springframework.boot.test.json.DuplicateJsonObjectContextCustomizerFactory$DuplicateJsonObjectContextCustomizer@34780cd9, org.springframework.boot.test.mock.mockito.MockitoContextCustomizer@0, org.springframework.boot.test.web.client.TestRestTemplateContextCustomizer@43f1bb92, org.springframework.boot.test.context.SpringBootTestArgs@1, org.springframework.boot.test.context.SpringBootTestWebEnvironment@29d37757], resourceBasePath = 'src/main/webapp', contextLoader = 'org.springframework.boot.test.context.SpringBootContextLoader', parent = [null]], attributes = map['org.springframework.test.context.web.ServletTestExecutionListener.activateListener' -> true, 'org.springframework.test.context.web.ServletTestExecutionListener.populatedRequestContextHolder' -> true, 'org.springframework.test.context.web.ServletTestExecutionListener.resetRequestContextHolder' -> true, 'org.springframework.test.context.event.ApplicationEventsTestExecutionListener.recordApplicationEvents' -> false]]
Job Added Successfully
]]></system-out>
  <system-err><![CDATA[]]></system-err>
</testsuite>
