<?xml version="1.0" encoding="UTF-8"?>
<testsuite name="com.sprint.naukri.JobControllerTest" tests="7" skipped="0" failures="0" errors="0" timestamp="2022-11-10T08:24:13" hostname="YASH" time="1.599">
  <properties/>
  <testcase name="testGetJobsByLocation()" classname="com.sprint.naukri.JobControllerTest" time="1.009"/>
  <testcase name="testGetAllJobs()" classname="com.sprint.naukri.JobControllerTest" time="0.144"/>
  <testcase name="testGetAllJobBySkill()" classname="com.sprint.naukri.JobControllerTest" time="0.137"/>
  <testcase name="testDeleteJob()" classname="com.sprint.naukri.JobControllerTest" time="0.072"/>
  <testcase name="testUpdateJobDescription()" classname="com.sprint.naukri.JobControllerTest" time="0.069"/>
  <testcase name="testAddJobManually()" classname="com.sprint.naukri.JobControllerTest" time="0.064"/>
  <testcase name="testGetJobsByIndustry()" classname="com.sprint.naukri.JobControllerTest" time="0.095"/>
  <system-out><![CDATA[13:54:01.334 [Test worker] DEBUG org.springframework.test.context.BootstrapUtils - Instantiating CacheAwareContextLoaderDelegate from class [org.springframework.test.context.cache.DefaultCacheAwareContextLoaderDelegate]
13:54:01.362 [Test worker] DEBUG org.springframework.test.context.BootstrapUtils - Instantiating BootstrapContext using constructor [public org.springframework.test.context.support.DefaultBootstrapContext(java.lang.Class,org.springframework.test.context.CacheAwareContextLoaderDelegate)]
13:54:01.446 [Test worker] DEBUG org.springframework.test.context.BootstrapUtils - Instantiating TestContextBootstrapper for test class [com.sprint.naukri.JobControllerTest] from class [org.springframework.boot.test.context.SpringBootTestContextBootstrapper]
13:54:01.468 [Test worker] INFO org.springframework.boot.test.context.SpringBootTestContextBootstrapper - Neither @ContextConfiguration nor @ContextHierarchy found for test class [com.sprint.naukri.JobControllerTest], using SpringBootContextLoader
13:54:01.476 [Test worker] DEBUG org.springframework.test.context.support.AbstractContextLoader - Did not detect default resource location for test class [com.sprint.naukri.JobControllerTest]: class path resource [com/sprint/naukri/JobControllerTest-context.xml] does not exist
13:54:01.476 [Test worker] DEBUG org.springframework.test.context.support.AbstractContextLoader - Did not detect default resource location for test class [com.sprint.naukri.JobControllerTest]: class path resource [com/sprint/naukri/JobControllerTestContext.groovy] does not exist
13:54:01.476 [Test worker] INFO org.springframework.test.context.support.AbstractContextLoader - Could not detect default resource locations for test class [com.sprint.naukri.JobControllerTest]: no resource found for suffixes {-context.xml, Context.groovy}.
13:54:01.477 [Test worker] INFO org.springframework.test.context.support.AnnotationConfigContextLoaderUtils - Could not detect default configuration classes for test class [com.sprint.naukri.JobControllerTest]: JobControllerTest does not declare any static, non-private, non-final, nested classes annotated with @Configuration.
13:54:01.570 [Test worker] DEBUG org.springframework.test.context.support.ActiveProfilesUtils - Could not find an 'annotation declaring class' for annotation type [org.springframework.test.context.ActiveProfiles] and class [com.sprint.naukri.JobControllerTest]
13:54:01.719 [Test worker] DEBUG org.springframework.context.annotation.ClassPathScanningCandidateComponentProvider - Identified candidate component class: file [D:\Java practice\SpringBoot\final\naukri\build\classes\java\main\com\sprint\naukri\NaukriApplication.class]
13:54:01.721 [Test worker] INFO org.springframework.boot.test.context.SpringBootTestContextBootstrapper - Found @SpringBootConfiguration com.sprint.naukri.NaukriApplication for test class com.sprint.naukri.JobControllerTest
13:54:01.910 [Test worker] DEBUG org.springframework.boot.test.context.SpringBootTestContextBootstrapper - @TestExecutionListeners is not present for class [com.sprint.naukri.JobControllerTest]: using defaults.
13:54:01.910 [Test worker] INFO org.springframework.boot.test.context.SpringBootTestContextBootstrapper - Loaded default TestExecutionListener class names from location [META-INF/spring.factories]: [org.springframework.security.test.context.support.WithSecurityContextTestExecutionListener, org.springframework.security.test.context.support.ReactorContextTestExecutionListener, org.springframework.boot.test.autoconfigure.restdocs.RestDocsTestExecutionListener, org.springframework.boot.test.autoconfigure.web.client.MockRestServiceServerResetTestExecutionListener, org.springframework.boot.test.autoconfigure.web.servlet.MockMvcPrintOnlyOnFailureTestExecutionListener, org.springframework.boot.test.autoconfigure.web.servlet.WebDriverTestExecutionListener, org.springframework.boot.test.autoconfigure.webservices.client.MockWebServiceServerTestExecutionListener, org.springframework.boot.test.mock.mockito.MockitoTestExecutionListener, org.springframework.boot.test.mock.mockito.ResetMocksTestExecutionListener, org.springframework.test.context.web.ServletTestExecutionListener, org.springframework.test.context.support.DirtiesContextBeforeModesTestExecutionListener, org.springframework.test.context.event.ApplicationEventsTestExecutionListener, org.springframework.test.context.support.DependencyInjectionTestExecutionListener, org.springframework.test.context.support.DirtiesContextTestExecutionListener, org.springframework.test.context.transaction.TransactionalTestExecutionListener, org.springframework.test.context.jdbc.SqlScriptsTestExecutionListener, org.springframework.test.context.event.EventPublishingTestExecutionListener]
13:54:01.944 [Test worker] INFO org.springframework.boot.test.context.SpringBootTestContextBootstrapper - Using TestExecutionListeners: [org.springframework.test.context.web.ServletTestExecutionListener@61cda923, org.springframework.test.context.support.DirtiesContextBeforeModesTestExecutionListener@46fc522d, org.springframework.test.context.event.ApplicationEventsTestExecutionListener@4262fdeb, org.springframework.boot.test.mock.mockito.MockitoTestExecutionListener@5f0a2638, org.springframework.boot.test.autoconfigure.SpringBootDependencyInjectionTestExecutionListener@5382184b, org.springframework.test.context.support.DirtiesContextTestExecutionListener@77cb452c, org.springframework.test.context.transaction.TransactionalTestExecutionListener@2213639b, org.springframework.test.context.jdbc.SqlScriptsTestExecutionListener@2c26ba07, org.springframework.security.test.context.support.WithSecurityContextTestExecutionListener@6f25bf88, org.springframework.test.context.event.EventPublishingTestExecutionListener@42ea7565, org.springframework.security.test.context.support.ReactorContextTestExecutionListener@7b5cc918, org.springframework.boot.test.autoconfigure.restdocs.RestDocsTestExecutionListener@62b3a2f6, org.springframework.boot.test.autoconfigure.web.client.MockRestServiceServerResetTestExecutionListener@202898d7, org.springframework.boot.test.autoconfigure.web.servlet.MockMvcPrintOnlyOnFailureTestExecutionListener@317890ea, org.springframework.boot.test.autoconfigure.web.servlet.WebDriverTestExecutionListener@2c719bd4, org.springframework.boot.test.autoconfigure.webservices.client.MockWebServiceServerTestExecutionListener@53aa38be, org.springframework.boot.test.mock.mockito.ResetMocksTestExecutionListener@37a0ec3c]
13:54:01.949 [Test worker] DEBUG org.springframework.test.context.support.AbstractDirtiesContextTestExecutionListener - Before test class: context [DefaultTestContext@50110971 testClass = JobControllerTest, testInstance = [null], testMethod = [null], testException = [null], mergedContextConfiguration = [WebMergedContextConfiguration@17d2b075 testClass = JobControllerTest, locations = '{}', classes = '{class com.sprint.naukri.NaukriApplication}', contextInitializerClasses = '[]', activeProfiles = '{}', propertySourceLocations = '{}', propertySourceProperties = '{org.springframework.boot.test.context.SpringBootTestContextBootstrapper=true}', contextCustomizers = set[org.springframework.boot.test.autoconfigure.actuate.metrics.MetricsExportContextCustomizerFactory$DisableMetricExportContextCustomizer@4b97c4ad, org.springframework.boot.test.autoconfigure.properties.PropertyMappingContextCustomizer@0, org.springframework.boot.test.autoconfigure.web.servlet.WebDriverContextCustomizerFactory$Customizer@561b7d53, org.springframework.boot.test.context.filter.ExcludeFilterContextCustomizer@2cae9b8, org.springframework.boot.test.json.DuplicateJsonObjectContextCustomizerFactory$DuplicateJsonObjectContextCustomizer@4228bf58, org.springframework.boot.test.mock.mockito.MockitoContextCustomizer@0, org.springframework.boot.test.web.client.TestRestTemplateContextCustomizer@6f911326, org.springframework.boot.test.context.SpringBootTestArgs@1, org.springframework.boot.test.context.SpringBootTestWebEnvironment@430fa4ef], resourceBasePath = 'src/main/webapp', contextLoader = 'org.springframework.boot.test.context.SpringBootContextLoader', parent = [null]], attributes = map['org.springframework.test.context.web.ServletTestExecutionListener.activateListener' -> true]], class annotated with @DirtiesContext [false] with mode [null].

  .   ____          _            __ _ _
 /\\ / ___'_ __ _ _(_)_ __  __ _ \ \ \ \
( ( )\___ | '_ | '_| | '_ \/ _` | \ \ \ \
 \\/  ___)| |_)| | | | | || (_| |  ) ) ) )
  '  |____| .__|_| |_|_| |_\__, | / / / /
 =========|_|==============|___/=/_/_/_/
 :: Spring Boot ::               (v2.6.12)

2022-11-10 13:54:02.463  INFO 26916 --- [    Test worker] com.sprint.naukri.JobControllerTest      : Starting JobControllerTest using Java 17.0.4.1 on Yash with PID 26916 (started by yashs in D:\Java practice\SpringBoot\final\naukri)
2022-11-10 13:54:02.465  INFO 26916 --- [    Test worker] com.sprint.naukri.JobControllerTest      : No active profile set, falling back to 1 default profile: "default"
2022-11-10 13:54:03.486  INFO 26916 --- [    Test worker] .s.d.r.c.RepositoryConfigurationDelegate : Bootstrapping Spring Data JPA repositories in DEFAULT mode.
2022-11-10 13:54:03.576  INFO 26916 --- [    Test worker] .s.d.r.c.RepositoryConfigurationDelegate : Finished Spring Data repository scanning in 76 ms. Found 6 JPA repository interfaces.
2022-11-10 13:54:05.216  INFO 26916 --- [    Test worker] o.hibernate.jpa.internal.util.LogHelper  : HHH000204: Processing PersistenceUnitInfo [name: default]
2022-11-10 13:54:05.304  INFO 26916 --- [    Test worker] org.hibernate.Version                    : HHH000412: Hibernate ORM core version 5.6.11.Final
2022-11-10 13:54:05.556  INFO 26916 --- [    Test worker] o.hibernate.annotations.common.Version   : HCANN000001: Hibernate Commons Annotations {5.1.2.Final}
2022-11-10 13:54:05.744  INFO 26916 --- [    Test worker] com.zaxxer.hikari.HikariDataSource       : HikariPool-1 - Starting...
2022-11-10 13:54:06.028  INFO 26916 --- [    Test worker] com.zaxxer.hikari.HikariDataSource       : HikariPool-1 - Start completed.
2022-11-10 13:54:06.067  INFO 26916 --- [    Test worker] org.hibernate.dialect.Dialect            : HHH000400: Using dialect: org.hibernate.dialect.PostgreSQLDialect
2022-11-10 13:54:07.655  INFO 26916 --- [    Test worker] o.h.e.t.j.p.i.JtaPlatformInitiator       : HHH000490: Using JtaPlatform implementation: [org.hibernate.engine.transaction.jta.platform.internal.NoJtaPlatform]
2022-11-10 13:54:07.672  INFO 26916 --- [    Test worker] j.LocalContainerEntityManagerFactoryBean : Initialized JPA EntityManagerFactory for persistence unit 'default'
2022-11-10 13:54:08.406  WARN 26916 --- [    Test worker] JpaBaseConfiguration$JpaWebConfiguration : spring.jpa.open-in-view is enabled by default. Therefore, database queries may be performed during view rendering. Explicitly configure spring.jpa.open-in-view to disable this warning
2022-11-10 13:54:09.954  INFO 26916 --- [    Test worker] o.s.s.web.DefaultSecurityFilterChain     : Will secure any request with [org.springframework.security.web.context.request.async.WebAsyncManagerIntegrationFilter@2fee4869, org.springframework.security.web.context.SecurityContextPersistenceFilter@1b42356e, org.springframework.security.web.header.HeaderWriterFilter@68346d78, org.springframework.security.web.authentication.logout.LogoutFilter@5d0011a3, com.helper.JwtFilter@55cedfda, org.springframework.security.web.savedrequest.RequestCacheAwareFilter@f029f0a, org.springframework.security.web.servletapi.SecurityContextHolderAwareRequestFilter@7b7e07f, org.springframework.security.web.authentication.AnonymousAuthenticationFilter@5fcdda47, org.springframework.security.web.session.SessionManagementFilter@55c96e37, org.springframework.security.web.access.ExceptionTranslationFilter@6a5b9eb3, org.springframework.security.web.access.intercept.FilterSecurityInterceptor@69d0e9b0]
2022-11-10 13:54:13.087  INFO 26916 --- [    Test worker] com.sprint.naukri.JobControllerTest      : Started JobControllerTest in 11.079 seconds (JVM running for 13.473)
]]></system-out>
  <system-err><![CDATA[]]></system-err>
</testsuite>
