<?xml version="1.0" encoding="UTF-8"?>
<testsuite name="com.sprint.naukri.CandidateControllerTest" tests="9" skipped="0" failures="0" errors="0" timestamp="2022-11-10T08:22:16" hostname="YASH" time="2.28">
  <properties/>
  <testcase name="updateLocationById()" classname="com.sprint.naukri.CandidateControllerTest" time="1.352"/>
  <testcase name="removeSkillbyCanidateIdAndSkillName()" classname="com.sprint.naukri.CandidateControllerTest" time="0.097"/>
  <testcase name="deletecandidate()" classname="com.sprint.naukri.CandidateControllerTest" time="0.131"/>
  <testcase name="feedbackRating()" classname="com.sprint.naukri.CandidateControllerTest" time="0.201"/>
  <testcase name="addProfiletestfailed()" classname="com.sprint.naukri.CandidateControllerTest" time="0.113"/>
  <testcase name="addProjectbyIdTest()" classname="com.sprint.naukri.CandidateControllerTest" time="0.088"/>
  <testcase name="addSkillByCandidateId()" classname="com.sprint.naukri.CandidateControllerTest" time="0.09"/>
  <testcase name="addProfiletest()" classname="com.sprint.naukri.CandidateControllerTest" time="0.066"/>
  <testcase name="findCandidateById()" classname="com.sprint.naukri.CandidateControllerTest" time="0.126"/>
  <system-out><![CDATA[13:52:03.187 [Test worker] DEBUG org.springframework.test.context.BootstrapUtils - Instantiating CacheAwareContextLoaderDelegate from class [org.springframework.test.context.cache.DefaultCacheAwareContextLoaderDelegate]
13:52:03.224 [Test worker] DEBUG org.springframework.test.context.BootstrapUtils - Instantiating BootstrapContext using constructor [public org.springframework.test.context.support.DefaultBootstrapContext(java.lang.Class,org.springframework.test.context.CacheAwareContextLoaderDelegate)]
13:52:03.318 [Test worker] DEBUG org.springframework.test.context.BootstrapUtils - Instantiating TestContextBootstrapper for test class [com.sprint.naukri.CandidateControllerTest] from class [org.springframework.boot.test.context.SpringBootTestContextBootstrapper]
13:52:03.341 [Test worker] INFO org.springframework.boot.test.context.SpringBootTestContextBootstrapper - Neither @ContextConfiguration nor @ContextHierarchy found for test class [com.sprint.naukri.CandidateControllerTest], using SpringBootContextLoader
13:52:03.348 [Test worker] DEBUG org.springframework.test.context.support.AbstractContextLoader - Did not detect default resource location for test class [com.sprint.naukri.CandidateControllerTest]: class path resource [com/sprint/naukri/CandidateControllerTest-context.xml] does not exist
13:52:03.348 [Test worker] DEBUG org.springframework.test.context.support.AbstractContextLoader - Did not detect default resource location for test class [com.sprint.naukri.CandidateControllerTest]: class path resource [com/sprint/naukri/CandidateControllerTestContext.groovy] does not exist
13:52:03.349 [Test worker] INFO org.springframework.test.context.support.AbstractContextLoader - Could not detect default resource locations for test class [com.sprint.naukri.CandidateControllerTest]: no resource found for suffixes {-context.xml, Context.groovy}.
13:52:03.350 [Test worker] INFO org.springframework.test.context.support.AnnotationConfigContextLoaderUtils - Could not detect default configuration classes for test class [com.sprint.naukri.CandidateControllerTest]: CandidateControllerTest does not declare any static, non-private, non-final, nested classes annotated with @Configuration.
13:52:03.445 [Test worker] DEBUG org.springframework.test.context.support.ActiveProfilesUtils - Could not find an 'annotation declaring class' for annotation type [org.springframework.test.context.ActiveProfiles] and class [com.sprint.naukri.CandidateControllerTest]
13:52:03.603 [Test worker] DEBUG org.springframework.context.annotation.ClassPathScanningCandidateComponentProvider - Identified candidate component class: file [D:\Java practice\SpringBoot\final\naukri\build\classes\java\main\com\sprint\naukri\NaukriApplication.class]
13:52:03.604 [Test worker] INFO org.springframework.boot.test.context.SpringBootTestContextBootstrapper - Found @SpringBootConfiguration com.sprint.naukri.NaukriApplication for test class com.sprint.naukri.CandidateControllerTest
13:52:03.816 [Test worker] DEBUG org.springframework.boot.test.context.SpringBootTestContextBootstrapper - @TestExecutionListeners is not present for class [com.sprint.naukri.CandidateControllerTest]: using defaults.
13:52:03.817 [Test worker] INFO org.springframework.boot.test.context.SpringBootTestContextBootstrapper - Loaded default TestExecutionListener class names from location [META-INF/spring.factories]: [org.springframework.security.test.context.support.WithSecurityContextTestExecutionListener, org.springframework.security.test.context.support.ReactorContextTestExecutionListener, org.springframework.boot.test.autoconfigure.restdocs.RestDocsTestExecutionListener, org.springframework.boot.test.autoconfigure.web.client.MockRestServiceServerResetTestExecutionListener, org.springframework.boot.test.autoconfigure.web.servlet.MockMvcPrintOnlyOnFailureTestExecutionListener, org.springframework.boot.test.autoconfigure.web.servlet.WebDriverTestExecutionListener, org.springframework.boot.test.autoconfigure.webservices.client.MockWebServiceServerTestExecutionListener, org.springframework.boot.test.mock.mockito.MockitoTestExecutionListener, org.springframework.boot.test.mock.mockito.ResetMocksTestExecutionListener, org.springframework.test.context.web.ServletTestExecutionListener, org.springframework.test.context.support.DirtiesContextBeforeModesTestExecutionListener, org.springframework.test.context.event.ApplicationEventsTestExecutionListener, org.springframework.test.context.support.DependencyInjectionTestExecutionListener, org.springframework.test.context.support.DirtiesContextTestExecutionListener, org.springframework.test.context.transaction.TransactionalTestExecutionListener, org.springframework.test.context.jdbc.SqlScriptsTestExecutionListener, org.springframework.test.context.event.EventPublishingTestExecutionListener]
13:52:03.854 [Test worker] INFO org.springframework.boot.test.context.SpringBootTestContextBootstrapper - Using TestExecutionListeners: [org.springframework.test.context.web.ServletTestExecutionListener@2233cac0, org.springframework.test.context.support.DirtiesContextBeforeModesTestExecutionListener@67fb5025, org.springframework.test.context.event.ApplicationEventsTestExecutionListener@787e4357, org.springframework.boot.test.mock.mockito.MockitoTestExecutionListener@392781e, org.springframework.boot.test.autoconfigure.SpringBootDependencyInjectionTestExecutionListener@3fcbc766, org.springframework.test.context.support.DirtiesContextTestExecutionListener@28cd2c2, org.springframework.test.context.transaction.TransactionalTestExecutionListener@8e25d3f, org.springframework.test.context.jdbc.SqlScriptsTestExecutionListener@18a096b5, org.springframework.security.test.context.support.WithSecurityContextTestExecutionListener@79b18230, org.springframework.test.context.event.EventPublishingTestExecutionListener@1d4f5506, org.springframework.security.test.context.support.ReactorContextTestExecutionListener@7dee835, org.springframework.boot.test.autoconfigure.restdocs.RestDocsTestExecutionListener@1b57c345, org.springframework.boot.test.autoconfigure.web.client.MockRestServiceServerResetTestExecutionListener@6e02721d, org.springframework.boot.test.autoconfigure.web.servlet.MockMvcPrintOnlyOnFailureTestExecutionListener@902fdbe, org.springframework.boot.test.autoconfigure.web.servlet.WebDriverTestExecutionListener@796d33eb, org.springframework.boot.test.autoconfigure.webservices.client.MockWebServiceServerTestExecutionListener@5c059a68, org.springframework.boot.test.mock.mockito.ResetMocksTestExecutionListener@21ea996f]
13:52:03.860 [Test worker] DEBUG org.springframework.test.context.support.AbstractDirtiesContextTestExecutionListener - Before test class: context [DefaultTestContext@198536f6 testClass = CandidateControllerTest, testInstance = [null], testMethod = [null], testException = [null], mergedContextConfiguration = [WebMergedContextConfiguration@7fdd43cd testClass = CandidateControllerTest, locations = '{}', classes = '{class com.sprint.naukri.NaukriApplication}', contextInitializerClasses = '[]', activeProfiles = '{}', propertySourceLocations = '{}', propertySourceProperties = '{org.springframework.boot.test.context.SpringBootTestContextBootstrapper=true}', contextCustomizers = set[org.springframework.boot.test.autoconfigure.actuate.metrics.MetricsExportContextCustomizerFactory$DisableMetricExportContextCustomizer@4437ac07, org.springframework.boot.test.autoconfigure.properties.PropertyMappingContextCustomizer@0, org.springframework.boot.test.autoconfigure.web.servlet.WebDriverContextCustomizerFactory$Customizer@75181b50, org.springframework.boot.test.context.filter.ExcludeFilterContextCustomizer@6325f352, org.springframework.boot.test.json.DuplicateJsonObjectContextCustomizerFactory$DuplicateJsonObjectContextCustomizer@19a64eae, org.springframework.boot.test.mock.mockito.MockitoContextCustomizer@0, org.springframework.boot.test.web.client.TestRestTemplateContextCustomizer@23f86d8a, org.springframework.boot.test.context.SpringBootTestArgs@1, org.springframework.boot.test.context.SpringBootTestWebEnvironment@4ee33af7], resourceBasePath = 'src/main/webapp', contextLoader = 'org.springframework.boot.test.context.SpringBootContextLoader', parent = [null]], attributes = map['org.springframework.test.context.web.ServletTestExecutionListener.activateListener' -> true]], class annotated with @DirtiesContext [false] with mode [null].

  .   ____          _            __ _ _
 /\\ / ___'_ __ _ _(_)_ __  __ _ \ \ \ \
( ( )\___ | '_ | '_| | '_ \/ _` | \ \ \ \
 \\/  ___)| |_)| | | | | || (_| |  ) ) ) )
  '  |____| .__|_| |_|_| |_\__, | / / / /
 =========|_|==============|___/=/_/_/_/
 :: Spring Boot ::               (v2.6.12)

2022-11-10 13:52:04.402  INFO 20648 --- [    Test worker] c.sprint.naukri.CandidateControllerTest  : Starting CandidateControllerTest using Java 17.0.4.1 on Yash with PID 20648 (started by yashs in D:\Java practice\SpringBoot\final\naukri)
2022-11-10 13:52:04.405  INFO 20648 --- [    Test worker] c.sprint.naukri.CandidateControllerTest  : No active profile set, falling back to 1 default profile: "default"
2022-11-10 13:52:05.395  INFO 20648 --- [    Test worker] .s.d.r.c.RepositoryConfigurationDelegate : Bootstrapping Spring Data JPA repositories in DEFAULT mode.
2022-11-10 13:52:05.488  INFO 20648 --- [    Test worker] .s.d.r.c.RepositoryConfigurationDelegate : Finished Spring Data repository scanning in 81 ms. Found 6 JPA repository interfaces.
2022-11-10 13:52:06.926  INFO 20648 --- [    Test worker] o.hibernate.jpa.internal.util.LogHelper  : HHH000204: Processing PersistenceUnitInfo [name: default]
2022-11-10 13:52:07.019  INFO 20648 --- [    Test worker] org.hibernate.Version                    : HHH000412: Hibernate ORM core version 5.6.11.Final
2022-11-10 13:52:07.292  INFO 20648 --- [    Test worker] o.hibernate.annotations.common.Version   : HCANN000001: Hibernate Commons Annotations {5.1.2.Final}
2022-11-10 13:52:07.472  INFO 20648 --- [    Test worker] com.zaxxer.hikari.HikariDataSource       : HikariPool-1 - Starting...
2022-11-10 13:52:07.773  INFO 20648 --- [    Test worker] com.zaxxer.hikari.HikariDataSource       : HikariPool-1 - Start completed.
2022-11-10 13:52:07.809  INFO 20648 --- [    Test worker] org.hibernate.dialect.Dialect            : HHH000400: Using dialect: org.hibernate.dialect.PostgreSQLDialect
2022-11-10 13:52:09.286  INFO 20648 --- [    Test worker] o.h.e.t.j.p.i.JtaPlatformInitiator       : HHH000490: Using JtaPlatform implementation: [org.hibernate.engine.transaction.jta.platform.internal.NoJtaPlatform]
2022-11-10 13:52:09.297  INFO 20648 --- [    Test worker] j.LocalContainerEntityManagerFactoryBean : Initialized JPA EntityManagerFactory for persistence unit 'default'
2022-11-10 13:52:10.281  WARN 20648 --- [    Test worker] JpaBaseConfiguration$JpaWebConfiguration : spring.jpa.open-in-view is enabled by default. Therefore, database queries may be performed during view rendering. Explicitly configure spring.jpa.open-in-view to disable this warning
2022-11-10 13:52:12.422  INFO 20648 --- [    Test worker] o.s.s.web.DefaultSecurityFilterChain     : Will secure any request with [org.springframework.security.web.context.request.async.WebAsyncManagerIntegrationFilter@46e8cdac, org.springframework.security.web.context.SecurityContextPersistenceFilter@3a6a0909, org.springframework.security.web.header.HeaderWriterFilter@6e7e60bb, org.springframework.security.web.authentication.logout.LogoutFilter@79a81a4f, com.helper.JwtFilter@662468cb, org.springframework.security.web.savedrequest.RequestCacheAwareFilter@4227a705, org.springframework.security.web.servletapi.SecurityContextHolderAwareRequestFilter@27cd312c, org.springframework.security.web.authentication.AnonymousAuthenticationFilter@2e6a6742, org.springframework.security.web.session.SessionManagementFilter@2c09eeea, org.springframework.security.web.access.ExceptionTranslationFilter@6e858079, org.springframework.security.web.access.intercept.FilterSecurityInterceptor@721a22c]
2022-11-10 13:52:16.767  INFO 20648 --- [    Test worker] c.sprint.naukri.CandidateControllerTest  : Started CandidateControllerTest in 12.832 seconds (JVM running for 15.363)
]]></system-out>
  <system-err><![CDATA[]]></system-err>
</testsuite>
